#
# There is insufficient memory for the Java Runtime Environment to continue.
# Native memory allocation (malloc) failed to allocate 1323536 bytes for Chunk::new
# Possible reasons:
#   The system is out of physical RAM or swap space
#   The process is running with CompressedOops enabled, and the Java Heap may be blocking the growth of the native heap
# Possible solutions:
#   Reduce memory load on the system
#   Increase physical memory or swap space
#   Check if swap backing store is full
#   Decrease Java heap size (-Xmx/-Xms)
#   Decrease number of Java threads
#   Decrease Java thread stack sizes (-Xss)
#   Set larger code cache with -XX:ReservedCodeCacheSize=
#   JVM is running with Unscaled Compressed Oops mode in which the Java heap is
#     placed in the first 4GB address space. The Java Heap base address is the
#     maximum limit for the native heap growth. Please use -XX:HeapBaseMinAddress
#     to set the Java Heap base and to place the Java Heap above 4GB virtual address.
# This output file may be truncated or incomplete.
#
#  Out of Memory Error (./src/hotspot/share/memory/arena.cpp:197), pid=21356, tid=3824
#
# JRE version: OpenJDK Runtime Environment (11.0.11+9) (build 11.0.11+9-b60-7590822)
# Java VM: OpenJDK 64-Bit Server VM (11.0.11+9-b60-7590822, mixed mode, tiered, compressed oops, g1 gc, windows-amd64)
# No core dump will be written. Minidumps are not enabled by default on client versions of Windows
#

---------------  S U M M A R Y ------------

Command Line: --add-opens=java.base/java.util=ALL-UNNAMED --add-opens=java.base/java.lang=ALL-UNNAMED --add-opens=java.base/java.lang.invoke=ALL-UNNAMED --add-opens=java.base/java.util=ALL-UNNAMED --add-opens=java.prefs/java.util.prefs=ALL-UNNAMED --add-opens=java.prefs/java.util.prefs=ALL-UNNAMED --add-opens=java.base/java.nio.charset=ALL-UNNAMED --add-opens=java.base/java.net=ALL-UNNAMED --add-opens=java.base/java.util.concurrent.atomic=ALL-UNNAMED -Xmx2048m -Dfile.encoding=UTF-8 -Duser.country=US -Duser.language=en -Duser.variant org.gradle.launcher.daemon.bootstrap.GradleDaemon 7.2

Host: Intel(R) Core(TM) i7-4500U CPU @ 1.80GHz, 4 cores, 11G,  Windows 10 , 64 bit Build 19041 (10.0.19041.1466)
Time: Wed Feb 23 18:57:27 2022 Iran Standard Time elapsed time: 5.740817 seconds (0d 0h 0m 5s)

---------------  T H R E A D  ---------------

Current thread (0x000002d27c506000):  JavaThread "C2 CompilerThread0" daemon [_thread_in_native, id=3824, stack(0x000000f60cd00000,0x000000f60ce00000)]


Current CompileTask:
C2:   5740 2496       4       java.net.URLClassLoader$1::run (5 bytes)

Stack: [0x000000f60cd00000,0x000000f60ce00000]
Native frames: (J=compiled Java code, j=interpreted, Vv=VM code, C=native code)
V  [jvm.dll+0x5f214a]
V  [jvm.dll+0x726fb5]
V  [jvm.dll+0x7285cd]
V  [jvm.dll+0x728c83]
V  [jvm.dll+0x243278]
V  [jvm.dll+0xbc53c]
V  [jvm.dll+0xbca3c]
V  [jvm.dll+0x353e3b]
V  [jvm.dll+0x19875c]
V  [jvm.dll+0x1fc2ee]
V  [jvm.dll+0x1fb3d4]
V  [jvm.dll+0x183d6c]
V  [jvm.dll+0x209a57]
V  [jvm.dll+0x2082a1]
V  [jvm.dll+0x6ef58f]
V  [jvm.dll+0x6e80b5]
V  [jvm.dll+0x5f1036]
C  [ucrtbase.dll+0x21bb2]
C  [KERNEL32.DLL+0x17034]
C  [ntdll.dll+0x52651]


---------------  P R O C E S S  ---------------

Threads class SMR info:
_java_thread_list=0x000002d27e67e6b0, length=32, elements={
0x000002d262084800, 0x000002d27bc95000, 0x000002d27bca5800, 0x000002d27c500800,
0x000002d27c502800, 0x000002d27c504800, 0x000002d27c506000, 0x000002d27c50b000,
0x000002d27c512800, 0x000002d27c669000, 0x000002d27e153000, 0x000002d27d26a800,
0x000002d27e0e9800, 0x000002d27d9db800, 0x000002d27dcfa800, 0x000002d27e5b9000,
0x000002d27e522800, 0x000002d27e39f000, 0x000002d27e39a000, 0x000002d27dab1800,
0x000002d27dab3000, 0x000002d27dab0800, 0x000002d27dab2000, 0x000002d27ed90800,
0x000002d27ed8a800, 0x000002d27ed8e800, 0x000002d27ed8f800, 0x000002d27ed8c000,
0x000002d27ed91000, 0x000002d27ed8b800, 0x000002d27ed8d000, 0x000002d27ed92000
}

Java Threads: ( => current thread )
  0x000002d262084800 JavaThread "main" [_thread_blocked, id=22100, stack(0x000000f60c100000,0x000000f60c200000)]
  0x000002d27bc95000 JavaThread "Reference Handler" daemon [_thread_blocked, id=9968, stack(0x000000f60c800000,0x000000f60c900000)]
  0x000002d27bca5800 JavaThread "Finalizer" daemon [_thread_blocked, id=8944, stack(0x000000f60c900000,0x000000f60ca00000)]
  0x000002d27c500800 JavaThread "Signal Dispatcher" daemon [_thread_blocked, id=18472, stack(0x000000f60ca00000,0x000000f60cb00000)]
  0x000002d27c502800 JavaThread "Attach Listener" daemon [_thread_blocked, id=21420, stack(0x000000f60cb00000,0x000000f60cc00000)]
  0x000002d27c504800 JavaThread "Service Thread" daemon [_thread_blocked, id=4988, stack(0x000000f60cc00000,0x000000f60cd00000)]
=>0x000002d27c506000 JavaThread "C2 CompilerThread0" daemon [_thread_in_native, id=3824, stack(0x000000f60cd00000,0x000000f60ce00000)]
  0x000002d27c50b000 JavaThread "C1 CompilerThread0" daemon [_thread_blocked, id=20860, stack(0x000000f60ce00000,0x000000f60cf00000)]
  0x000002d27c512800 JavaThread "Sweeper thread" daemon [_thread_blocked, id=15312, stack(0x000000f60cf00000,0x000000f60d000000)]
  0x000002d27c669000 JavaThread "Common-Cleaner" daemon [_thread_blocked, id=19368, stack(0x000000f60d000000,0x000000f60d100000)]
  0x000002d27e153000 JavaThread "Daemon health stats" [_thread_blocked, id=20708, stack(0x000000f60d500000,0x000000f60d600000)]
  0x000002d27d26a800 JavaThread "Incoming local TCP Connector on port 63744" [_thread_in_native, id=21624, stack(0x000000f60d600000,0x000000f60d700000)]
  0x000002d27e0e9800 JavaThread "Daemon" [_thread_blocked, id=16048, stack(0x000000f60d700000,0x000000f60d800000)]
  0x000002d27d9db800 JavaThread "Daemon periodic checks" [_thread_blocked, id=21288, stack(0x000000f60d800000,0x000000f60d900000)]
  0x000002d27dcfa800 JavaThread "Handler for socket connection from /127.0.0.1:63744 to /127.0.0.1:63745" [_thread_in_native, id=21972, stack(0x000000f60d900000,0x000000f60da00000)]
  0x000002d27e5b9000 JavaThread "Cancel handler" [_thread_blocked, id=21616, stack(0x000000f60da00000,0x000000f60db00000)]
  0x000002d27e522800 JavaThread "Daemon worker" [_thread_in_vm, id=21076, stack(0x000000f60db00000,0x000000f60dc00000)]
  0x000002d27e39f000 JavaThread "Asynchronous log dispatcher for DefaultDaemonConnection: socket connection from /127.0.0.1:63744 to /127.0.0.1:63745" [_thread_blocked, id=21728, stack(0x000000f60dc00000,0x000000f60dd00000)]
  0x000002d27e39a000 JavaThread "Stdin handler" [_thread_blocked, id=20884, stack(0x000000f60dd00000,0x000000f60de00000)]
  0x000002d27dab1800 JavaThread "Daemon client event forwarder" [_thread_blocked, id=21748, stack(0x000000f60de00000,0x000000f60df00000)]
  0x000002d27dab3000 JavaThread "Cache worker for journal cache (C:\Users\hamed\.gradle\caches\journal-1)" [_thread_blocked, id=8556, stack(0x000000f60df00000,0x000000f60e000000)]
  0x000002d27dab0800 JavaThread "File lock request listener" [_thread_in_native, id=22488, stack(0x000000f60e000000,0x000000f60e100000)]
  0x000002d27dab2000 JavaThread "Cache worker for file hash cache (C:\Users\hamed\.gradle\caches\7.2\fileHashes)" [_thread_blocked, id=18508, stack(0x000000f60e100000,0x000000f60e200000)]
  0x000002d27ed90800 JavaThread "Cache worker for file hash cache (C:\Users\hamed\Documents\Projects\android_projects\0TVApps\1LibProjects\TvMaterialDrawer\.gradle\7.2\fileHashes)" [_thread_blocked, id=19560, stack(0x000000f60e200000,0x000000f60e300000)]
  0x000002d27ed8a800 JavaThread "File watcher server" daemon [_thread_in_native, id=8848, stack(0x000000f60e300000,0x000000f60e400000)]
  0x000002d27ed8e800 JavaThread "File watcher consumer" daemon [_thread_blocked, id=22012, stack(0x000000f60e400000,0x000000f60e500000)]
  0x000002d27ed8f800 JavaThread "jar transforms" [_thread_blocked, id=22236, stack(0x000000f60e500000,0x000000f60e600000)]
  0x000002d27ed8c000 JavaThread "jar transforms Thread 2" [_thread_blocked, id=6644, stack(0x000000f60e600000,0x000000f60e700000)]
  0x000002d27ed91000 JavaThread "jar transforms Thread 3" [_thread_blocked, id=21968, stack(0x000000f60e700000,0x000000f60e800000)]
  0x000002d27ed8b800 JavaThread "jar transforms Thread 4" [_thread_blocked, id=388, stack(0x000000f60e800000,0x000000f60e900000)]
  0x000002d27ed8d000 JavaThread "Cache worker for checksums cache (C:\Users\hamed\Documents\Projects\android_projects\0TVApps\1LibProjects\TvMaterialDrawer\.gradle\checksums)" [_thread_blocked, id=10700, stack(0x000000f60e900000,0x000000f60ea00000)]
  0x000002d27ed92000 JavaThread "Cache worker for cache directory md-supplier (C:\Users\hamed\.gradle\caches\7.2\md-supplier)" [_thread_blocked, id=22172, stack(0x000000f60ea00000,0x000000f60eb00000)]

Other Threads:
  0x000002d27c4b1800 VMThread "VM Thread" [stack: 0x000000f60c700000,0x000000f60c800000] [id=5648]
  0x000002d27c69d800 WatcherThread [stack: 0x000000f60d100000,0x000000f60d200000] [id=8524]
  0x000002d25ff3d000 GCTaskThread "GC Thread#0" [stack: 0x000000f60c200000,0x000000f60c300000] [id=17432]
  0x000002d27d0e3000 GCTaskThread "GC Thread#1" [stack: 0x000000f60d200000,0x000000f60d300000] [id=21520]
  0x000002d27c81b800 GCTaskThread "GC Thread#2" [stack: 0x000000f60d300000,0x000000f60d400000] [id=20640]
  0x000002d27ca67800 GCTaskThread "GC Thread#3" [stack: 0x000000f60d400000,0x000000f60d500000] [id=21180]
  0x000002d2620c8800 ConcurrentGCThread "G1 Main Marker" [stack: 0x000000f60c300000,0x000000f60c400000] [id=22092]
  0x000002d2620c9800 ConcurrentGCThread "G1 Conc#0" [stack: 0x000000f60c400000,0x000000f60c500000] [id=22088]
  0x000002d27bade800 ConcurrentGCThread "G1 Refine#0" [stack: 0x000000f60c500000,0x000000f60c600000] [id=22080]
  0x000002d27badf000 ConcurrentGCThread "G1 Young RemSet Sampling" [stack: 0x000000f60c600000,0x000000f60c700000] [id=22484]

Threads with active compile tasks:
C2 CompilerThread0   5777 2496       4       java.net.URLClassLoader$1::run (5 bytes)
C1 CompilerThread0   5778 2626       3       org.objectweb.asm.SymbolTable::addConstantNameAndType (137 bytes)

VM state:not at safepoint (normal execution)

VM Mutex/Monitor currently owned by a thread: None

Heap address: 0x0000000080000000, size: 2048 MB, Compressed Oops mode: 32-bit
Narrow klass base: 0x0000000000000000, Narrow klass shift: 3
Compressed class space size: 1073741824 Address: 0x0000000100000000

Heap:
 garbage-first heap   total 196608K, used 70801K [0x0000000080000000, 0x0000000100000000)
  region size 1024K, 46 young (47104K), 3 survivors (3072K)
 Metaspace       used 29321K, capacity 30138K, committed 30256K, reserved 1075200K
  class space    used 3889K, capacity 4172K, committed 4224K, reserved 1048576K
Heap Regions: E=young(eden), S=young(survivor), O=old, HS=humongous(starts), HC=humongous(continues), CS=collection set, F=free, A=archive, TAMS=top-at-mark-start (previous, next)
|   0|0x0000000080000000, 0x0000000080100000, 0x0000000080100000|100%| O|  |TAMS 0x0000000080100000, 0x0000000080000000| Untracked 
|   1|0x0000000080100000, 0x0000000080200000, 0x0000000080200000|100%| O|  |TAMS 0x0000000080200000, 0x0000000080100000| Untracked 
|   2|0x0000000080200000, 0x0000000080300000, 0x0000000080300000|100%| O|  |TAMS 0x0000000080300000, 0x0000000080200000| Untracked 
|   3|0x0000000080300000, 0x0000000080400000, 0x0000000080400000|100%|HS|  |TAMS 0x0000000080400000, 0x0000000080300000| Complete 
|   4|0x0000000080400000, 0x0000000080500000, 0x0000000080500000|100%|HC|  |TAMS 0x0000000080500000, 0x0000000080400000| Complete 
|   5|0x0000000080500000, 0x0000000080600000, 0x0000000080600000|100%|HC|  |TAMS 0x0000000080600000, 0x0000000080500000| Complete 
|   6|0x0000000080600000, 0x0000000080700000, 0x0000000080700000|100%| O|  |TAMS 0x0000000080700000, 0x0000000080600000| Untracked 
|   7|0x0000000080700000, 0x0000000080800000, 0x0000000080800000|100%| O|  |TAMS 0x0000000080800000, 0x0000000080700000| Untracked 
|   8|0x0000000080800000, 0x0000000080900000, 0x0000000080900000|100%| O|  |TAMS 0x0000000080900000, 0x0000000080800000| Untracked 
|   9|0x0000000080900000, 0x0000000080a00000, 0x0000000080a00000|100%| O|  |TAMS 0x0000000080a00000, 0x0000000080900000| Untracked 
|  10|0x0000000080a00000, 0x0000000080b00000, 0x0000000080b00000|100%| O|  |TAMS 0x0000000080b00000, 0x0000000080a00000| Untracked 
|  11|0x0000000080b00000, 0x0000000080c00000, 0x0000000080c00000|100%| O|  |TAMS 0x0000000080c00000, 0x0000000080b00000| Untracked 
|  12|0x0000000080c00000, 0x0000000080d00000, 0x0000000080d00000|100%| O|  |TAMS 0x0000000080c51a00, 0x0000000080c00000| Untracked 
|  13|0x0000000080d00000, 0x0000000080e00000, 0x0000000080e00000|100%| O|  |TAMS 0x0000000080d00000, 0x0000000080d00000| Untracked 
|  14|0x0000000080e00000, 0x0000000080f00000, 0x0000000080f00000|100%| O|  |TAMS 0x0000000080e00000, 0x0000000080e00000| Untracked 
|  15|0x0000000080f00000, 0x0000000081000000, 0x0000000081000000|100%| O|  |TAMS 0x0000000080f00000, 0x0000000080f00000| Untracked 
|  16|0x0000000081000000, 0x000000008105a400, 0x0000000081100000| 35%| O|  |TAMS 0x0000000081000000, 0x0000000081000000| Untracked 
|  17|0x0000000081100000, 0x0000000081200000, 0x0000000081200000|100%|HS|  |TAMS 0x0000000081100000, 0x0000000081100000| Complete 
|  18|0x0000000081200000, 0x0000000081300000, 0x0000000081300000|100%|HC|  |TAMS 0x0000000081200000, 0x0000000081200000| Complete 
|  19|0x0000000081300000, 0x0000000081400000, 0x0000000081400000|100%|HS|  |TAMS 0x0000000081300000, 0x0000000081300000| Complete 
|  20|0x0000000081400000, 0x0000000081500000, 0x0000000081500000|100%|HC|  |TAMS 0x0000000081400000, 0x0000000081400000| Complete 
|  21|0x0000000081500000, 0x0000000081600000, 0x0000000081600000|100%|HC|  |TAMS 0x0000000081500000, 0x0000000081500000| Complete 
|  22|0x0000000081600000, 0x0000000081700000, 0x0000000081700000|100%|HS|  |TAMS 0x0000000081600000, 0x0000000081600000| Complete 
|  23|0x0000000081700000, 0x0000000081800000, 0x0000000081800000|100%|HC|  |TAMS 0x0000000081700000, 0x0000000081700000| Complete 
|  24|0x0000000081800000, 0x0000000081900000, 0x0000000081900000|100%|HC|  |TAMS 0x0000000081800000, 0x0000000081800000| Complete 
|  25|0x0000000081900000, 0x0000000081a00000, 0x0000000081a00000|100%|HC|  |TAMS 0x0000000081900000, 0x0000000081900000| Complete 
|  26|0x0000000081a00000, 0x0000000081a00000, 0x0000000081b00000|  0%| F|  |TAMS 0x0000000081a00000, 0x0000000081a00000| Untracked 
|  27|0x0000000081b00000, 0x0000000081b00000, 0x0000000081c00000|  0%| F|  |TAMS 0x0000000081b00000, 0x0000000081b00000| Untracked 
|  28|0x0000000081c00000, 0x0000000081c00000, 0x0000000081d00000|  0%| F|  |TAMS 0x0000000081c00000, 0x0000000081c00000| Untracked 
|  29|0x0000000081d00000, 0x0000000081d00000, 0x0000000081e00000|  0%| F|  |TAMS 0x0000000081d00000, 0x0000000081d00000| Untracked 
|  30|0x0000000081e00000, 0x0000000081e00000, 0x0000000081f00000|  0%| F|  |TAMS 0x0000000081e00000, 0x0000000081e00000| Untracked 
|  31|0x0000000081f00000, 0x0000000081f00000, 0x0000000082000000|  0%| F|  |TAMS 0x0000000081f00000, 0x0000000081f00000| Untracked 
|  32|0x0000000082000000, 0x0000000082000000, 0x0000000082100000|  0%| F|  |TAMS 0x0000000082000000, 0x0000000082000000| Untracked 
|  33|0x0000000082100000, 0x0000000082100000, 0x0000000082200000|  0%| F|  |TAMS 0x0000000082100000, 0x0000000082100000| Untracked 
|  34|0x0000000082200000, 0x0000000082200000, 0x0000000082300000|  0%| F|  |TAMS 0x0000000082200000, 0x0000000082200000| Untracked 
|  35|0x0000000082300000, 0x0000000082300000, 0x0000000082400000|  0%| F|  |TAMS 0x0000000082300000, 0x0000000082300000| Untracked 
|  36|0x0000000082400000, 0x0000000082400000, 0x0000000082500000|  0%| F|  |TAMS 0x0000000082400000, 0x0000000082400000| Untracked 
|  37|0x0000000082500000, 0x0000000082500000, 0x0000000082600000|  0%| F|  |TAMS 0x0000000082500000, 0x0000000082500000| Untracked 
|  38|0x0000000082600000, 0x0000000082600000, 0x0000000082700000|  0%| F|  |TAMS 0x0000000082600000, 0x0000000082600000| Untracked 
|  39|0x0000000082700000, 0x0000000082700000, 0x0000000082800000|  0%| F|  |TAMS 0x0000000082700000, 0x0000000082700000| Untracked 
|  40|0x0000000082800000, 0x0000000082800000, 0x0000000082900000|  0%| F|  |TAMS 0x0000000082800000, 0x0000000082800000| Untracked 
|  41|0x0000000082900000, 0x0000000082900000, 0x0000000082a00000|  0%| F|  |TAMS 0x0000000082900000, 0x0000000082900000| Untracked 
|  42|0x0000000082a00000, 0x0000000082a00000, 0x0000000082b00000|  0%| F|  |TAMS 0x0000000082a00000, 0x0000000082a00000| Untracked 
|  43|0x0000000082b00000, 0x0000000082b00000, 0x0000000082c00000|  0%| F|  |TAMS 0x0000000082b00000, 0x0000000082b00000| Untracked 
|  44|0x0000000082c00000, 0x0000000082c00000, 0x0000000082d00000|  0%| F|  |TAMS 0x0000000082c00000, 0x0000000082c00000| Untracked 
|  45|0x0000000082d00000, 0x0000000082d00000, 0x0000000082e00000|  0%| F|  |TAMS 0x0000000082d00000, 0x0000000082d00000| Untracked 
|  46|0x0000000082e00000, 0x0000000082e00000, 0x0000000082f00000|  0%| F|  |TAMS 0x0000000082e00000, 0x0000000082e00000| Untracked 
|  47|0x0000000082f00000, 0x0000000082f00000, 0x0000000083000000|  0%| F|  |TAMS 0x0000000082f00000, 0x0000000082f00000| Untracked 
|  48|0x0000000083000000, 0x0000000083000000, 0x0000000083100000|  0%| F|  |TAMS 0x0000000083000000, 0x0000000083000000| Untracked 
|  49|0x0000000083100000, 0x0000000083100000, 0x0000000083200000|  0%| F|  |TAMS 0x0000000083100000, 0x0000000083100000| Untracked 
|  50|0x0000000083200000, 0x0000000083200000, 0x0000000083300000|  0%| F|  |TAMS 0x0000000083200000, 0x0000000083200000| Untracked 
|  51|0x0000000083300000, 0x0000000083300000, 0x0000000083400000|  0%| F|  |TAMS 0x0000000083300000, 0x0000000083300000| Untracked 
|  52|0x0000000083400000, 0x0000000083400000, 0x0000000083500000|  0%| F|  |TAMS 0x0000000083400000, 0x0000000083400000| Untracked 
|  53|0x0000000083500000, 0x0000000083500000, 0x0000000083600000|  0%| F|  |TAMS 0x0000000083500000, 0x0000000083500000| Untracked 
|  54|0x0000000083600000, 0x0000000083600000, 0x0000000083700000|  0%| F|  |TAMS 0x0000000083600000, 0x0000000083600000| Untracked 
|  55|0x0000000083700000, 0x0000000083700000, 0x0000000083800000|  0%| F|  |TAMS 0x0000000083700000, 0x0000000083700000| Untracked 
|  56|0x0000000083800000, 0x0000000083800000, 0x0000000083900000|  0%| F|  |TAMS 0x0000000083800000, 0x0000000083800000| Untracked 
|  57|0x0000000083900000, 0x0000000083900000, 0x0000000083a00000|  0%| F|  |TAMS 0x0000000083900000, 0x0000000083900000| Untracked 
|  58|0x0000000083a00000, 0x0000000083a00000, 0x0000000083b00000|  0%| F|  |TAMS 0x0000000083a00000, 0x0000000083a00000| Untracked 
|  59|0x0000000083b00000, 0x0000000083b00000, 0x0000000083c00000|  0%| F|  |TAMS 0x0000000083b00000, 0x0000000083b00000| Untracked 
|  60|0x0000000083c00000, 0x0000000083c00000, 0x0000000083d00000|  0%| F|  |TAMS 0x0000000083c00000, 0x0000000083c00000| Untracked 
|  61|0x0000000083d00000, 0x0000000083d00000, 0x0000000083e00000|  0%| F|  |TAMS 0x0000000083d00000, 0x0000000083d00000| Untracked 
|  62|0x0000000083e00000, 0x0000000083e00000, 0x0000000083f00000|  0%| F|  |TAMS 0x0000000083e00000, 0x0000000083e00000| Untracked 
|  63|0x0000000083f00000, 0x0000000083f00000, 0x0000000084000000|  0%| F|  |TAMS 0x0000000083f00000, 0x0000000083f00000| Untracked 
|  64|0x0000000084000000, 0x0000000084000000, 0x0000000084100000|  0%| F|  |TAMS 0x0000000084000000, 0x0000000084000000| Untracked 
|  65|0x0000000084100000, 0x0000000084100000, 0x0000000084200000|  0%| F|  |TAMS 0x0000000084100000, 0x0000000084100000| Untracked 
|  66|0x0000000084200000, 0x0000000084200000, 0x0000000084300000|  0%| F|  |TAMS 0x0000000084200000, 0x0000000084200000| Untracked 
|  67|0x0000000084300000, 0x0000000084300000, 0x0000000084400000|  0%| F|  |TAMS 0x0000000084300000, 0x0000000084300000| Untracked 
|  68|0x0000000084400000, 0x0000000084400000, 0x0000000084500000|  0%| F|  |TAMS 0x0000000084400000, 0x0000000084400000| Untracked 
|  69|0x0000000084500000, 0x0000000084500000, 0x0000000084600000|  0%| F|  |TAMS 0x0000000084500000, 0x0000000084500000| Untracked 
|  70|0x0000000084600000, 0x0000000084600000, 0x0000000084700000|  0%| F|  |TAMS 0x0000000084600000, 0x0000000084600000| Untracked 
|  71|0x0000000084700000, 0x0000000084700000, 0x0000000084800000|  0%| F|  |TAMS 0x0000000084700000, 0x0000000084700000| Untracked 
|  72|0x0000000084800000, 0x0000000084800000, 0x0000000084900000|  0%| F|  |TAMS 0x0000000084800000, 0x0000000084800000| Untracked 
|  73|0x0000000084900000, 0x0000000084900000, 0x0000000084a00000|  0%| F|  |TAMS 0x0000000084900000, 0x0000000084900000| Untracked 
|  74|0x0000000084a00000, 0x0000000084a00000, 0x0000000084b00000|  0%| F|  |TAMS 0x0000000084a00000, 0x0000000084a00000| Untracked 
|  75|0x0000000084b00000, 0x0000000084b00000, 0x0000000084c00000|  0%| F|  |TAMS 0x0000000084b00000, 0x0000000084b00000| Untracked 
|  76|0x0000000084c00000, 0x0000000084c00000, 0x0000000084d00000|  0%| F|  |TAMS 0x0000000084c00000, 0x0000000084c00000| Untracked 
|  77|0x0000000084d00000, 0x0000000084d00000, 0x0000000084e00000|  0%| F|  |TAMS 0x0000000084d00000, 0x0000000084d00000| Untracked 
|  78|0x0000000084e00000, 0x0000000084e00000, 0x0000000084f00000|  0%| F|  |TAMS 0x0000000084e00000, 0x0000000084e00000| Untracked 
|  79|0x0000000084f00000, 0x0000000084f00000, 0x0000000085000000|  0%| F|  |TAMS 0x0000000084f00000, 0x0000000084f00000| Untracked 
|  80|0x0000000085000000, 0x0000000085000000, 0x0000000085100000|  0%| F|  |TAMS 0x0000000085000000, 0x0000000085000000| Untracked 
|  81|0x0000000085100000, 0x0000000085100000, 0x0000000085200000|  0%| F|  |TAMS 0x0000000085100000, 0x0000000085100000| Untracked 
|  82|0x0000000085200000, 0x0000000085200000, 0x0000000085300000|  0%| F|  |TAMS 0x0000000085200000, 0x0000000085200000| Untracked 
|  83|0x0000000085300000, 0x0000000085300000, 0x0000000085400000|  0%| F|  |TAMS 0x0000000085300000, 0x0000000085300000| Untracked 
|  84|0x0000000085400000, 0x0000000085400000, 0x0000000085500000|  0%| F|  |TAMS 0x0000000085400000, 0x0000000085400000| Untracked 
|  85|0x0000000085500000, 0x0000000085500000, 0x0000000085600000|  0%| F|  |TAMS 0x0000000085500000, 0x0000000085500000| Untracked 
|  86|0x0000000085600000, 0x0000000085600000, 0x0000000085700000|  0%| F|  |TAMS 0x0000000085600000, 0x0000000085600000| Untracked 
|  87|0x0000000085700000, 0x0000000085700000, 0x0000000085800000|  0%| F|  |TAMS 0x0000000085700000, 0x0000000085700000| Untracked 
|  88|0x0000000085800000, 0x0000000085800000, 0x0000000085900000|  0%| F|  |TAMS 0x0000000085800000, 0x0000000085800000| Untracked 
|  89|0x0000000085900000, 0x0000000085900000, 0x0000000085a00000|  0%| F|  |TAMS 0x0000000085900000, 0x0000000085900000| Untracked 
|  90|0x0000000085a00000, 0x0000000085a00000, 0x0000000085b00000|  0%| F|  |TAMS 0x0000000085a00000, 0x0000000085a00000| Untracked 
|  91|0x0000000085b00000, 0x0000000085b00000, 0x0000000085c00000|  0%| F|  |TAMS 0x0000000085b00000, 0x0000000085b00000| Untracked 
|  92|0x0000000085c00000, 0x0000000085c00000, 0x0000000085d00000|  0%| F|  |TAMS 0x0000000085c00000, 0x0000000085c00000| Untracked 
|  93|0x0000000085d00000, 0x0000000085d00000, 0x0000000085e00000|  0%| F|  |TAMS 0x0000000085d00000, 0x0000000085d00000| Untracked 
|  94|0x0000000085e00000, 0x0000000085e00000, 0x0000000085f00000|  0%| F|  |TAMS 0x0000000085e00000, 0x0000000085e00000| Untracked 
|  95|0x0000000085f00000, 0x0000000085f00000, 0x0000000086000000|  0%| F|  |TAMS 0x0000000085f00000, 0x0000000085f00000| Untracked 
|  96|0x0000000086000000, 0x0000000086000000, 0x0000000086100000|  0%| F|  |TAMS 0x0000000086000000, 0x0000000086000000| Untracked 
|  97|0x0000000086100000, 0x0000000086100000, 0x0000000086200000|  0%| F|  |TAMS 0x0000000086100000, 0x0000000086100000| Untracked 
|  98|0x0000000086200000, 0x0000000086200000, 0x0000000086300000|  0%| F|  |TAMS 0x0000000086200000, 0x0000000086200000| Untracked 
|  99|0x0000000086300000, 0x0000000086300000, 0x0000000086400000|  0%| F|  |TAMS 0x0000000086300000, 0x0000000086300000| Untracked 
| 100|0x0000000086400000, 0x0000000086400000, 0x0000000086500000|  0%| F|  |TAMS 0x0000000086400000, 0x0000000086400000| Untracked 
| 101|0x0000000086500000, 0x0000000086500000, 0x0000000086600000|  0%| F|  |TAMS 0x0000000086500000, 0x0000000086500000| Untracked 
| 102|0x0000000086600000, 0x0000000086600000, 0x0000000086700000|  0%| F|  |TAMS 0x0000000086600000, 0x0000000086600000| Untracked 
| 103|0x0000000086700000, 0x0000000086700000, 0x0000000086800000|  0%| F|  |TAMS 0x0000000086700000, 0x0000000086700000| Untracked 
| 104|0x0000000086800000, 0x0000000086800000, 0x0000000086900000|  0%| F|  |TAMS 0x0000000086800000, 0x0000000086800000| Untracked 
| 105|0x0000000086900000, 0x0000000086900000, 0x0000000086a00000|  0%| F|  |TAMS 0x0000000086900000, 0x0000000086900000| Untracked 
| 106|0x0000000086a00000, 0x0000000086a00000, 0x0000000086b00000|  0%| F|  |TAMS 0x0000000086a00000, 0x0000000086a00000| Untracked 
| 107|0x0000000086b00000, 0x0000000086b00000, 0x0000000086c00000|  0%| F|  |TAMS 0x0000000086b00000, 0x0000000086b00000| Untracked 
| 108|0x0000000086c00000, 0x0000000086c00000, 0x0000000086d00000|  0%| F|  |TAMS 0x0000000086c00000, 0x0000000086c00000| Untracked 
| 109|0x0000000086d00000, 0x0000000086d00000, 0x0000000086e00000|  0%| F|  |TAMS 0x0000000086d00000, 0x0000000086d00000| Untracked 
| 110|0x0000000086e00000, 0x0000000086e00000, 0x0000000086f00000|  0%| F|  |TAMS 0x0000000086e00000, 0x0000000086e00000| Untracked 
| 111|0x0000000086f00000, 0x0000000086f00000, 0x0000000087000000|  0%| F|  |TAMS 0x0000000086f00000, 0x0000000086f00000| Untracked 
| 112|0x0000000087000000, 0x0000000087000000, 0x0000000087100000|  0%| F|  |TAMS 0x0000000087000000, 0x0000000087000000| Untracked 
| 113|0x0000000087100000, 0x0000000087100000, 0x0000000087200000|  0%| F|  |TAMS 0x0000000087100000, 0x0000000087100000| Untracked 
| 114|0x0000000087200000, 0x0000000087200000, 0x0000000087300000|  0%| F|  |TAMS 0x0000000087200000, 0x0000000087200000| Untracked 
| 115|0x0000000087300000, 0x0000000087300000, 0x0000000087400000|  0%| F|  |TAMS 0x0000000087300000, 0x0000000087300000| Untracked 
| 116|0x0000000087400000, 0x0000000087400000, 0x0000000087500000|  0%| F|  |TAMS 0x0000000087400000, 0x0000000087400000| Untracked 
| 117|0x0000000087500000, 0x0000000087500000, 0x0000000087600000|  0%| F|  |TAMS 0x0000000087500000, 0x0000000087500000| Untracked 
| 118|0x0000000087600000, 0x0000000087600000, 0x0000000087700000|  0%| F|  |TAMS 0x0000000087600000, 0x0000000087600000| Untracked 
| 119|0x0000000087700000, 0x0000000087700000, 0x0000000087800000|  0%| F|  |TAMS 0x0000000087700000, 0x0000000087700000| Untracked 
| 120|0x0000000087800000, 0x0000000087800000, 0x0000000087900000|  0%| F|  |TAMS 0x0000000087800000, 0x0000000087800000| Untracked 
| 121|0x0000000087900000, 0x0000000087900000, 0x0000000087a00000|  0%| F|  |TAMS 0x0000000087900000, 0x0000000087900000| Untracked 
| 122|0x0000000087a00000, 0x0000000087a00000, 0x0000000087b00000|  0%| F|  |TAMS 0x0000000087a00000, 0x0000000087a00000| Untracked 
| 123|0x0000000087b00000, 0x0000000087b00000, 0x0000000087c00000|  0%| F|  |TAMS 0x0000000087b00000, 0x0000000087b00000| Untracked 
| 124|0x0000000087c00000, 0x0000000087c00000, 0x0000000087d00000|  0%| F|  |TAMS 0x0000000087c00000, 0x0000000087c00000| Untracked 
| 125|0x0000000087d00000, 0x0000000087d00000, 0x0000000087e00000|  0%| F|  |TAMS 0x0000000087d00000, 0x0000000087d00000| Untracked 
| 126|0x0000000087e00000, 0x0000000087e00000, 0x0000000087f00000|  0%| F|  |TAMS 0x0000000087e00000, 0x0000000087e00000| Untracked 
| 127|0x0000000087f00000, 0x0000000087f00000, 0x0000000088000000|  0%| F|  |TAMS 0x0000000087f00000, 0x0000000087f00000| Untracked 
| 128|0x0000000088000000, 0x0000000088000000, 0x0000000088100000|  0%| F|  |TAMS 0x0000000088000000, 0x0000000088000000| Untracked 
| 129|0x0000000088100000, 0x0000000088100000, 0x0000000088200000|  0%| F|  |TAMS 0x0000000088100000, 0x0000000088100000| Untracked 
| 130|0x0000000088200000, 0x0000000088200000, 0x0000000088300000|  0%| F|  |TAMS 0x0000000088200000, 0x0000000088200000| Untracked 
| 131|0x0000000088300000, 0x0000000088300000, 0x0000000088400000|  0%| F|  |TAMS 0x0000000088300000, 0x0000000088300000| Untracked 
| 132|0x0000000088400000, 0x0000000088400000, 0x0000000088500000|  0%| F|  |TAMS 0x0000000088400000, 0x0000000088400000| Untracked 
| 133|0x0000000088500000, 0x0000000088500000, 0x0000000088600000|  0%| F|  |TAMS 0x0000000088500000, 0x0000000088500000| Untracked 
| 134|0x0000000088600000, 0x0000000088600000, 0x0000000088700000|  0%| F|  |TAMS 0x0000000088600000, 0x0000000088600000| Untracked 
| 135|0x0000000088700000, 0x00000000887ca198, 0x0000000088800000| 78%| S|CS|TAMS 0x0000000088700000, 0x0000000088700000| Complete 
| 136|0x0000000088800000, 0x0000000088900000, 0x0000000088900000|100%| S|CS|TAMS 0x0000000088800000, 0x0000000088800000| Complete 
| 137|0x0000000088900000, 0x0000000088a00000, 0x0000000088a00000|100%| S|CS|TAMS 0x0000000088900000, 0x0000000088900000| Complete 
| 138|0x0000000088a00000, 0x0000000088a00000, 0x0000000088b00000|  0%| F|  |TAMS 0x0000000088a00000, 0x0000000088a00000| Untracked 
| 139|0x0000000088b00000, 0x0000000088b00000, 0x0000000088c00000|  0%| F|  |TAMS 0x0000000088b00000, 0x0000000088b00000| Untracked 
| 140|0x0000000088c00000, 0x0000000088c00000, 0x0000000088d00000|  0%| F|  |TAMS 0x0000000088c00000, 0x0000000088c00000| Untracked 
| 141|0x0000000088d00000, 0x0000000088d00000, 0x0000000088e00000|  0%| F|  |TAMS 0x0000000088d00000, 0x0000000088d00000| Untracked 
| 142|0x0000000088e00000, 0x0000000088e00000, 0x0000000088f00000|  0%| F|  |TAMS 0x0000000088e00000, 0x0000000088e00000| Untracked 
| 143|0x0000000088f00000, 0x0000000088f00000, 0x0000000089000000|  0%| F|  |TAMS 0x0000000088f00000, 0x0000000088f00000| Untracked 
| 144|0x0000000089000000, 0x0000000089000000, 0x0000000089100000|  0%| F|  |TAMS 0x0000000089000000, 0x0000000089000000| Untracked 
| 145|0x0000000089100000, 0x0000000089100000, 0x0000000089200000|  0%| F|  |TAMS 0x0000000089100000, 0x0000000089100000| Untracked 
| 146|0x0000000089200000, 0x0000000089200000, 0x0000000089300000|  0%| F|  |TAMS 0x0000000089200000, 0x0000000089200000| Untracked 
| 147|0x0000000089300000, 0x0000000089300000, 0x0000000089400000|  0%| F|  |TAMS 0x0000000089300000, 0x0000000089300000| Untracked 
| 148|0x0000000089400000, 0x0000000089400000, 0x0000000089500000|  0%| F|  |TAMS 0x0000000089400000, 0x0000000089400000| Untracked 
| 149|0x0000000089500000, 0x0000000089580800, 0x0000000089600000| 50%| E|  |TAMS 0x0000000089500000, 0x0000000089500000| Complete 
| 150|0x0000000089600000, 0x0000000089700000, 0x0000000089700000|100%| E|CS|TAMS 0x0000000089600000, 0x0000000089600000| Complete 
| 151|0x0000000089700000, 0x0000000089800000, 0x0000000089800000|100%| E|CS|TAMS 0x0000000089700000, 0x0000000089700000| Complete 
| 152|0x0000000089800000, 0x0000000089900000, 0x0000000089900000|100%| E|CS|TAMS 0x0000000089800000, 0x0000000089800000| Complete 
| 153|0x0000000089900000, 0x0000000089a00000, 0x0000000089a00000|100%| E|CS|TAMS 0x0000000089900000, 0x0000000089900000| Complete 
| 154|0x0000000089a00000, 0x0000000089b00000, 0x0000000089b00000|100%| E|CS|TAMS 0x0000000089a00000, 0x0000000089a00000| Complete 
| 155|0x0000000089b00000, 0x0000000089c00000, 0x0000000089c00000|100%| E|CS|TAMS 0x0000000089b00000, 0x0000000089b00000| Complete 
| 156|0x0000000089c00000, 0x0000000089d00000, 0x0000000089d00000|100%| E|CS|TAMS 0x0000000089c00000, 0x0000000089c00000| Complete 
| 157|0x0000000089d00000, 0x0000000089e00000, 0x0000000089e00000|100%| E|CS|TAMS 0x0000000089d00000, 0x0000000089d00000| Complete 
| 158|0x0000000089e00000, 0x0000000089f00000, 0x0000000089f00000|100%| E|CS|TAMS 0x0000000089e00000, 0x0000000089e00000| Complete 
| 159|0x0000000089f00000, 0x000000008a000000, 0x000000008a000000|100%| E|CS|TAMS 0x0000000089f00000, 0x0000000089f00000| Complete 
| 160|0x000000008a000000, 0x000000008a100000, 0x000000008a100000|100%| E|CS|TAMS 0x000000008a000000, 0x000000008a000000| Complete 
| 161|0x000000008a100000, 0x000000008a200000, 0x000000008a200000|100%| E|CS|TAMS 0x000000008a100000, 0x000000008a100000| Complete 
| 162|0x000000008a200000, 0x000000008a300000, 0x000000008a300000|100%| E|CS|TAMS 0x000000008a200000, 0x000000008a200000| Complete 
| 163|0x000000008a300000, 0x000000008a400000, 0x000000008a400000|100%| E|CS|TAMS 0x000000008a300000, 0x000000008a300000| Complete 
| 164|0x000000008a400000, 0x000000008a500000, 0x000000008a500000|100%| E|CS|TAMS 0x000000008a400000, 0x000000008a400000| Complete 
| 165|0x000000008a500000, 0x000000008a600000, 0x000000008a600000|100%| E|CS|TAMS 0x000000008a500000, 0x000000008a500000| Complete 
| 166|0x000000008a600000, 0x000000008a700000, 0x000000008a700000|100%| E|CS|TAMS 0x000000008a600000, 0x000000008a600000| Complete 
| 167|0x000000008a700000, 0x000000008a800000, 0x000000008a800000|100%| E|CS|TAMS 0x000000008a700000, 0x000000008a700000| Complete 
| 168|0x000000008a800000, 0x000000008a900000, 0x000000008a900000|100%| E|CS|TAMS 0x000000008a800000, 0x000000008a800000| Complete 
| 169|0x000000008a900000, 0x000000008aa00000, 0x000000008aa00000|100%| E|CS|TAMS 0x000000008a900000, 0x000000008a900000| Complete 
| 170|0x000000008aa00000, 0x000000008ab00000, 0x000000008ab00000|100%| E|CS|TAMS 0x000000008aa00000, 0x000000008aa00000| Complete 
| 171|0x000000008ab00000, 0x000000008ac00000, 0x000000008ac00000|100%| E|CS|TAMS 0x000000008ab00000, 0x000000008ab00000| Complete 
| 172|0x000000008ac00000, 0x000000008ad00000, 0x000000008ad00000|100%| E|CS|TAMS 0x000000008ac00000, 0x000000008ac00000| Complete 
| 173|0x000000008ad00000, 0x000000008ae00000, 0x000000008ae00000|100%| E|CS|TAMS 0x000000008ad00000, 0x000000008ad00000| Complete 
| 174|0x000000008ae00000, 0x000000008af00000, 0x000000008af00000|100%| E|CS|TAMS 0x000000008ae00000, 0x000000008ae00000| Complete 
| 175|0x000000008af00000, 0x000000008b000000, 0x000000008b000000|100%| E|CS|TAMS 0x000000008af00000, 0x000000008af00000| Complete 
| 176|0x000000008b000000, 0x000000008b100000, 0x000000008b100000|100%| E|CS|TAMS 0x000000008b000000, 0x000000008b000000| Complete 
| 177|0x000000008b100000, 0x000000008b200000, 0x000000008b200000|100%| E|CS|TAMS 0x000000008b100000, 0x000000008b100000| Complete 
| 178|0x000000008b200000, 0x000000008b300000, 0x000000008b300000|100%| E|CS|TAMS 0x000000008b200000, 0x000000008b200000| Complete 
| 179|0x000000008b300000, 0x000000008b400000, 0x000000008b400000|100%| E|  |TAMS 0x000000008b300000, 0x000000008b300000| Complete 
| 180|0x000000008b400000, 0x000000008b500000, 0x000000008b500000|100%| E|CS|TAMS 0x000000008b400000, 0x000000008b400000| Complete 
| 181|0x000000008b500000, 0x000000008b600000, 0x000000008b600000|100%| E|CS|TAMS 0x000000008b500000, 0x000000008b500000| Complete 
| 182|0x000000008b600000, 0x000000008b700000, 0x000000008b700000|100%| E|CS|TAMS 0x000000008b600000, 0x000000008b600000| Complete 
| 183|0x000000008b700000, 0x000000008b800000, 0x000000008b800000|100%| E|CS|TAMS 0x000000008b700000, 0x000000008b700000| Complete 
| 184|0x000000008b800000, 0x000000008b900000, 0x000000008b900000|100%| E|CS|TAMS 0x000000008b800000, 0x000000008b800000| Complete 
| 185|0x000000008b900000, 0x000000008ba00000, 0x000000008ba00000|100%| E|CS|TAMS 0x000000008b900000, 0x000000008b900000| Complete 
| 186|0x000000008ba00000, 0x000000008bb00000, 0x000000008bb00000|100%| E|CS|TAMS 0x000000008ba00000, 0x000000008ba00000| Complete 
| 187|0x000000008bb00000, 0x000000008bc00000, 0x000000008bc00000|100%| E|CS|TAMS 0x000000008bb00000, 0x000000008bb00000| Complete 
| 188|0x000000008bc00000, 0x000000008bd00000, 0x000000008bd00000|100%| E|CS|TAMS 0x000000008bc00000, 0x000000008bc00000| Complete 
| 189|0x000000008bd00000, 0x000000008be00000, 0x000000008be00000|100%| E|CS|TAMS 0x000000008bd00000, 0x000000008bd00000| Complete 
| 190|0x000000008be00000, 0x000000008bf00000, 0x000000008bf00000|100%| E|CS|TAMS 0x000000008be00000, 0x000000008be00000| Complete 
| 191|0x000000008bf00000, 0x000000008c000000, 0x000000008c000000|100%| E|CS|TAMS 0x000000008bf00000, 0x000000008bf00000| Complete 

Card table byte_map: [0x000002d274f80000,0x000002d275380000] _byte_map_base: 0x000002d274b80000

Marking Bits (Prev, Next): (CMBitMap*) 0x000002d2620bfdb0, (CMBitMap*) 0x000002d2620bfd78
 Prev Bits: [0x000002d277780000, 0x000002d279780000)
 Next Bits: [0x000002d275780000, 0x000002d277780000)

Polling page: 0x000002d260070000

Metaspace:

Usage:
  Non-class:     25.42 MB capacity,    24.86 MB ( 98%) used,   503.84 KB (  2%) free+waste,    67.06 KB ( <1%) overhead. 
      Class:      4.07 MB capacity,     3.80 MB ( 93%) used,   243.84 KB (  6%) free+waste,    33.75 KB ( <1%) overhead. 
       Both:     29.49 MB capacity,    28.67 MB ( 97%) used,   747.67 KB (  2%) free+waste,   100.81 KB ( <1%) overhead. 

Virtual space:
  Non-class space:       26.00 MB reserved,      25.42 MB ( 98%) committed 
      Class space:        1.00 GB reserved,       4.13 MB ( <1%) committed 
             Both:        1.03 GB reserved,      29.55 MB (  3%) committed 

Chunk freelists:
   Non-Class:  2.00 KB
       Class:  20.00 KB
        Both:  22.00 KB

MaxMetaspaceSize: 17179869184.00 GB
CompressedClassSpaceSize: 1.00 GB

CodeHeap 'non-profiled nmethods': size=120064Kb used=1096Kb max_used=1096Kb free=118967Kb
 bounds [0x000002d26d640000, 0x000002d26d8b0000, 0x000002d274b80000]
CodeHeap 'profiled nmethods': size=120000Kb used=5625Kb max_used=5625Kb free=114374Kb
 bounds [0x000002d266110000, 0x000002d266690000, 0x000002d26d640000]
CodeHeap 'non-nmethods': size=5696Kb used=1162Kb max_used=1194Kb free=4533Kb
 bounds [0x000002d265b80000, 0x000002d265df0000, 0x000002d266110000]
 total_blobs=3122 nmethods=2617 adapters=416
 compilation: enabled
              stopped_count=0, restarted_count=0
 full_count=0

Compilation events (20 events):
Event: 5.718 Thread 0x000002d27c50b000 2578       3       org.objectweb.asm.Frame::<init> (10 bytes)
Event: 5.718 Thread 0x000002d27c50b000 nmethod 2578 0x000002d26666c910 code [0x000002d26666cac0, 0x000002d26666cc78]
Event: 5.718 Thread 0x000002d27c50b000 2580       3       org.objectweb.asm.SymbolTable::addConstantClass (8 bytes)
Event: 5.718 Thread 0x000002d27c50b000 nmethod 2580 0x000002d26666cd10 code [0x000002d26666cec0, 0x000002d26666cfe8]
Event: 5.718 Thread 0x000002d27c50b000 2579       3       org.objectweb.asm.Frame::pop (42 bytes)
Event: 5.718 Thread 0x000002d27c50b000 nmethod 2579 0x000002d26666d090 code [0x000002d26666d240, 0x000002d26666d3d8]
Event: 5.718 Thread 0x000002d27c50b000 2581       1       org.gradle.internal.instantiation.generator.AbstractClassGenerator$PropertyMetadata::getOverridableGetters (5 bytes)
Event: 5.719 Thread 0x000002d27c50b000 nmethod 2581 0x000002d26d750590 code [0x000002d26d750740, 0x000002d26d7507f8]
Event: 5.719 Thread 0x000002d27c50b000 2582       3       org.objectweb.asm.SymbolTable::addConstantMemberReference (147 bytes)
Event: 5.719 Thread 0x000002d27c50b000 nmethod 2582 0x000002d26666d490 code [0x000002d26666d720, 0x000002d26666e048]
Event: 5.719 Thread 0x000002d27c50b000 2584       3       org.objectweb.asm.Type::getArgumentsAndReturnSizes (140 bytes)
Event: 5.721 Thread 0x000002d27c50b000 nmethod 2584 0x000002d26666e610 code [0x000002d26666ea20, 0x000002d266670818]
Event: 5.721 Thread 0x000002d27c50b000 2583       3       org.objectweb.asm.SymbolTable::hash (20 bytes)
Event: 5.722 Thread 0x000002d27c50b000 nmethod 2583 0x000002d266671310 code [0x000002d2666714e0, 0x000002d2666716a8]
Event: 5.722 Thread 0x000002d27c50b000 2586       3       org.objectweb.asm.Frame::push (59 bytes)
Event: 5.722 Thread 0x000002d27c50b000 nmethod 2586 0x000002d266671810 code [0x000002d266671a60, 0x000002d2666721b8]
Event: 5.722 Thread 0x000002d27c50b000 2587       1       org.objectweb.asm.MethodWriter::hasAsmInstructions (5 bytes)
Event: 5.722 Thread 0x000002d27c50b000 nmethod 2587 0x000002d26d750890 code [0x000002d26d750a40, 0x000002d26d750af8]
Event: 5.722 Thread 0x000002d27c50b000 2585       1       org.objectweb.asm.SymbolTable::getClassName (5 bytes)
Event: 5.723 Thread 0x000002d27c50b000 nmethod 2585 0x000002d26d750b90 code [0x000002d26d750d40, 0x000002d26d750df8]

GC Heap History (12 events):
Event: 0.673 GC heap before
{Heap before GC invocations=0 (full 0):
 garbage-first heap   total 196608K, used 19456K [0x0000000080000000, 0x0000000100000000)
  region size 1024K, 14 young (14336K), 0 survivors (0K)
 Metaspace       used 6733K, capacity 6925K, committed 7168K, reserved 1056768K
  class space    used 582K, capacity 650K, committed 768K, reserved 1048576K
}
Event: 0.697 GC heap after
{Heap after GC invocations=1 (full 0):
 garbage-first heap   total 196608K, used 7887K [0x0000000080000000, 0x0000000100000000)
  region size 1024K, 2 young (2048K), 2 survivors (2048K)
 Metaspace       used 6733K, capacity 6925K, committed 7168K, reserved 1056768K
  class space    used 582K, capacity 650K, committed 768K, reserved 1048576K
}
Event: 1.380 GC heap before
{Heap before GC invocations=1 (full 0):
 garbage-first heap   total 196608K, used 20175K [0x0000000080000000, 0x0000000100000000)
  region size 1024K, 14 young (14336K), 2 survivors (2048K)
 Metaspace       used 9897K, capacity 10118K, committed 10368K, reserved 1058816K
  class space    used 1028K, capacity 1102K, committed 1152K, reserved 1048576K
}
Event: 1.383 GC heap after
{Heap after GC invocations=2 (full 0):
 garbage-first heap   total 196608K, used 9465K [0x0000000080000000, 0x0000000100000000)
  region size 1024K, 2 young (2048K), 2 survivors (2048K)
 Metaspace       used 9897K, capacity 10118K, committed 10368K, reserved 1058816K
  class space    used 1028K, capacity 1102K, committed 1152K, reserved 1048576K
}
Event: 1.907 GC heap before
{Heap before GC invocations=2 (full 0):
 garbage-first heap   total 196608K, used 39161K [0x0000000080000000, 0x0000000100000000)
  region size 1024K, 31 young (31744K), 2 survivors (2048K)
 Metaspace       used 10858K, capacity 11073K, committed 11264K, reserved 1058816K
  class space    used 1131K, capacity 1207K, committed 1280K, reserved 1048576K
}
Event: 1.914 GC heap after
{Heap after GC invocations=3 (full 0):
 garbage-first heap   total 196608K, used 10936K [0x0000000080000000, 0x0000000100000000)
  region size 1024K, 3 young (3072K), 3 survivors (3072K)
 Metaspace       used 10858K, capacity 11073K, committed 11264K, reserved 1058816K
  class space    used 1131K, capacity 1207K, committed 1280K, reserved 1048576K
}
Event: 3.703 GC heap before
{Heap before GC invocations=3 (full 0):
 garbage-first heap   total 196608K, used 57016K [0x0000000080000000, 0x0000000100000000)
  region size 1024K, 48 young (49152K), 3 survivors (3072K)
 Metaspace       used 18431K, capacity 18882K, committed 19072K, reserved 1067008K
  class space    used 2198K, capacity 2334K, committed 2432K, reserved 1048576K
}
Event: 3.712 GC heap after
{Heap after GC invocations=4 (full 0):
 garbage-first heap   total 196608K, used 16300K [0x0000000080000000, 0x0000000100000000)
  region size 1024K, 6 young (6144K), 6 survivors (6144K)
 Metaspace       used 18431K, capacity 18882K, committed 19072K, reserved 1067008K
  class space    used 2198K, capacity 2334K, committed 2432K, reserved 1048576K
}
Event: 4.136 GC heap before
{Heap before GC invocations=4 (full 0):
 garbage-first heap   total 196608K, used 35756K [0x0000000080000000, 0x0000000100000000)
  region size 1024K, 26 young (26624K), 6 survivors (6144K)
 Metaspace       used 20668K, capacity 21116K, committed 21296K, reserved 1069056K
  class space    used 2528K, capacity 2674K, committed 2688K, reserved 1048576K
}
Event: 4.145 GC heap after
{Heap after GC invocations=5 (full 0):
 garbage-first heap   total 196608K, used 17483K [0x0000000080000000, 0x0000000100000000)
  region size 1024K, 5 young (5120K), 5 survivors (5120K)
 Metaspace       used 20668K, capacity 21116K, committed 21296K, reserved 1069056K
  class space    used 2528K, capacity 2674K, committed 2688K, reserved 1048576K
}
Event: 4.943 GC heap before
{Heap before GC invocations=6 (full 0):
 garbage-first heap   total 196608K, used 67659K [0x0000000080000000, 0x0000000100000000)
  region size 1024K, 54 young (55296K), 5 survivors (5120K)
 Metaspace       used 25813K, capacity 26438K, committed 26544K, reserved 1073152K
  class space    used 3351K, capacity 3581K, committed 3584K, reserved 1048576K
}
Event: 4.953 GC heap after
{Heap after GC invocations=7 (full 0):
 garbage-first heap   total 196608K, used 19601K [0x0000000080000000, 0x0000000100000000)
  region size 1024K, 3 young (3072K), 3 survivors (3072K)
 Metaspace       used 25813K, capacity 26438K, committed 26544K, reserved 1073152K
  class space    used 3351K, capacity 3581K, committed 3584K, reserved 1048576K
}

Deoptimization events (20 events):
Event: 5.201 Thread 0x000002d27e522800 DEOPT PACKING pc=0x000002d26d721164 sp=0x000000f60dbfa1f0
Event: 5.201 Thread 0x000002d27e522800 DEOPT UNPACKING pc=0x000002d265ba662f sp=0x000000f60dbfa240 mode 2
Event: 5.224 Thread 0x000002d27e522800 DEOPT PACKING pc=0x000002d2661d9b44 sp=0x000000f60dbf6190
Event: 5.224 Thread 0x000002d27e522800 DEOPT UNPACKING pc=0x000002d265ba6dde sp=0x000000f60dbf5780 mode 0
Event: 5.231 Thread 0x000002d27e522800 Uncommon trap: trap_request=0xffffff4d fr.pc=0x000002d26d6b432c relative=0x0000000000001dcc
Event: 5.231 Thread 0x000002d27e522800 Uncommon trap: reason=unstable_if action=reinterpret pc=0x000002d26d6b432c method=java.util.zip.ZipFile$Source.initCEN(ILjava/util/zip/ZipCoder;)V @ 582 c2
Event: 5.231 Thread 0x000002d27e522800 DEOPT PACKING pc=0x000002d26d6b432c sp=0x000000f60dbf62a0
Event: 5.231 Thread 0x000002d27e522800 DEOPT UNPACKING pc=0x000002d265ba662f sp=0x000000f60dbf6288 mode 2
Event: 5.413 Thread 0x000002d27e522800 Uncommon trap: trap_request=0xffffff4d fr.pc=0x000002d26d6a2728 relative=0x0000000000000bc8
Event: 5.413 Thread 0x000002d27e522800 Uncommon trap: reason=unstable_if action=reinterpret pc=0x000002d26d6a2728 method=java.util.Properties$LineReader.readLine()I @ 379 c2
Event: 5.413 Thread 0x000002d27e522800 DEOPT PACKING pc=0x000002d26d6a2728 sp=0x000000f60dbfb910
Event: 5.413 Thread 0x000002d27e522800 DEOPT UNPACKING pc=0x000002d265ba662f sp=0x000000f60dbfb8b0 mode 2
Event: 5.640 Thread 0x000002d27e522800 Uncommon trap: trap_request=0xffffff4d fr.pc=0x000002d26d738460 relative=0x00000000000007e0
Event: 5.640 Thread 0x000002d27e522800 Uncommon trap: reason=unstable_if action=reinterpret pc=0x000002d26d738460 method=java.io.BufferedInputStream.read([BII)I @ 56 c2
Event: 5.640 Thread 0x000002d27e522800 DEOPT PACKING pc=0x000002d26d738460 sp=0x000000f60dbf9770
Event: 5.640 Thread 0x000002d27e522800 DEOPT UNPACKING pc=0x000002d265ba662f sp=0x000000f60dbf9748 mode 2
Event: 5.702 Thread 0x000002d27e522800 Uncommon trap: trap_request=0xffffff4d fr.pc=0x000002d26d6e4acc relative=0x000000000000020c
Event: 5.702 Thread 0x000002d27e522800 Uncommon trap: reason=unstable_if action=reinterpret pc=0x000002d26d6e4acc method=java.util.HashMap.hash(Ljava/lang/Object;)I @ 1 c2
Event: 5.702 Thread 0x000002d27e522800 DEOPT PACKING pc=0x000002d26d6e4acc sp=0x000000f60dbf9400
Event: 5.702 Thread 0x000002d27e522800 DEOPT UNPACKING pc=0x000002d265ba662f sp=0x000000f60dbf9338 mode 2

Classes redefined (0 events):
No events

Internal exceptions (20 events):
Event: 5.383 Thread 0x000002d27e522800 Exception <a 'java/lang/NoSuchMethodError'{0x000000008b1b7838}: <clinit>> (0x000000008b1b7838) thrown at [./src/hotspot/share/prims/jni.cpp, line 1362]
Event: 5.387 Thread 0x000002d27e522800 Exception <a 'java/lang/NoSuchMethodError'{0x000000008b1d4440}: <clinit>> (0x000000008b1d4440) thrown at [./src/hotspot/share/prims/jni.cpp, line 1362]
Event: 5.388 Thread 0x000002d27e522800 Exception <a 'java/lang/NoSuchMethodError'{0x000000008b1de4f0}: <clinit>> (0x000000008b1de4f0) thrown at [./src/hotspot/share/prims/jni.cpp, line 1362]
Event: 5.388 Thread 0x000002d27e522800 Exception <a 'java/lang/NoSuchMethodError'{0x000000008b1e8348}: <clinit>> (0x000000008b1e8348) thrown at [./src/hotspot/share/prims/jni.cpp, line 1362]
Event: 5.389 Thread 0x000002d27e522800 Exception <a 'java/lang/NoSuchMethodError'{0x000000008b1f2738}: <clinit>> (0x000000008b1f2738) thrown at [./src/hotspot/share/prims/jni.cpp, line 1362]
Event: 5.400 Thread 0x000002d27e522800 Exception <a 'java/lang/NoSuchMethodError'{0x000000008b0b3a70}: <clinit>> (0x000000008b0b3a70) thrown at [./src/hotspot/share/prims/jni.cpp, line 1362]
Event: 5.400 Thread 0x000002d27e522800 Exception <a 'java/lang/NoSuchMethodError'{0x000000008b0b64a8}: <clinit>> (0x000000008b0b64a8) thrown at [./src/hotspot/share/prims/jni.cpp, line 1362]
Event: 5.400 Thread 0x000002d27e522800 Exception <a 'java/lang/NoSuchMethodError'{0x000000008b0b7ab0}: <clinit>> (0x000000008b0b7ab0) thrown at [./src/hotspot/share/prims/jni.cpp, line 1362]
Event: 5.400 Thread 0x000002d27e522800 Exception <a 'java/lang/NoSuchMethodError'{0x000000008b0b9048}: <clinit>> (0x000000008b0b9048) thrown at [./src/hotspot/share/prims/jni.cpp, line 1362]
Event: 5.401 Thread 0x000002d27e522800 Exception <a 'java/lang/NoSuchMethodError'{0x000000008b0ba7a8}: <clinit>> (0x000000008b0ba7a8) thrown at [./src/hotspot/share/prims/jni.cpp, line 1362]
Event: 5.401 Thread 0x000002d27e522800 Exception <a 'java/lang/NoSuchMethodError'{0x000000008b0bbe40}: <clinit>> (0x000000008b0bbe40) thrown at [./src/hotspot/share/prims/jni.cpp, line 1362]
Event: 5.401 Thread 0x000002d27e522800 Exception <a 'java/lang/NoSuchMethodError'{0x000000008b0bd378}: <clinit>> (0x000000008b0bd378) thrown at [./src/hotspot/share/prims/jni.cpp, line 1362]
Event: 5.552 Thread 0x000002d27e522800 Exception <a 'java/lang/NoSuchMethodError'{0x000000008a6c3190}: 'java.lang.Object java.lang.invoke.DirectMethodHandle$Holder.invokeSpecialIFC(java.lang.Object, java.lang.Object, java.lang.Object, java.lang.Object)'> (0x000000008a6c3190) thrown at [./src/hotspot/share/interpreter/linkResolver.cpp, line 773]
Event: 5.563 Thread 0x000002d27e522800 Exception <a 'java/lang/NoSuchMethodError'{0x000000008a5b22f8}: 'java.lang.Object java.lang.invoke.DirectMethodHandle$Holder.invokeSpecial(java.lang.Object, java.lang.Object, java.lang.Object, java.lang.Object, java.lang.Object, java.lang.Object, java.lang.Object, java.lang.Object, java.lang.Object, java.lang.Object, java.lang.Object, java.lang.Object, java.lang.Object)'> (0x000000008a5b22f8) thrown at [./src/hotspot/share/interpreter/linkResolver.cpp, line 773]
Event: 5.564 Thread 0x000002d27e522800 Exception <a 'java/lang/NoSuchMethodError'{0x000000008a5c3158}: 'java.lang.Object java.lang.invoke.DirectMethodHandle$Holder.invokeSpecial(java.lang.Object, java.lang.Object, java.lang.Object, java.lang.Object, java.lang.Object, java.lang.Object, java.lang.Object, java.lang.Object, java.lang.Object, java.lang.Object, java.lang.Object, java.lang.Object)'> (0x000000008a5c3158) thrown at [./src/hotspot/share/interpreter/linkResolver.cpp, line 773]
Event: 5.564 Thread 0x000002d27e522800 Exception <a 'java/lang/NoSuchMethodError'{0x000000008a5c8280}: 'java.lang.Object java.lang.invoke.Invokers$Holder.linkToTargetMethod(java.lang.Object, java.lang.Object, java.lang.Object, java.lang.Object, java.lang.Object, java.lang.Object, java.lang.Object, java.lang.Object, java.lang.Object, java.lang.Object, java.lang.Object)'> (0x000000008a5c8280) thrown at [./src/hotspot/share/interpreter/linkResolver.cpp, line 773]
Event: 5.576 Thread 0x000002d27e522800 Exception <a 'java/lang/NoSuchMethodError'{0x000000008a32b180}: 'java.lang.Object java.lang.invoke.DirectMethodHandle$Holder.invokeSpecial(java.lang.Object, java.lang.Object, java.lang.Object, java.lang.Object, java.lang.Object, java.lang.Object, java.lang.Object, java.lang.Object, java.lang.Object, java.lang.Object, java.lang.Object, java.lang.Object, java.lang.Object, java.lang.Object)'> (0x000000008a32b180) thrown at [./src/hotspot/share/interpreter/linkResolver.cpp, line 773]
Event: 5.577 Thread 0x000002d27e522800 Exception <a 'java/lang/NoSuchMethodError'{0x000000008a33c7f8}: 'java.lang.Object java.lang.invoke.Invokers$Holder.linkToTargetMethod(java.lang.Object, java.lang.Object, java.lang.Object, java.lang.Object, java.lang.Object, java.lang.Object, java.lang.Object, java.lang.Object, java.lang.Object, java.lang.Object, java.lang.Object, java.lang.Object)'> (0x000000008a33c7f8) thrown at [./src/hotspot/share/interpreter/linkResolver.cpp, line 773]
Event: 5.585 Thread 0x000002d27e522800 Exception <a 'java/lang/NoSuchMethodError'{0x000000008a3d77a0}: 'java.lang.Object java.lang.invoke.DirectMethodHandle$Holder.invokeStaticInit(java.lang.Object, java.lang.Object, java.lang.Object, java.lang.Object)'> (0x000000008a3d77a0) thrown at [./src/hotspot/share/interpreter/linkResolver.cpp, line 773]
Event: 5.702 Thread 0x000002d27e522800 Implicit null exception at 0x000002d26d6e48f5 to 0x000002d26d6e4abc

Events (20 events):
Event: 5.732 loading class org/gradle/api/internal/artifacts/DefaultArtifactRepositoryContainer
Event: 5.732 loading class org/gradle/api/internal/artifacts/DefaultArtifactRepositoryContainer done
Event: 5.733 loading class org/gradle/internal/management/DefaultDependencyResolutionManagement
Event: 5.733 loading class org/gradle/internal/management/DefaultDependencyResolutionManagement done
Event: 5.734 loading class org/gradle/api/initialization/resolve/MutableVersionCatalogContainer
Event: 5.734 loading class org/gradle/api/initialization/resolve/MutableVersionCatalogContainer done
Event: 5.735 loading class org/gradle/internal/management/DependencyResolutionManagementInternal$RepositoriesModeInternal
Event: 5.735 loading class org/gradle/internal/management/DependencyResolutionManagementInternal$RepositoriesModeInternal done
Event: 5.736 loading class org/gradle/internal/management/DependencyResolutionManagementInternal$RulesModeInternal
Event: 5.736 loading class org/gradle/internal/management/DependencyResolutionManagementInternal$RulesModeInternal done
Event: 5.736 loading class org/gradle/internal/lazy/Lazy
Event: 5.736 loading class org/gradle/internal/lazy/Lazy done
Event: 5.737 loading class org/gradle/internal/management/DefaultVersionCatalogBuilderContainer
Event: 5.737 loading class org/gradle/internal/management/DefaultVersionCatalogBuilderContainer done
Event: 5.737 loading class org/gradle/api/internal/AbstractNamedDomainObjectContainer
Event: 5.737 loading class org/gradle/api/internal/AbstractNamedDomainObjectContainer done
Event: 5.738 loading class org/gradle/api/reflect/HasPublicType
Event: 5.738 loading class org/gradle/api/reflect/HasPublicType done
Event: 5.738 loading class org/gradle/api/internal/DefaultNamedDomainObjectSet
Event: 5.738 loading class org/gradle/api/internal/DefaultNamedDomainObjectSet done


Dynamic libraries:
0x00007ff7fcaf0000 - 0x00007ff7fcafa000 	C:\Program Files\Android\Android Studio\jre\bin\java.exe
0x00007ff89e5b0000 - 0x00007ff89e7a5000 	C:\Windows\SYSTEM32\ntdll.dll
0x00007ff89d570000 - 0x00007ff89d62e000 	C:\Windows\System32\KERNEL32.DLL
0x00007ff89c180000 - 0x00007ff89c448000 	C:\Windows\System32\KERNELBASE.dll
0x00007ff89be50000 - 0x00007ff89bf50000 	C:\Windows\System32\ucrtbase.dll
0x00007ff88ad40000 - 0x00007ff88ad57000 	C:\Program Files\Android\Android Studio\jre\bin\VCRUNTIME140.dll
0x00007ff88ad20000 - 0x00007ff88ad39000 	C:\Program Files\Android\Android Studio\jre\bin\jli.dll
0x00007ff89d630000 - 0x00007ff89d7d1000 	C:\Windows\System32\USER32.dll
0x00007ff8879a0000 - 0x00007ff887c3a000 	C:\Windows\WinSxS\amd64_microsoft.windows.common-controls_6595b64144ccf1df_6.0.19041.1110_none_60b5254171f9507e\COMCTL32.dll
0x00007ff89bcc0000 - 0x00007ff89bce2000 	C:\Windows\System32\win32u.dll
0x00007ff89e410000 - 0x00007ff89e4ae000 	C:\Windows\System32\msvcrt.dll
0x00007ff89e190000 - 0x00007ff89e1bb000 	C:\Windows\System32\GDI32.dll
0x00007ff89bcf0000 - 0x00007ff89bdfd000 	C:\Windows\System32\gdi32full.dll
0x00007ff89bf50000 - 0x00007ff89bfed000 	C:\Windows\System32\msvcp_win.dll
0x00007ff89e2e0000 - 0x00007ff89e310000 	C:\Windows\System32\IMM32.DLL
0x00007ff867b30000 - 0x00007ff867bcd000 	C:\Program Files\Android\Android Studio\jre\bin\msvcp140.dll
0x00007ff86ed00000 - 0x00007ff86f7d5000 	C:\Program Files\Android\Android Studio\jre\bin\server\jvm.dll
0x00007ff89c7b0000 - 0x00007ff89c85e000 	C:\Windows\System32\ADVAPI32.dll
0x00007ff89cbc0000 - 0x00007ff89cc5c000 	C:\Windows\System32\sechost.dll
0x00007ff89e060000 - 0x00007ff89e185000 	C:\Windows\System32\RPCRT4.dll
0x00007ff8852c0000 - 0x00007ff8852c9000 	C:\Windows\SYSTEM32\WSOCK32.dll
0x00007ff884f40000 - 0x00007ff884f67000 	C:\Windows\SYSTEM32\WINMM.dll
0x00007ff89e4b0000 - 0x00007ff89e4b8000 	C:\Windows\System32\PSAPI.DLL
0x00007ff89d2a0000 - 0x00007ff89d30b000 	C:\Windows\System32\WS2_32.dll
0x00007ff88d8b0000 - 0x00007ff88d8ba000 	C:\Windows\SYSTEM32\VERSION.dll
0x00007ff899bb0000 - 0x00007ff899bc2000 	C:\Windows\SYSTEM32\kernel.appcore.dll
0x00007ff894c50000 - 0x00007ff894c61000 	C:\Program Files\Android\Android Studio\jre\bin\verify.dll
0x00007ff893260000 - 0x00007ff893444000 	C:\Windows\SYSTEM32\DBGHELP.DLL
0x00007ff888e40000 - 0x00007ff888e6c000 	C:\Windows\SYSTEM32\dbgcore.DLL
0x00007ff89c560000 - 0x00007ff89c5e2000 	C:\Windows\System32\bcryptPrimitives.dll
0x00007ff891560000 - 0x00007ff891589000 	C:\Program Files\Android\Android Studio\jre\bin\java.dll
0x00007ff897030000 - 0x00007ff89703b000 	C:\Program Files\Android\Android Studio\jre\bin\jimage.dll
0x00007ff891540000 - 0x00007ff891558000 	C:\Program Files\Android\Android Studio\jre\bin\zip.dll
0x00007ff89d910000 - 0x00007ff89e054000 	C:\Windows\System32\SHELL32.dll
0x00007ff899db0000 - 0x00007ff89a545000 	C:\Windows\SYSTEM32\windows.storage.dll
0x00007ff89c860000 - 0x00007ff89cbb5000 	C:\Windows\System32\combase.dll
0x00007ff89b710000 - 0x00007ff89b73e000 	C:\Windows\SYSTEM32\Wldp.dll
0x00007ff89e4c0000 - 0x00007ff89e56d000 	C:\Windows\System32\SHCORE.dll
0x00007ff89d310000 - 0x00007ff89d365000 	C:\Windows\System32\shlwapi.dll
0x00007ff89bc00000 - 0x00007ff89bc1f000 	C:\Windows\SYSTEM32\profapi.dll
0x00007ff88b2e0000 - 0x00007ff88b2fa000 	C:\Program Files\Android\Android Studio\jre\bin\net.dll
0x00007ff88b320000 - 0x00007ff88b42c000 	C:\Windows\SYSTEM32\WINHTTP.dll
0x00007ff89b470000 - 0x00007ff89b4da000 	C:\Windows\system32\mswsock.dll
0x00007ff885bc0000 - 0x00007ff885bd4000 	C:\Program Files\Android\Android Studio\jre\bin\nio.dll
0x00007ff876a20000 - 0x00007ff876a47000 	C:\Users\hamed\.gradle\native\e1d6ef7f7dcc3fd88c89a11ec53ec762bb8ba0a96d01ffa2cd45eb1d1d8dd5c5\windows-amd64\native-platform.dll
0x00007ff867bd0000 - 0x00007ff867d14000 	C:\Users\hamed\.gradle\native\5664cfc778a61ccfe75a443a1ab52a65af34e5dc3c78e0209fed803814484fcb\windows-amd64\native-platform-file-events.dll
0x00007ff891520000 - 0x00007ff89152a000 	C:\Program Files\Android\Android Studio\jre\bin\management.dll
0x00007ff8911b0000 - 0x00007ff8911bd000 	C:\Program Files\Android\Android Studio\jre\bin\management_ext.dll
0x00007ff89b670000 - 0x00007ff89b688000 	C:\Windows\SYSTEM32\CRYPTSP.dll
0x00007ff89ad80000 - 0x00007ff89adb4000 	C:\Windows\system32\rsaenh.dll
0x00007ff89bff0000 - 0x00007ff89c017000 	C:\Windows\System32\bcrypt.dll
0x00007ff89bbc0000 - 0x00007ff89bbee000 	C:\Windows\SYSTEM32\USERENV.dll
0x00007ff89b660000 - 0x00007ff89b66c000 	C:\Windows\SYSTEM32\CRYPTBASE.dll
0x00007ff89b110000 - 0x00007ff89b14b000 	C:\Windows\SYSTEM32\IPHLPAPI.DLL
0x00007ff89c5f0000 - 0x00007ff89c5f8000 	C:\Windows\System32\NSI.dll
0x00007ff8902e0000 - 0x00007ff8902f7000 	C:\Windows\SYSTEM32\dhcpcsvc6.DLL
0x00007ff8919a0000 - 0x00007ff8919bd000 	C:\Windows\SYSTEM32\dhcpcsvc.DLL
0x00007ff89b160000 - 0x00007ff89b22b000 	C:\Windows\SYSTEM32\DNSAPI.dll

dbghelp: loaded successfully - version: 4.0.5 - missing functions: none
symbol engine: initialized successfully - sym options: 0x614 - pdb path: .;C:\Program Files\Android\Android Studio\jre\bin;C:\Windows\SYSTEM32;C:\Windows\WinSxS\amd64_microsoft.windows.common-controls_6595b64144ccf1df_6.0.19041.1110_none_60b5254171f9507e;C:\Program Files\Android\Android Studio\jre\bin\server;C:\Users\hamed\.gradle\native\e1d6ef7f7dcc3fd88c89a11ec53ec762bb8ba0a96d01ffa2cd45eb1d1d8dd5c5\windows-amd64;C:\Users\hamed\.gradle\native\5664cfc778a61ccfe75a443a1ab52a65af34e5dc3c78e0209fed803814484fcb\windows-amd64

VM Arguments:
jvm_args: --add-opens=java.base/java.util=ALL-UNNAMED --add-opens=java.base/java.lang=ALL-UNNAMED --add-opens=java.base/java.lang.invoke=ALL-UNNAMED --add-opens=java.base/java.util=ALL-UNNAMED --add-opens=java.prefs/java.util.prefs=ALL-UNNAMED --add-opens=java.prefs/java.util.prefs=ALL-UNNAMED --add-opens=java.base/java.nio.charset=ALL-UNNAMED --add-opens=java.base/java.net=ALL-UNNAMED --add-opens=java.base/java.util.concurrent.atomic=ALL-UNNAMED -Xmx2048m -Dfile.encoding=UTF-8 -Duser.country=US -Duser.language=en -Duser.variant 
java_command: org.gradle.launcher.daemon.bootstrap.GradleDaemon 7.2
java_class_path (initial): C:\Users\hamed\.gradle\wrapper\dists\gradle-7.2-bin\2dnblmf4td7x66yl1d74lt32g\gradle-7.2\lib\gradle-launcher-7.2.jar
Launcher Type: SUN_STANDARD

[Global flags]
     intx CICompilerCount                          = 3                                         {product} {ergonomic}
     uint ConcGCThreads                            = 1                                         {product} {ergonomic}
     uint G1ConcRefinementThreads                  = 4                                         {product} {ergonomic}
   size_t G1HeapRegionSize                         = 1048576                                   {product} {ergonomic}
    uintx GCDrainStackTargetSize                   = 64                                        {product} {ergonomic}
   size_t InitialHeapSize                          = 201326592                                 {product} {ergonomic}
   size_t MarkStackSize                            = 4194304                                   {product} {ergonomic}
   size_t MaxHeapSize                              = 2147483648                                {product} {command line}
   size_t MaxNewSize                               = 1287651328                                {product} {ergonomic}
   size_t MinHeapDeltaBytes                        = 1048576                                   {product} {ergonomic}
    uintx NonNMethodCodeHeapSize                   = 5830732                                {pd product} {ergonomic}
    uintx NonProfiledCodeHeapSize                  = 122913754                              {pd product} {ergonomic}
    uintx ProfiledCodeHeapSize                     = 122913754                              {pd product} {ergonomic}
    uintx ReservedCodeCacheSize                    = 251658240                              {pd product} {ergonomic}
     bool SegmentedCodeCache                       = true                                      {product} {ergonomic}
     bool UseCompressedClassPointers               = true                                 {lp64_product} {ergonomic}
     bool UseCompressedOops                        = true                                 {lp64_product} {ergonomic}
     bool UseG1GC                                  = true                                      {product} {ergonomic}
     bool UseLargePagesIndividualAllocation        = false                                  {pd product} {ergonomic}

Logging:
Log output configuration:
 #0: stdout all=warning uptime,level,tags
 #1: stderr all=off uptime,level,tags

Environment Variables:
JAVA_HOME=C:\Program Files\Java\jdk1.8.0_20
PATH=C:\Program Files\Common Files\Oracle\Java\javapath;C:\ProgramData\Oracle\Java\javapath;C:\Windows\system32;C:\Windows;C:\Windows\System32\Wbem;C:\Windows\System32\WindowsPowerShell\v1.0\;C:\Windows\System32\OpenSSH\;C:\Program Files (x86)\AMD\ATI.ACE\Core-Static;C:\Program Files\Git\cmd;C:\androidSdk\platform-tools;C:\androidSdk\build-tools\30.0.3;C:\Users\hamed\AppData\Local\Programs\Python\Python39;C:\Users\hamed\AppData\Local\Programs\Python\Python39\Scripts;C:\Program Files\Java\jdk1.8.0_20\bin;C:\Users\hamed\AppData\Roaming\nvm;C:\Program Files\nodejs;C:\Users\hamed\AppData\Local\Microsoft\WindowsApps;C:\Users\hamed\AppData\Roaming\npm;C:\Program Files (x86)\apache-maven-3.8.2\bin;C:\Users\hamed\AppData\Local\Programs\Microsoft VS Code\bin;C:\Users\hamed\AppData\Roaming\nvm;C:\Program Files\nodejs;C:\Program Files\JetBrains\JetBrains Gateway 2021.3\bin;;C:\Program Files\Java\jdk1.8.0_20;
USERNAME=hamed
OS=Windows_NT
PROCESSOR_IDENTIFIER=Intel64 Family 6 Model 69 Stepping 1, GenuineIntel



---------------  S Y S T E M  ---------------

OS: Windows 10 , 64 bit Build 19041 (10.0.19041.1466)
OS uptime: 0 days 1:31 hours

CPU:total 4 (initial active 4) (2 cores per cpu, 2 threads per core) family 6 model 69 stepping 1 microcode 0x25, cmov, cx8, fxsr, mmx, sse, sse2, sse3, ssse3, sse4.1, sse4.2, popcnt, avx, avx2, aes, clmul, erms, lzcnt, ht, tsc, tscinvbit, bmi1, bmi2, fma

Memory: 4k page, system-wide physical 12184M (282M free)
TotalPageFile size 41924M (AvailPageFile size 5M)
current process WorkingSet (physical memory assigned to process): 199M, peak: 199M
current process commit charge ("private bytes"): 341M, peak: 342M

vm_info: OpenJDK 64-Bit Server VM (11.0.11+9-b60-7590822) for windows-amd64 JRE (11.0.11+9-b60-7590822), built on Jul 29 2021 21:43:44 by "builder" with MS VC++ 14.0 (VS2015)

END.
