#
# There is insufficient memory for the Java Runtime Environment to continue.
# Native memory allocation (malloc) failed to allocate 1275376 bytes for Chunk::new
# Possible reasons:
#   The system is out of physical RAM or swap space
#   The process is running with CompressedOops enabled, and the Java Heap may be blocking the growth of the native heap
# Possible solutions:
#   Reduce memory load on the system
#   Increase physical memory or swap space
#   Check if swap backing store is full
#   Decrease Java heap size (-Xmx/-Xms)
#   Decrease number of Java threads
#   Decrease Java thread stack sizes (-Xss)
#   Set larger code cache with -XX:ReservedCodeCacheSize=
#   JVM is running with Unscaled Compressed Oops mode in which the Java heap is
#     placed in the first 4GB address space. The Java Heap base address is the
#     maximum limit for the native heap growth. Please use -XX:HeapBaseMinAddress
#     to set the Java Heap base and to place the Java Heap above 4GB virtual address.
# This output file may be truncated or incomplete.
#
#  Out of Memory Error (./src/hotspot/share/memory/arena.cpp:197), pid=14744, tid=21544
#
# JRE version: OpenJDK Runtime Environment (11.0.11+9) (build 11.0.11+9-b60-7590822)
# Java VM: OpenJDK 64-Bit Server VM (11.0.11+9-b60-7590822, mixed mode, tiered, compressed oops, g1 gc, windows-amd64)
# No core dump will be written. Minidumps are not enabled by default on client versions of Windows
#

---------------  S U M M A R Y ------------

Command Line: --add-opens=java.base/java.util=ALL-UNNAMED --add-opens=java.base/java.lang=ALL-UNNAMED --add-opens=java.base/java.lang.invoke=ALL-UNNAMED --add-opens=java.base/java.util=ALL-UNNAMED --add-opens=java.prefs/java.util.prefs=ALL-UNNAMED --add-opens=java.prefs/java.util.prefs=ALL-UNNAMED --add-opens=java.base/java.nio.charset=ALL-UNNAMED --add-opens=java.base/java.net=ALL-UNNAMED --add-opens=java.base/java.util.concurrent.atomic=ALL-UNNAMED -Xmx2048m -Dfile.encoding=UTF-8 -Duser.country=US -Duser.language=en -Duser.variant org.gradle.launcher.daemon.bootstrap.GradleDaemon 7.2

Host: Intel(R) Core(TM) i7-4500U CPU @ 1.80GHz, 4 cores, 11G,  Windows 10 , 64 bit Build 19041 (10.0.19041.1466)
Time: Wed Feb 23 18:58:04 2022 Iran Standard Time elapsed time: 7.642949 seconds (0d 0h 0m 7s)

---------------  T H R E A D  ---------------

Current thread (0x000001c0c7e65800):  JavaThread "C2 CompilerThread0" daemon [_thread_in_native, id=21544, stack(0x00000011a6200000,0x00000011a6300000)]


Current CompileTask:
C2:   7643 3558       4       jdk.internal.org.objectweb.asm.Frame::execute (2264 bytes)

Stack: [0x00000011a6200000,0x00000011a6300000]
Native frames: (J=compiled Java code, j=interpreted, Vv=VM code, C=native code)
V  [jvm.dll+0x5f214a]
V  [jvm.dll+0x726fb5]
V  [jvm.dll+0x7285cd]
V  [jvm.dll+0x728c83]
V  [jvm.dll+0x243278]
V  [jvm.dll+0xbc53c]
V  [jvm.dll+0xbca3c]
V  [jvm.dll+0x353e3b]
V  [jvm.dll+0x321893]
V  [jvm.dll+0x320d8a]
V  [jvm.dll+0x1fc1e2]
V  [jvm.dll+0x1fb3d4]
V  [jvm.dll+0x183d6c]
V  [jvm.dll+0x209a57]
V  [jvm.dll+0x2082a1]
V  [jvm.dll+0x6ef58f]
V  [jvm.dll+0x6e80b5]
V  [jvm.dll+0x5f1036]
C  [ucrtbase.dll+0x21bb2]
C  [KERNEL32.DLL+0x17034]
C  [ntdll.dll+0x52651]


---------------  P R O C E S S  ---------------

Threads class SMR info:
_java_thread_list=0x000001c0cc40aaa0, length=35, elements={
0x000001c0ad9ee000, 0x000001c0c75ef000, 0x000001c0c75f2800, 0x000001c0c760c000,
0x000001c0c760f000, 0x000001c0c7613800, 0x000001c0c7e65800, 0x000001c0c7e68000,
0x000001c0c7e6c000, 0x000001c0c7ffe800, 0x000001c0c98e7800, 0x000001c0ca11e000,
0x000001c0c99a1800, 0x000001c0c9f6c000, 0x000001c0c9f43000, 0x000001c0c9f3d800,
0x000001c0c9ed7000, 0x000001c0c9f27800, 0x000001c0ca180800, 0x000001c0c9f08800,
0x000001c0c9f0c000, 0x000001c0c9f0a000, 0x000001c0c9f0b000, 0x000001c0c9f09800,
0x000001c0c9f0c800, 0x000001c0c9f0d800, 0x000001c0c9f07800, 0x000001c0c9f0e000,
0x000001c0c842d800, 0x000001c0c842d000, 0x000001c0c842e800, 0x000001c0c842f800,
0x000001c0c8430000, 0x000001c0c842b000, 0x000001c0c842c000
}

Java Threads: ( => current thread )
  0x000001c0ad9ee000 JavaThread "main" [_thread_blocked, id=22352, stack(0x00000011a5600000,0x00000011a5700000)]
  0x000001c0c75ef000 JavaThread "Reference Handler" daemon [_thread_blocked, id=11908, stack(0x00000011a5d00000,0x00000011a5e00000)]
  0x000001c0c75f2800 JavaThread "Finalizer" daemon [_thread_blocked, id=21964, stack(0x00000011a5e00000,0x00000011a5f00000)]
  0x000001c0c760c000 JavaThread "Signal Dispatcher" daemon [_thread_blocked, id=18372, stack(0x00000011a5f00000,0x00000011a6000000)]
  0x000001c0c760f000 JavaThread "Attach Listener" daemon [_thread_blocked, id=22076, stack(0x00000011a6000000,0x00000011a6100000)]
  0x000001c0c7613800 JavaThread "Service Thread" daemon [_thread_blocked, id=14812, stack(0x00000011a6100000,0x00000011a6200000)]
=>0x000001c0c7e65800 JavaThread "C2 CompilerThread0" daemon [_thread_in_native, id=21544, stack(0x00000011a6200000,0x00000011a6300000)]
  0x000001c0c7e68000 JavaThread "C1 CompilerThread0" daemon [_thread_blocked, id=4316, stack(0x00000011a6300000,0x00000011a6400000)]
  0x000001c0c7e6c000 JavaThread "Sweeper thread" daemon [_thread_blocked, id=12452, stack(0x00000011a6400000,0x00000011a6500000)]
  0x000001c0c7ffe800 JavaThread "Common-Cleaner" daemon [_thread_blocked, id=17520, stack(0x00000011a6500000,0x00000011a6600000)]
  0x000001c0c98e7800 JavaThread "Daemon health stats" [_thread_blocked, id=21012, stack(0x00000011a6a00000,0x00000011a6b00000)]
  0x000001c0ca11e000 JavaThread "Incoming local TCP Connector on port 63752" [_thread_in_native, id=22312, stack(0x00000011a6b00000,0x00000011a6c00000)]
  0x000001c0c99a1800 JavaThread "Daemon periodic checks" [_thread_blocked, id=20404, stack(0x00000011a6c00000,0x00000011a6d00000)]
  0x000001c0c9f6c000 JavaThread "Daemon" [_thread_blocked, id=236, stack(0x00000011a6d00000,0x00000011a6e00000)]
  0x000001c0c9f43000 JavaThread "Handler for socket connection from /127.0.0.1:63752 to /127.0.0.1:63753" [_thread_in_native, id=21656, stack(0x00000011a6e00000,0x00000011a6f00000)]
  0x000001c0c9f3d800 JavaThread "Cancel handler" [_thread_blocked, id=21020, stack(0x00000011a6f00000,0x00000011a7000000)]
  0x000001c0c9ed7000 JavaThread "Daemon worker" [_thread_in_Java, id=21552, stack(0x00000011a7000000,0x00000011a7100000)]
  0x000001c0c9f27800 JavaThread "Asynchronous log dispatcher for DefaultDaemonConnection: socket connection from /127.0.0.1:63752 to /127.0.0.1:63753" [_thread_blocked, id=21592, stack(0x00000011a7100000,0x00000011a7200000)]
  0x000001c0ca180800 JavaThread "Stdin handler" [_thread_blocked, id=21840, stack(0x00000011a7200000,0x00000011a7300000)]
  0x000001c0c9f08800 JavaThread "Daemon client event forwarder" [_thread_blocked, id=21572, stack(0x00000011a7300000,0x00000011a7400000)]
  0x000001c0c9f0c000 JavaThread "Cache worker for journal cache (C:\Users\hamed\.gradle\caches\journal-1)" [_thread_in_vm, id=21028, stack(0x00000011a7400000,0x00000011a7500000)]
  0x000001c0c9f0a000 JavaThread "File lock request listener" [_thread_in_native, id=13180, stack(0x00000011a7500000,0x00000011a7600000)]
  0x000001c0c9f0b000 JavaThread "Cache worker for file hash cache (C:\Users\hamed\.gradle\caches\7.2\fileHashes)" [_thread_blocked, id=22032, stack(0x00000011a7600000,0x00000011a7700000)]
  0x000001c0c9f09800 JavaThread "Cache worker for file hash cache (C:\Users\hamed\Documents\Projects\android_projects\0TVApps\1LibProjects\TvMaterialDrawer\.gradle\7.2\fileHashes)" [_thread_blocked, id=17952, stack(0x00000011a7700000,0x00000011a7800000)]
  0x000001c0c9f0c800 JavaThread "File watcher server" daemon [_thread_in_native, id=12416, stack(0x00000011a7800000,0x00000011a7900000)]
  0x000001c0c9f0d800 JavaThread "File watcher consumer" daemon [_thread_blocked, id=8768, stack(0x00000011a7900000,0x00000011a7a00000)]
  0x000001c0c9f07800 JavaThread "jar transforms" [_thread_blocked, id=17412, stack(0x00000011a7a00000,0x00000011a7b00000)]
  0x000001c0c9f0e000 JavaThread "jar transforms Thread 2" [_thread_blocked, id=22084, stack(0x00000011a7b00000,0x00000011a7c00000)]
  0x000001c0c842d800 JavaThread "jar transforms Thread 3" [_thread_blocked, id=13148, stack(0x00000011a7c00000,0x00000011a7d00000)]
  0x000001c0c842d000 JavaThread "jar transforms Thread 4" [_thread_blocked, id=21912, stack(0x00000011a7d00000,0x00000011a7e00000)]
  0x000001c0c842e800 JavaThread "Cache worker for checksums cache (C:\Users\hamed\Documents\Projects\android_projects\0TVApps\1LibProjects\TvMaterialDrawer\.gradle\checksums)" [_thread_blocked, id=5140, stack(0x00000011a7e00000,0x00000011a7f00000)]
  0x000001c0c842f800 JavaThread "Cache worker for cache directory md-supplier (C:\Users\hamed\.gradle\caches\7.2\md-supplier)" [_thread_blocked, id=20604, stack(0x00000011a7f00000,0x00000011a8000000)]
  0x000001c0c8430000 JavaThread "Cache worker for cache directory md-rule (C:\Users\hamed\.gradle\caches\7.2\md-rule)" [_thread_blocked, id=15352, stack(0x00000011a8000000,0x00000011a8100000)]
  0x000001c0c842b000 JavaThread "Cache worker for execution history cache (C:\Users\hamed\.gradle\caches\7.2\executionHistory)" [_thread_blocked, id=8120, stack(0x00000011a8100000,0x00000011a8200000)]
  0x000001c0c842c000 JavaThread "Cache worker for file content cache (C:\Users\hamed\.gradle\caches\7.2\fileContent)" [_thread_blocked, id=20364, stack(0x00000011a8200000,0x00000011a8300000)]

Other Threads:
  0x000001c0c75df000 VMThread "VM Thread" [stack: 0x00000011a5c00000,0x00000011a5d00000] [id=22068]
  0x000001c0c8047000 WatcherThread [stack: 0x00000011a6600000,0x00000011a6700000] [id=11900]
  0x000001c0ada07000 GCTaskThread "GC Thread#0" [stack: 0x00000011a5700000,0x00000011a5800000] [id=18228]
  0x000001c0c85e0000 GCTaskThread "GC Thread#1" [stack: 0x00000011a6700000,0x00000011a6800000] [id=21836]
  0x000001c0c87b9800 GCTaskThread "GC Thread#2" [stack: 0x00000011a6800000,0x00000011a6900000] [id=21868]
  0x000001c0c8a12000 GCTaskThread "GC Thread#3" [stack: 0x00000011a6900000,0x00000011a6a00000] [id=22508]
  0x000001c0ada37800 ConcurrentGCThread "G1 Main Marker" [stack: 0x00000011a5800000,0x00000011a5900000] [id=5300]
  0x000001c0ada38800 ConcurrentGCThread "G1 Conc#0" [stack: 0x00000011a5900000,0x00000011a5a00000] [id=20964]
  0x000001c0adace800 ConcurrentGCThread "G1 Refine#0" [stack: 0x00000011a5a00000,0x00000011a5b00000] [id=8832]
  0x000001c0c7450800 ConcurrentGCThread "G1 Young RemSet Sampling" [stack: 0x00000011a5b00000,0x00000011a5c00000] [id=22060]

Threads with active compile tasks:
C2 CompilerThread0   7684 3558       4       jdk.internal.org.objectweb.asm.Frame::execute (2264 bytes)
C1 CompilerThread0   7684 3662       2       com.google.common.io.CountingOutputStream::write (22 bytes)

VM state:not at safepoint (normal execution)

VM Mutex/Monitor currently owned by a thread: None

Heap address: 0x0000000080000000, size: 2048 MB, Compressed Oops mode: 32-bit
Narrow klass base: 0x0000000000000000, Narrow klass shift: 3
Compressed class space size: 1073741824 Address: 0x0000000100000000

Heap:
 garbage-first heap   total 196608K, used 84745K [0x0000000080000000, 0x0000000100000000)
  region size 1024K, 57 young (58368K), 9 survivors (9216K)
 Metaspace       used 40585K, capacity 41691K, committed 41984K, reserved 1085440K
  class space    used 5131K, capacity 5526K, committed 5632K, reserved 1048576K
Heap Regions: E=young(eden), S=young(survivor), O=old, HS=humongous(starts), HC=humongous(continues), CS=collection set, F=free, A=archive, TAMS=top-at-mark-start (previous, next)
|   0|0x0000000080000000, 0x0000000080100000, 0x0000000080100000|100%| O|  |TAMS 0x0000000080100000, 0x0000000080000000| Untracked 
|   1|0x0000000080100000, 0x0000000080200000, 0x0000000080200000|100%| O|  |TAMS 0x0000000080200000, 0x0000000080100000| Untracked 
|   2|0x0000000080200000, 0x0000000080300000, 0x0000000080300000|100%| O|  |TAMS 0x0000000080300000, 0x0000000080200000| Untracked 
|   3|0x0000000080300000, 0x0000000080400000, 0x0000000080400000|100%|HS|  |TAMS 0x0000000080400000, 0x0000000080300000| Complete 
|   4|0x0000000080400000, 0x0000000080500000, 0x0000000080500000|100%|HC|  |TAMS 0x0000000080500000, 0x0000000080400000| Complete 
|   5|0x0000000080500000, 0x0000000080600000, 0x0000000080600000|100%|HC|  |TAMS 0x0000000080600000, 0x0000000080500000| Complete 
|   6|0x0000000080600000, 0x0000000080700000, 0x0000000080700000|100%| O|  |TAMS 0x0000000080700000, 0x0000000080600000| Untracked 
|   7|0x0000000080700000, 0x0000000080800000, 0x0000000080800000|100%| O|  |TAMS 0x0000000080800000, 0x0000000080700000| Untracked 
|   8|0x0000000080800000, 0x0000000080900000, 0x0000000080900000|100%| O|  |TAMS 0x0000000080900000, 0x0000000080800000| Untracked 
|   9|0x0000000080900000, 0x0000000080a00000, 0x0000000080a00000|100%| O|  |TAMS 0x0000000080a00000, 0x0000000080900000| Untracked 
|  10|0x0000000080a00000, 0x0000000080b00000, 0x0000000080b00000|100%| O|  |TAMS 0x0000000080b00000, 0x0000000080a00000| Untracked 
|  11|0x0000000080b00000, 0x0000000080c00000, 0x0000000080c00000|100%| O|  |TAMS 0x0000000080c00000, 0x0000000080b00000| Untracked 
|  12|0x0000000080c00000, 0x0000000080d00000, 0x0000000080d00000|100%| O|  |TAMS 0x0000000080d00000, 0x0000000080c00000| Untracked 
|  13|0x0000000080d00000, 0x0000000080e00000, 0x0000000080e00000|100%| O|  |TAMS 0x0000000080e00000, 0x0000000080d00000| Untracked 
|  14|0x0000000080e00000, 0x0000000080f00000, 0x0000000080f00000|100%| O|  |TAMS 0x0000000080f00000, 0x0000000080e00000| Untracked 
|  15|0x0000000080f00000, 0x0000000081000000, 0x0000000081000000|100%| O|  |TAMS 0x0000000081000000, 0x0000000080f00000| Untracked 
|  16|0x0000000081000000, 0x000000008102be00, 0x0000000081100000| 17%| O|  |TAMS 0x000000008102be00, 0x0000000081000000| Untracked 
|  17|0x0000000081100000, 0x0000000081200000, 0x0000000081200000|100%|HS|  |TAMS 0x0000000081200000, 0x0000000081100000| Complete 
|  18|0x0000000081200000, 0x0000000081300000, 0x0000000081300000|100%|HC|  |TAMS 0x0000000081300000, 0x0000000081200000| Complete 
|  19|0x0000000081300000, 0x0000000081400000, 0x0000000081400000|100%|HS|  |TAMS 0x0000000081400000, 0x0000000081300000| Complete 
|  20|0x0000000081400000, 0x0000000081500000, 0x0000000081500000|100%|HC|  |TAMS 0x0000000081500000, 0x0000000081400000| Complete 
|  21|0x0000000081500000, 0x0000000081600000, 0x0000000081600000|100%|HC|  |TAMS 0x0000000081600000, 0x0000000081500000| Complete 
|  22|0x0000000081600000, 0x0000000081700000, 0x0000000081700000|100%|HS|  |TAMS 0x0000000081700000, 0x0000000081600000| Complete 
|  23|0x0000000081700000, 0x0000000081800000, 0x0000000081800000|100%|HC|  |TAMS 0x0000000081800000, 0x0000000081700000| Complete 
|  24|0x0000000081800000, 0x0000000081900000, 0x0000000081900000|100%|HC|  |TAMS 0x0000000081900000, 0x0000000081800000| Complete 
|  25|0x0000000081900000, 0x0000000081a00000, 0x0000000081a00000|100%|HC|  |TAMS 0x0000000081a00000, 0x0000000081900000| Complete 
|  26|0x0000000081a00000, 0x0000000081b00000, 0x0000000081b00000|100%|HS|  |TAMS 0x0000000081a00000, 0x0000000081a00000| Complete 
|  27|0x0000000081b00000, 0x0000000081c00000, 0x0000000081c00000|100%|HS|  |TAMS 0x0000000081b00000, 0x0000000081b00000| Complete 
|  28|0x0000000081c00000, 0x0000000081d00000, 0x0000000081d00000|100%|HC|  |TAMS 0x0000000081c00000, 0x0000000081c00000| Complete 
|  29|0x0000000081d00000, 0x0000000081d00000, 0x0000000081e00000|  0%| F|  |TAMS 0x0000000081d00000, 0x0000000081d00000| Untracked 
|  30|0x0000000081e00000, 0x0000000081e00000, 0x0000000081f00000|  0%| F|  |TAMS 0x0000000081e00000, 0x0000000081e00000| Untracked 
|  31|0x0000000081f00000, 0x0000000081f00000, 0x0000000082000000|  0%| F|  |TAMS 0x0000000081f00000, 0x0000000081f00000| Untracked 
|  32|0x0000000082000000, 0x0000000082000000, 0x0000000082100000|  0%| F|  |TAMS 0x0000000082000000, 0x0000000082000000| Untracked 
|  33|0x0000000082100000, 0x0000000082100000, 0x0000000082200000|  0%| F|  |TAMS 0x0000000082100000, 0x0000000082100000| Untracked 
|  34|0x0000000082200000, 0x0000000082200000, 0x0000000082300000|  0%| F|  |TAMS 0x0000000082200000, 0x0000000082200000| Untracked 
|  35|0x0000000082300000, 0x0000000082300000, 0x0000000082400000|  0%| F|  |TAMS 0x0000000082300000, 0x0000000082300000| Untracked 
|  36|0x0000000082400000, 0x0000000082400000, 0x0000000082500000|  0%| F|  |TAMS 0x0000000082400000, 0x0000000082400000| Untracked 
|  37|0x0000000082500000, 0x0000000082500000, 0x0000000082600000|  0%| F|  |TAMS 0x0000000082500000, 0x0000000082500000| Untracked 
|  38|0x0000000082600000, 0x0000000082600000, 0x0000000082700000|  0%| F|  |TAMS 0x0000000082600000, 0x0000000082600000| Untracked 
|  39|0x0000000082700000, 0x0000000082700000, 0x0000000082800000|  0%| F|  |TAMS 0x0000000082700000, 0x0000000082700000| Untracked 
|  40|0x0000000082800000, 0x0000000082800000, 0x0000000082900000|  0%| F|  |TAMS 0x0000000082800000, 0x0000000082800000| Untracked 
|  41|0x0000000082900000, 0x0000000082900000, 0x0000000082a00000|  0%| F|  |TAMS 0x0000000082900000, 0x0000000082900000| Untracked 
|  42|0x0000000082a00000, 0x0000000082a00000, 0x0000000082b00000|  0%| F|  |TAMS 0x0000000082a00000, 0x0000000082a00000| Untracked 
|  43|0x0000000082b00000, 0x0000000082b00000, 0x0000000082c00000|  0%| F|  |TAMS 0x0000000082b00000, 0x0000000082b00000| Untracked 
|  44|0x0000000082c00000, 0x0000000082c00000, 0x0000000082d00000|  0%| F|  |TAMS 0x0000000082c00000, 0x0000000082c00000| Untracked 
|  45|0x0000000082d00000, 0x0000000082d00000, 0x0000000082e00000|  0%| F|  |TAMS 0x0000000082d00000, 0x0000000082d00000| Untracked 
|  46|0x0000000082e00000, 0x0000000082e00000, 0x0000000082f00000|  0%| F|  |TAMS 0x0000000082e00000, 0x0000000082e00000| Untracked 
|  47|0x0000000082f00000, 0x0000000082f00000, 0x0000000083000000|  0%| F|  |TAMS 0x0000000082f00000, 0x0000000082f00000| Untracked 
|  48|0x0000000083000000, 0x0000000083000000, 0x0000000083100000|  0%| F|  |TAMS 0x0000000083000000, 0x0000000083000000| Untracked 
|  49|0x0000000083100000, 0x0000000083100000, 0x0000000083200000|  0%| F|  |TAMS 0x0000000083100000, 0x0000000083100000| Untracked 
|  50|0x0000000083200000, 0x0000000083200000, 0x0000000083300000|  0%| F|  |TAMS 0x0000000083200000, 0x0000000083200000| Untracked 
|  51|0x0000000083300000, 0x0000000083300000, 0x0000000083400000|  0%| F|  |TAMS 0x0000000083300000, 0x0000000083300000| Untracked 
|  52|0x0000000083400000, 0x0000000083400000, 0x0000000083500000|  0%| F|  |TAMS 0x0000000083400000, 0x0000000083400000| Untracked 
|  53|0x0000000083500000, 0x0000000083500000, 0x0000000083600000|  0%| F|  |TAMS 0x0000000083500000, 0x0000000083500000| Untracked 
|  54|0x0000000083600000, 0x0000000083600000, 0x0000000083700000|  0%| F|  |TAMS 0x0000000083600000, 0x0000000083600000| Untracked 
|  55|0x0000000083700000, 0x0000000083700000, 0x0000000083800000|  0%| F|  |TAMS 0x0000000083700000, 0x0000000083700000| Untracked 
|  56|0x0000000083800000, 0x0000000083800000, 0x0000000083900000|  0%| F|  |TAMS 0x0000000083800000, 0x0000000083800000| Untracked 
|  57|0x0000000083900000, 0x0000000083900000, 0x0000000083a00000|  0%| F|  |TAMS 0x0000000083900000, 0x0000000083900000| Untracked 
|  58|0x0000000083a00000, 0x0000000083a00000, 0x0000000083b00000|  0%| F|  |TAMS 0x0000000083a00000, 0x0000000083a00000| Untracked 
|  59|0x0000000083b00000, 0x0000000083b00000, 0x0000000083c00000|  0%| F|  |TAMS 0x0000000083b00000, 0x0000000083b00000| Untracked 
|  60|0x0000000083c00000, 0x0000000083c00000, 0x0000000083d00000|  0%| F|  |TAMS 0x0000000083c00000, 0x0000000083c00000| Untracked 
|  61|0x0000000083d00000, 0x0000000083d00000, 0x0000000083e00000|  0%| F|  |TAMS 0x0000000083d00000, 0x0000000083d00000| Untracked 
|  62|0x0000000083e00000, 0x0000000083e00000, 0x0000000083f00000|  0%| F|  |TAMS 0x0000000083e00000, 0x0000000083e00000| Untracked 
|  63|0x0000000083f00000, 0x0000000083f00000, 0x0000000084000000|  0%| F|  |TAMS 0x0000000083f00000, 0x0000000083f00000| Untracked 
|  64|0x0000000084000000, 0x0000000084000000, 0x0000000084100000|  0%| F|  |TAMS 0x0000000084000000, 0x0000000084000000| Untracked 
|  65|0x0000000084100000, 0x0000000084100000, 0x0000000084200000|  0%| F|  |TAMS 0x0000000084100000, 0x0000000084100000| Untracked 
|  66|0x0000000084200000, 0x0000000084200000, 0x0000000084300000|  0%| F|  |TAMS 0x0000000084200000, 0x0000000084200000| Untracked 
|  67|0x0000000084300000, 0x0000000084300000, 0x0000000084400000|  0%| F|  |TAMS 0x0000000084300000, 0x0000000084300000| Untracked 
|  68|0x0000000084400000, 0x0000000084400000, 0x0000000084500000|  0%| F|  |TAMS 0x0000000084400000, 0x0000000084400000| Untracked 
|  69|0x0000000084500000, 0x0000000084500000, 0x0000000084600000|  0%| F|  |TAMS 0x0000000084500000, 0x0000000084500000| Untracked 
|  70|0x0000000084600000, 0x0000000084600000, 0x0000000084700000|  0%| F|  |TAMS 0x0000000084600000, 0x0000000084600000| Untracked 
|  71|0x0000000084700000, 0x0000000084700000, 0x0000000084800000|  0%| F|  |TAMS 0x0000000084700000, 0x0000000084700000| Untracked 
|  72|0x0000000084800000, 0x0000000084800000, 0x0000000084900000|  0%| F|  |TAMS 0x0000000084800000, 0x0000000084800000| Untracked 
|  73|0x0000000084900000, 0x0000000084900000, 0x0000000084a00000|  0%| F|  |TAMS 0x0000000084900000, 0x0000000084900000| Untracked 
|  74|0x0000000084a00000, 0x0000000084a00000, 0x0000000084b00000|  0%| F|  |TAMS 0x0000000084a00000, 0x0000000084a00000| Untracked 
|  75|0x0000000084b00000, 0x0000000084b00000, 0x0000000084c00000|  0%| F|  |TAMS 0x0000000084b00000, 0x0000000084b00000| Untracked 
|  76|0x0000000084c00000, 0x0000000084c00000, 0x0000000084d00000|  0%| F|  |TAMS 0x0000000084c00000, 0x0000000084c00000| Untracked 
|  77|0x0000000084d00000, 0x0000000084d00000, 0x0000000084e00000|  0%| F|  |TAMS 0x0000000084d00000, 0x0000000084d00000| Untracked 
|  78|0x0000000084e00000, 0x0000000084e00000, 0x0000000084f00000|  0%| F|  |TAMS 0x0000000084e00000, 0x0000000084e00000| Untracked 
|  79|0x0000000084f00000, 0x0000000084f00000, 0x0000000085000000|  0%| F|  |TAMS 0x0000000084f00000, 0x0000000084f00000| Untracked 
|  80|0x0000000085000000, 0x0000000085000000, 0x0000000085100000|  0%| F|  |TAMS 0x0000000085000000, 0x0000000085000000| Untracked 
|  81|0x0000000085100000, 0x0000000085100000, 0x0000000085200000|  0%| F|  |TAMS 0x0000000085100000, 0x0000000085100000| Untracked 
|  82|0x0000000085200000, 0x0000000085200000, 0x0000000085300000|  0%| F|  |TAMS 0x0000000085200000, 0x0000000085200000| Untracked 
|  83|0x0000000085300000, 0x0000000085300000, 0x0000000085400000|  0%| F|  |TAMS 0x0000000085300000, 0x0000000085300000| Untracked 
|  84|0x0000000085400000, 0x0000000085400000, 0x0000000085500000|  0%| F|  |TAMS 0x0000000085400000, 0x0000000085400000| Untracked 
|  85|0x0000000085500000, 0x0000000085500000, 0x0000000085600000|  0%| F|  |TAMS 0x0000000085500000, 0x0000000085500000| Untracked 
|  86|0x0000000085600000, 0x0000000085600000, 0x0000000085700000|  0%| F|  |TAMS 0x0000000085600000, 0x0000000085600000| Untracked 
|  87|0x0000000085700000, 0x0000000085700000, 0x0000000085800000|  0%| F|  |TAMS 0x0000000085700000, 0x0000000085700000| Untracked 
|  88|0x0000000085800000, 0x0000000085800000, 0x0000000085900000|  0%| F|  |TAMS 0x0000000085800000, 0x0000000085800000| Untracked 
|  89|0x0000000085900000, 0x0000000085900000, 0x0000000085a00000|  0%| F|  |TAMS 0x0000000085900000, 0x0000000085900000| Untracked 
|  90|0x0000000085a00000, 0x0000000085a00000, 0x0000000085b00000|  0%| F|  |TAMS 0x0000000085a00000, 0x0000000085a00000| Untracked 
|  91|0x0000000085b00000, 0x0000000085b00000, 0x0000000085c00000|  0%| F|  |TAMS 0x0000000085b00000, 0x0000000085b00000| Untracked 
|  92|0x0000000085c00000, 0x0000000085c00000, 0x0000000085d00000|  0%| F|  |TAMS 0x0000000085c00000, 0x0000000085c00000| Untracked 
|  93|0x0000000085d00000, 0x0000000085d00000, 0x0000000085e00000|  0%| F|  |TAMS 0x0000000085d00000, 0x0000000085d00000| Untracked 
|  94|0x0000000085e00000, 0x0000000085e00000, 0x0000000085f00000|  0%| F|  |TAMS 0x0000000085e00000, 0x0000000085e00000| Untracked 
|  95|0x0000000085f00000, 0x0000000085f00000, 0x0000000086000000|  0%| F|  |TAMS 0x0000000085f00000, 0x0000000085f00000| Untracked 
|  96|0x0000000086000000, 0x0000000086000000, 0x0000000086100000|  0%| F|  |TAMS 0x0000000086000000, 0x0000000086000000| Untracked 
|  97|0x0000000086100000, 0x0000000086100000, 0x0000000086200000|  0%| F|  |TAMS 0x0000000086100000, 0x0000000086100000| Untracked 
|  98|0x0000000086200000, 0x0000000086200000, 0x0000000086300000|  0%| F|  |TAMS 0x0000000086200000, 0x0000000086200000| Untracked 
|  99|0x0000000086300000, 0x0000000086300000, 0x0000000086400000|  0%| F|  |TAMS 0x0000000086300000, 0x0000000086300000| Untracked 
| 100|0x0000000086400000, 0x0000000086400000, 0x0000000086500000|  0%| F|  |TAMS 0x0000000086400000, 0x0000000086400000| Untracked 
| 101|0x0000000086500000, 0x0000000086500000, 0x0000000086600000|  0%| F|  |TAMS 0x0000000086500000, 0x0000000086500000| Untracked 
| 102|0x0000000086600000, 0x0000000086600000, 0x0000000086700000|  0%| F|  |TAMS 0x0000000086600000, 0x0000000086600000| Untracked 
| 103|0x0000000086700000, 0x0000000086700000, 0x0000000086800000|  0%| F|  |TAMS 0x0000000086700000, 0x0000000086700000| Untracked 
| 104|0x0000000086800000, 0x0000000086896810, 0x0000000086900000| 58%| S|CS|TAMS 0x0000000086800000, 0x0000000086800000| Complete 
| 105|0x0000000086900000, 0x0000000086a00000, 0x0000000086a00000|100%| S|CS|TAMS 0x0000000086900000, 0x0000000086900000| Complete 
| 106|0x0000000086a00000, 0x0000000086b00000, 0x0000000086b00000|100%| S|CS|TAMS 0x0000000086a00000, 0x0000000086a00000| Complete 
| 107|0x0000000086b00000, 0x0000000086c00000, 0x0000000086c00000|100%| S|CS|TAMS 0x0000000086b00000, 0x0000000086b00000| Complete 
| 108|0x0000000086c00000, 0x0000000086d00000, 0x0000000086d00000|100%| S|CS|TAMS 0x0000000086c00000, 0x0000000086c00000| Complete 
| 109|0x0000000086d00000, 0x0000000086e00000, 0x0000000086e00000|100%| S|CS|TAMS 0x0000000086d00000, 0x0000000086d00000| Complete 
| 110|0x0000000086e00000, 0x0000000086f00000, 0x0000000086f00000|100%| S|CS|TAMS 0x0000000086e00000, 0x0000000086e00000| Complete 
| 111|0x0000000086f00000, 0x0000000087000000, 0x0000000087000000|100%| S|CS|TAMS 0x0000000086f00000, 0x0000000086f00000| Complete 
| 112|0x0000000087000000, 0x0000000087100000, 0x0000000087100000|100%| S|CS|TAMS 0x0000000087000000, 0x0000000087000000| Complete 
| 113|0x0000000087100000, 0x0000000087100000, 0x0000000087200000|  0%| F|  |TAMS 0x0000000087100000, 0x0000000087100000| Untracked 
| 114|0x0000000087200000, 0x0000000087200000, 0x0000000087300000|  0%| F|  |TAMS 0x0000000087200000, 0x0000000087200000| Untracked 
| 115|0x0000000087300000, 0x0000000087300000, 0x0000000087400000|  0%| F|  |TAMS 0x0000000087300000, 0x0000000087300000| Untracked 
| 116|0x0000000087400000, 0x0000000087400000, 0x0000000087500000|  0%| F|  |TAMS 0x0000000087400000, 0x0000000087400000| Untracked 
| 117|0x0000000087500000, 0x0000000087500000, 0x0000000087600000|  0%| F|  |TAMS 0x0000000087500000, 0x0000000087500000| Untracked 
| 118|0x0000000087600000, 0x0000000087600000, 0x0000000087700000|  0%| F|  |TAMS 0x0000000087600000, 0x0000000087600000| Untracked 
| 119|0x0000000087700000, 0x0000000087700000, 0x0000000087800000|  0%| F|  |TAMS 0x0000000087700000, 0x0000000087700000| Untracked 
| 120|0x0000000087800000, 0x0000000087800000, 0x0000000087900000|  0%| F|  |TAMS 0x0000000087800000, 0x0000000087800000| Untracked 
| 121|0x0000000087900000, 0x0000000087900000, 0x0000000087a00000|  0%| F|  |TAMS 0x0000000087900000, 0x0000000087900000| Untracked 
| 122|0x0000000087a00000, 0x0000000087a00000, 0x0000000087b00000|  0%| F|  |TAMS 0x0000000087a00000, 0x0000000087a00000| Untracked 
| 123|0x0000000087b00000, 0x0000000087b00000, 0x0000000087c00000|  0%| F|  |TAMS 0x0000000087b00000, 0x0000000087b00000| Untracked 
| 124|0x0000000087c00000, 0x0000000087c00000, 0x0000000087d00000|  0%| F|  |TAMS 0x0000000087c00000, 0x0000000087c00000| Untracked 
| 125|0x0000000087d00000, 0x0000000087d00000, 0x0000000087e00000|  0%| F|  |TAMS 0x0000000087d00000, 0x0000000087d00000| Untracked 
| 126|0x0000000087e00000, 0x0000000087e00000, 0x0000000087f00000|  0%| F|  |TAMS 0x0000000087e00000, 0x0000000087e00000| Untracked 
| 127|0x0000000087f00000, 0x0000000087f00000, 0x0000000088000000|  0%| F|  |TAMS 0x0000000087f00000, 0x0000000087f00000| Untracked 
| 128|0x0000000088000000, 0x0000000088000000, 0x0000000088100000|  0%| F|  |TAMS 0x0000000088000000, 0x0000000088000000| Untracked 
| 129|0x0000000088100000, 0x0000000088100000, 0x0000000088200000|  0%| F|  |TAMS 0x0000000088100000, 0x0000000088100000| Untracked 
| 130|0x0000000088200000, 0x0000000088200000, 0x0000000088300000|  0%| F|  |TAMS 0x0000000088200000, 0x0000000088200000| Untracked 
| 131|0x0000000088300000, 0x0000000088300000, 0x0000000088400000|  0%| F|  |TAMS 0x0000000088300000, 0x0000000088300000| Untracked 
| 132|0x0000000088400000, 0x0000000088400000, 0x0000000088500000|  0%| F|  |TAMS 0x0000000088400000, 0x0000000088400000| Untracked 
| 133|0x0000000088500000, 0x0000000088500000, 0x0000000088600000|  0%| F|  |TAMS 0x0000000088500000, 0x0000000088500000| Untracked 
| 134|0x0000000088600000, 0x0000000088600000, 0x0000000088700000|  0%| F|  |TAMS 0x0000000088600000, 0x0000000088600000| Untracked 
| 135|0x0000000088700000, 0x0000000088700000, 0x0000000088800000|  0%| F|  |TAMS 0x0000000088700000, 0x0000000088700000| Untracked 
| 136|0x0000000088800000, 0x0000000088800000, 0x0000000088900000|  0%| F|  |TAMS 0x0000000088800000, 0x0000000088800000| Untracked 
| 137|0x0000000088900000, 0x0000000088900000, 0x0000000088a00000|  0%| F|  |TAMS 0x0000000088900000, 0x0000000088900000| Untracked 
| 138|0x0000000088a00000, 0x0000000088a00000, 0x0000000088b00000|  0%| F|  |TAMS 0x0000000088a00000, 0x0000000088a00000| Untracked 
| 139|0x0000000088b00000, 0x0000000088b00000, 0x0000000088c00000|  0%| F|  |TAMS 0x0000000088b00000, 0x0000000088b00000| Untracked 
| 140|0x0000000088c00000, 0x0000000088c00000, 0x0000000088d00000|  0%| F|  |TAMS 0x0000000088c00000, 0x0000000088c00000| Untracked 
| 141|0x0000000088d00000, 0x0000000088d00000, 0x0000000088e00000|  0%| F|  |TAMS 0x0000000088d00000, 0x0000000088d00000| Untracked 
| 142|0x0000000088e00000, 0x0000000088e00000, 0x0000000088f00000|  0%| F|  |TAMS 0x0000000088e00000, 0x0000000088e00000| Untracked 
| 143|0x0000000088f00000, 0x0000000088f80800, 0x0000000089000000| 50%| E|  |TAMS 0x0000000088f00000, 0x0000000088f00000| Complete 
| 144|0x0000000089000000, 0x0000000089100000, 0x0000000089100000|100%| E|CS|TAMS 0x0000000089000000, 0x0000000089000000| Complete 
| 145|0x0000000089100000, 0x0000000089200000, 0x0000000089200000|100%| E|CS|TAMS 0x0000000089100000, 0x0000000089100000| Complete 
| 146|0x0000000089200000, 0x0000000089300000, 0x0000000089300000|100%| E|CS|TAMS 0x0000000089200000, 0x0000000089200000| Complete 
| 147|0x0000000089300000, 0x0000000089400000, 0x0000000089400000|100%| E|CS|TAMS 0x0000000089300000, 0x0000000089300000| Complete 
| 148|0x0000000089400000, 0x0000000089500000, 0x0000000089500000|100%| E|CS|TAMS 0x0000000089400000, 0x0000000089400000| Complete 
| 149|0x0000000089500000, 0x0000000089600000, 0x0000000089600000|100%| E|CS|TAMS 0x0000000089500000, 0x0000000089500000| Complete 
| 150|0x0000000089600000, 0x0000000089700000, 0x0000000089700000|100%| E|CS|TAMS 0x0000000089600000, 0x0000000089600000| Complete 
| 151|0x0000000089700000, 0x0000000089800000, 0x0000000089800000|100%| E|CS|TAMS 0x0000000089700000, 0x0000000089700000| Complete 
| 152|0x0000000089800000, 0x0000000089900000, 0x0000000089900000|100%| E|CS|TAMS 0x0000000089800000, 0x0000000089800000| Complete 
| 153|0x0000000089900000, 0x0000000089a00000, 0x0000000089a00000|100%| E|  |TAMS 0x0000000089900000, 0x0000000089900000| Complete 
| 154|0x0000000089a00000, 0x0000000089b00000, 0x0000000089b00000|100%| E|CS|TAMS 0x0000000089a00000, 0x0000000089a00000| Complete 
| 155|0x0000000089b00000, 0x0000000089c00000, 0x0000000089c00000|100%| E|CS|TAMS 0x0000000089b00000, 0x0000000089b00000| Complete 
| 156|0x0000000089c00000, 0x0000000089d00000, 0x0000000089d00000|100%| E|CS|TAMS 0x0000000089c00000, 0x0000000089c00000| Complete 
| 157|0x0000000089d00000, 0x0000000089e00000, 0x0000000089e00000|100%| E|CS|TAMS 0x0000000089d00000, 0x0000000089d00000| Complete 
| 158|0x0000000089e00000, 0x0000000089f00000, 0x0000000089f00000|100%| E|CS|TAMS 0x0000000089e00000, 0x0000000089e00000| Complete 
| 159|0x0000000089f00000, 0x000000008a000000, 0x000000008a000000|100%| E|CS|TAMS 0x0000000089f00000, 0x0000000089f00000| Complete 
| 160|0x000000008a000000, 0x000000008a100000, 0x000000008a100000|100%| E|CS|TAMS 0x000000008a000000, 0x000000008a000000| Complete 
| 161|0x000000008a100000, 0x000000008a200000, 0x000000008a200000|100%| E|CS|TAMS 0x000000008a100000, 0x000000008a100000| Complete 
| 162|0x000000008a200000, 0x000000008a300000, 0x000000008a300000|100%| E|CS|TAMS 0x000000008a200000, 0x000000008a200000| Complete 
| 163|0x000000008a300000, 0x000000008a400000, 0x000000008a400000|100%| E|CS|TAMS 0x000000008a300000, 0x000000008a300000| Complete 
| 164|0x000000008a400000, 0x000000008a500000, 0x000000008a500000|100%| E|CS|TAMS 0x000000008a400000, 0x000000008a400000| Complete 
| 165|0x000000008a500000, 0x000000008a600000, 0x000000008a600000|100%| E|CS|TAMS 0x000000008a500000, 0x000000008a500000| Complete 
| 166|0x000000008a600000, 0x000000008a700000, 0x000000008a700000|100%| E|CS|TAMS 0x000000008a600000, 0x000000008a600000| Complete 
| 167|0x000000008a700000, 0x000000008a800000, 0x000000008a800000|100%| E|CS|TAMS 0x000000008a700000, 0x000000008a700000| Complete 
| 168|0x000000008a800000, 0x000000008a900000, 0x000000008a900000|100%| E|CS|TAMS 0x000000008a800000, 0x000000008a800000| Complete 
| 169|0x000000008a900000, 0x000000008aa00000, 0x000000008aa00000|100%| E|CS|TAMS 0x000000008a900000, 0x000000008a900000| Complete 
| 170|0x000000008aa00000, 0x000000008ab00000, 0x000000008ab00000|100%| E|CS|TAMS 0x000000008aa00000, 0x000000008aa00000| Complete 
| 171|0x000000008ab00000, 0x000000008ac00000, 0x000000008ac00000|100%| E|CS|TAMS 0x000000008ab00000, 0x000000008ab00000| Complete 
| 172|0x000000008ac00000, 0x000000008ad00000, 0x000000008ad00000|100%| E|CS|TAMS 0x000000008ac00000, 0x000000008ac00000| Complete 
| 173|0x000000008ad00000, 0x000000008ae00000, 0x000000008ae00000|100%| E|CS|TAMS 0x000000008ad00000, 0x000000008ad00000| Complete 
| 174|0x000000008ae00000, 0x000000008af00000, 0x000000008af00000|100%| E|CS|TAMS 0x000000008ae00000, 0x000000008ae00000| Complete 
| 175|0x000000008af00000, 0x000000008b000000, 0x000000008b000000|100%| E|CS|TAMS 0x000000008af00000, 0x000000008af00000| Complete 
| 176|0x000000008b000000, 0x000000008b100000, 0x000000008b100000|100%| E|CS|TAMS 0x000000008b000000, 0x000000008b000000| Complete 
| 177|0x000000008b100000, 0x000000008b200000, 0x000000008b200000|100%| E|CS|TAMS 0x000000008b100000, 0x000000008b100000| Complete 
| 178|0x000000008b200000, 0x000000008b300000, 0x000000008b300000|100%| E|CS|TAMS 0x000000008b200000, 0x000000008b200000| Complete 
| 179|0x000000008b300000, 0x000000008b400000, 0x000000008b400000|100%| E|CS|TAMS 0x000000008b300000, 0x000000008b300000| Complete 
| 180|0x000000008b400000, 0x000000008b500000, 0x000000008b500000|100%| E|CS|TAMS 0x000000008b400000, 0x000000008b400000| Complete 
| 181|0x000000008b500000, 0x000000008b600000, 0x000000008b600000|100%| E|CS|TAMS 0x000000008b500000, 0x000000008b500000| Complete 
| 182|0x000000008b600000, 0x000000008b700000, 0x000000008b700000|100%| E|CS|TAMS 0x000000008b600000, 0x000000008b600000| Complete 
| 183|0x000000008b700000, 0x000000008b800000, 0x000000008b800000|100%| E|CS|TAMS 0x000000008b700000, 0x000000008b700000| Complete 
| 184|0x000000008b800000, 0x000000008b900000, 0x000000008b900000|100%| E|CS|TAMS 0x000000008b800000, 0x000000008b800000| Complete 
| 185|0x000000008b900000, 0x000000008ba00000, 0x000000008ba00000|100%| E|CS|TAMS 0x000000008b900000, 0x000000008b900000| Complete 
| 186|0x000000008ba00000, 0x000000008bb00000, 0x000000008bb00000|100%| E|CS|TAMS 0x000000008ba00000, 0x000000008ba00000| Complete 
| 187|0x000000008bb00000, 0x000000008bc00000, 0x000000008bc00000|100%| E|CS|TAMS 0x000000008bb00000, 0x000000008bb00000| Complete 
| 188|0x000000008bc00000, 0x000000008bd00000, 0x000000008bd00000|100%| E|CS|TAMS 0x000000008bc00000, 0x000000008bc00000| Complete 
| 189|0x000000008bd00000, 0x000000008be00000, 0x000000008be00000|100%| E|CS|TAMS 0x000000008bd00000, 0x000000008bd00000| Complete 
| 190|0x000000008be00000, 0x000000008bf00000, 0x000000008bf00000|100%| E|CS|TAMS 0x000000008be00000, 0x000000008be00000| Complete 
| 191|0x000000008bf00000, 0x000000008c000000, 0x000000008c000000|100%| E|CS|TAMS 0x000000008bf00000, 0x000000008bf00000| Complete 

Card table byte_map: [0x000001c0c08f0000,0x000001c0c0cf0000] _byte_map_base: 0x000001c0c04f0000

Marking Bits (Prev, Next): (CMBitMap*) 0x000001c0ada2e8d8, (CMBitMap*) 0x000001c0ada2e910
 Prev Bits: [0x000001c0c10f0000, 0x000001c0c30f0000)
 Next Bits: [0x000001c0c30f0000, 0x000001c0c50f0000)

Polling page: 0x000001c0ad1d0000

Metaspace:

Usage:
  Non-class:     35.32 MB capacity,    34.66 MB ( 98%) used,   573.54 KB (  2%) free+waste,    99.75 KB ( <1%) overhead. 
      Class:      5.40 MB capacity,     5.02 MB ( 93%) used,   339.12 KB (  6%) free+waste,    48.00 KB ( <1%) overhead. 
       Both:     40.71 MB capacity,    39.68 MB ( 97%) used,   912.66 KB (  2%) free+waste,   147.75 KB ( <1%) overhead. 

Virtual space:
  Non-class space:       36.00 MB reserved,      35.50 MB ( 99%) committed 
      Class space:        1.00 GB reserved,       5.50 MB ( <1%) committed 
             Both:        1.04 GB reserved,      41.00 MB (  4%) committed 

Chunk freelists:
   Non-Class:  59.00 KB
       Class:  10.00 KB
        Both:  69.00 KB

MaxMetaspaceSize: 17179869184.00 GB
CompressedClassSpaceSize: 1.00 GB

CodeHeap 'non-profiled nmethods': size=120064Kb used=1489Kb max_used=1489Kb free=118574Kb
 bounds [0x000001c0b8fb0000, 0x000001c0b9220000, 0x000001c0c04f0000]
CodeHeap 'profiled nmethods': size=120000Kb used=7348Kb max_used=7348Kb free=112651Kb
 bounds [0x000001c0b1a80000, 0x000001c0b21b0000, 0x000001c0b8fb0000]
CodeHeap 'non-nmethods': size=5696Kb used=2203Kb max_used=2223Kb free=3492Kb
 bounds [0x000001c0b14f0000, 0x000001c0b1760000, 0x000001c0b1a80000]
 total_blobs=4378 nmethods=3609 adapters=680
 compilation: enabled
              stopped_count=0, restarted_count=0
 full_count=0

Compilation events (20 events):
Event: 7.618 Thread 0x000001c0c7e68000 3590       3       java.lang.invoke.InnerClassLambdaMetafactory::generateConstructor (151 bytes)
Event: 7.619 Thread 0x000001c0c7e68000 nmethod 3590 0x000001c0b2183790 code [0x000001c0b2183a80, 0x000001c0b2184728]
Event: 7.619 Thread 0x000001c0c7e68000 3587       3       java.lang.invoke.AbstractValidatingLambdaMetafactory::checkDescriptor (133 bytes)
Event: 7.621 Thread 0x000001c0c7e68000 nmethod 3587 0x000001c0b2184d10 code [0x000001c0b2185160, 0x000001c0b21874f8]
Event: 7.621 Thread 0x000001c0c7e68000 3586       3       java.lang.invoke.AbstractValidatingLambdaMetafactory::isAdaptableToAsReturn (36 bytes)
Event: 7.622 Thread 0x000001c0c7e68000 nmethod 3586 0x000001c0b2188090 code [0x000001c0b2188280, 0x000001c0b2188708]
Event: 7.622 Thread 0x000001c0c7e68000 3588       3       java.lang.invoke.AbstractValidatingLambdaMetafactory::isAdaptableToAsReturnStrict (34 bytes)
Event: 7.622 Thread 0x000001c0c7e68000 nmethod 3588 0x000001c0b2188890 code [0x000001c0b2188a80, 0x000001c0b2189008]
Event: 7.622 Thread 0x000001c0c7e68000 3591   !   3       java.lang.invoke.MethodHandles$Lookup::revealDirect (209 bytes)
Event: 7.624 Thread 0x000001c0c7e68000 nmethod 3591 0x000001c0b2189190 code [0x000001c0b2189540, 0x000001c0b218ac18]
Event: 7.626 Thread 0x000001c0c7e68000 3592       3       java.lang.invoke.LambdaForm$DMH/0x00000001002bdc40::invokeStatic (30 bytes)
Event: 7.626 Thread 0x000001c0c7e68000 nmethod 3592 0x000001c0b218b410 code [0x000001c0b218b620, 0x000001c0b218bc88]
Event: 7.629 Thread 0x000001c0c7e68000 3593       3       java.util.regex.Pattern::newSlice (181 bytes)
Event: 7.630 Thread 0x000001c0c7e68000 nmethod 3593 0x000001c0b218be10 code [0x000001c0b218c140, 0x000001c0b218d2e8]
Event: 7.630 Thread 0x000001c0c7e68000 3594       3       java.util.regex.Pattern::compile (10 bytes)
Event: 7.631 Thread 0x000001c0c7e68000 nmethod 3594 0x000001c0b218d990 code [0x000001c0b218db40, 0x000001c0b218dcc8]
Event: 7.631 Thread 0x000001c0c7e68000 3596       3       org.objectweb.asm.ClassReader::readUnsignedShort (26 bytes)
Event: 7.631 Thread 0x000001c0c7e68000 nmethod 3596 0x000001c0b218dd90 code [0x000001c0b218df40, 0x000001c0b218e098]
Event: 7.640 Thread 0x000001c0c7e68000 3597       3       java.lang.StringBuilder::length (5 bytes)
Event: 7.640 Thread 0x000001c0c7e68000 nmethod 3597 0x000001c0b218e190 code [0x000001c0b218e340, 0x000001c0b218e458]

GC Heap History (14 events):
Event: 0.693 GC heap before
{Heap before GC invocations=0 (full 0):
 garbage-first heap   total 196608K, used 19456K [0x0000000080000000, 0x0000000100000000)
  region size 1024K, 14 young (14336K), 0 survivors (0K)
 Metaspace       used 6736K, capacity 6925K, committed 7168K, reserved 1056768K
  class space    used 582K, capacity 650K, committed 768K, reserved 1048576K
}
Event: 0.698 GC heap after
{Heap after GC invocations=1 (full 0):
 garbage-first heap   total 196608K, used 7752K [0x0000000080000000, 0x0000000100000000)
  region size 1024K, 2 young (2048K), 2 survivors (2048K)
 Metaspace       used 6736K, capacity 6925K, committed 7168K, reserved 1056768K
  class space    used 582K, capacity 650K, committed 768K, reserved 1048576K
}
Event: 1.105 GC heap before
{Heap before GC invocations=1 (full 0):
 garbage-first heap   total 196608K, used 20040K [0x0000000080000000, 0x0000000100000000)
  region size 1024K, 14 young (14336K), 2 survivors (2048K)
 Metaspace       used 9902K, capacity 10118K, committed 10368K, reserved 1058816K
  class space    used 1028K, capacity 1102K, committed 1152K, reserved 1048576K
}
Event: 1.109 GC heap after
{Heap after GC invocations=2 (full 0):
 garbage-first heap   total 196608K, used 9330K [0x0000000080000000, 0x0000000100000000)
  region size 1024K, 2 young (2048K), 2 survivors (2048K)
 Metaspace       used 9902K, capacity 10118K, committed 10368K, reserved 1058816K
  class space    used 1028K, capacity 1102K, committed 1152K, reserved 1048576K
}
Event: 1.978 GC heap before
{Heap before GC invocations=2 (full 0):
 garbage-first heap   total 196608K, used 41074K [0x0000000080000000, 0x0000000100000000)
  region size 1024K, 32 young (32768K), 2 survivors (2048K)
 Metaspace       used 10864K, capacity 11073K, committed 11264K, reserved 1058816K
  class space    used 1131K, capacity 1207K, committed 1280K, reserved 1048576K
}
Event: 1.982 GC heap after
{Heap after GC invocations=3 (full 0):
 garbage-first heap   total 196608K, used 11925K [0x0000000080000000, 0x0000000100000000)
  region size 1024K, 4 young (4096K), 4 survivors (4096K)
 Metaspace       used 10864K, capacity 11073K, committed 11264K, reserved 1058816K
  class space    used 1131K, capacity 1207K, committed 1280K, reserved 1048576K
}
Event: 3.514 GC heap before
{Heap before GC invocations=3 (full 0):
 garbage-first heap   total 196608K, used 59029K [0x0000000080000000, 0x0000000100000000)
  region size 1024K, 50 young (51200K), 4 survivors (4096K)
 Metaspace       used 18810K, capacity 19269K, committed 19328K, reserved 1067008K
  class space    used 2246K, capacity 2399K, committed 2432K, reserved 1048576K
}
Event: 3.524 GC heap after
{Heap after GC invocations=4 (full 0):
 garbage-first heap   total 196608K, used 16645K [0x0000000080000000, 0x0000000100000000)
  region size 1024K, 7 young (7168K), 7 survivors (7168K)
 Metaspace       used 18810K, capacity 19269K, committed 19328K, reserved 1067008K
  class space    used 2246K, capacity 2399K, committed 2432K, reserved 1048576K
}
Event: 3.724 GC heap before
{Heap before GC invocations=4 (full 0):
 garbage-first heap   total 196608K, used 33029K [0x0000000080000000, 0x0000000100000000)
  region size 1024K, 24 young (24576K), 7 survivors (7168K)
 Metaspace       used 20668K, capacity 21084K, committed 21248K, reserved 1067008K
  class space    used 2530K, capacity 2706K, committed 2816K, reserved 1048576K
}
Event: 3.732 GC heap after
{Heap after GC invocations=5 (full 0):
 garbage-first heap   total 196608K, used 17220K [0x0000000080000000, 0x0000000100000000)
  region size 1024K, 6 young (6144K), 6 survivors (6144K)
 Metaspace       used 20668K, capacity 21084K, committed 21248K, reserved 1067008K
  class space    used 2530K, capacity 2706K, committed 2816K, reserved 1048576K
}
Event: 5.115 GC heap before
{Heap before GC invocations=6 (full 0):
 garbage-first heap   total 196608K, used 67396K [0x0000000080000000, 0x0000000100000000)
  region size 1024K, 55 young (56320K), 6 survivors (6144K)
 Metaspace       used 25821K, capacity 26438K, committed 26624K, reserved 1073152K
  class space    used 3350K, capacity 3581K, committed 3584K, reserved 1048576K
}
Event: 5.125 GC heap after
{Heap after GC invocations=7 (full 0):
 garbage-first heap   total 196608K, used 19631K [0x0000000080000000, 0x0000000100000000)
  region size 1024K, 3 young (3072K), 3 survivors (3072K)
 Metaspace       used 25821K, capacity 26438K, committed 26624K, reserved 1073152K
  class space    used 3350K, capacity 3581K, committed 3584K, reserved 1048576K
}
Event: 6.844 GC heap before
{Heap before GC invocations=7 (full 0):
 garbage-first heap   total 196608K, used 105647K [0x0000000080000000, 0x0000000100000000)
  region size 1024K, 79 young (80896K), 3 survivors (3072K)
 Metaspace       used 34806K, capacity 35736K, committed 35840K, reserved 1081344K
  class space    used 4557K, capacity 4889K, committed 4992K, reserved 1048576K
}
Event: 6.863 GC heap after
{Heap after GC invocations=8 (full 0):
 garbage-first heap   total 196608K, used 34569K [0x0000000080000000, 0x0000000100000000)
  region size 1024K, 9 young (9216K), 9 survivors (9216K)
 Metaspace       used 34806K, capacity 35736K, committed 35840K, reserved 1081344K
  class space    used 4557K, capacity 4889K, committed 4992K, reserved 1048576K
}

Deoptimization events (20 events):
Event: 7.569 Thread 0x000001c0c9ed7000 Uncommon trap: trap_request=0xffffffde fr.pc=0x000001c0b910bed4 relative=0x00000000000005b4
Event: 7.569 Thread 0x000001c0c9ed7000 Uncommon trap: reason=class_check action=maybe_recompile pc=0x000001c0b910bed4 method=java.util.regex.Pattern$Start.match(Ljava/util/regex/Matcher;ILjava/lang/CharSequence;)Z @ 44 c2
Event: 7.569 Thread 0x000001c0c9ed7000 DEOPT PACKING pc=0x000001c0b910bed4 sp=0x00000011a70f7e80
Event: 7.569 Thread 0x000001c0c9ed7000 DEOPT UNPACKING pc=0x000001c0b151662f sp=0x00000011a70f7dc0 mode 2
Event: 7.583 Thread 0x000001c0c9ed7000 Uncommon trap: trap_request=0xffffffde fr.pc=0x000001c0b909c1a4 relative=0x00000000000002e4
Event: 7.583 Thread 0x000001c0c9ed7000 Uncommon trap: reason=class_check action=maybe_recompile pc=0x000001c0b909c1a4 method=java.util.Collections$SetFromMap.remove(Ljava/lang/Object;)Z @ 5 c2
Event: 7.583 Thread 0x000001c0c9ed7000 DEOPT PACKING pc=0x000001c0b909c1a4 sp=0x00000011a70faeb0
Event: 7.583 Thread 0x000001c0c9ed7000 DEOPT UNPACKING pc=0x000001c0b151662f sp=0x00000011a70faea8 mode 2
Event: 7.583 Thread 0x000001c0c9ed7000 Uncommon trap: trap_request=0xffffffde fr.pc=0x000001c0b909c1a4 relative=0x00000000000002e4
Event: 7.583 Thread 0x000001c0c9ed7000 Uncommon trap: reason=class_check action=maybe_recompile pc=0x000001c0b909c1a4 method=java.util.Collections$SetFromMap.remove(Ljava/lang/Object;)Z @ 5 c2
Event: 7.583 Thread 0x000001c0c9ed7000 DEOPT PACKING pc=0x000001c0b909c1a4 sp=0x00000011a70fae30
Event: 7.583 Thread 0x000001c0c9ed7000 DEOPT UNPACKING pc=0x000001c0b151662f sp=0x00000011a70fae28 mode 2
Event: 7.635 Thread 0x000001c0c9f07800 Uncommon trap: trap_request=0xffffff4d fr.pc=0x000001c0b90c80a4 relative=0x0000000000000464
Event: 7.635 Thread 0x000001c0c9f07800 Uncommon trap: reason=unstable_if action=reinterpret pc=0x000001c0b90c80a4 method=java.lang.StringLatin1.regionMatchesCI([BI[BII)Z @ 66 c2
Event: 7.635 Thread 0x000001c0c9f07800 DEOPT PACKING pc=0x000001c0b90c80a4 sp=0x00000011a7afe1e0
Event: 7.635 Thread 0x000001c0c9f07800 DEOPT UNPACKING pc=0x000001c0b151662f sp=0x00000011a7afe058 mode 2
Event: 7.635 Thread 0x000001c0c9f07800 Uncommon trap: trap_request=0xffffff4d fr.pc=0x000001c0b907187c relative=0x000000000000059c
Event: 7.635 Thread 0x000001c0c9f07800 Uncommon trap: reason=unstable_if action=reinterpret pc=0x000001c0b907187c method=java.lang.StringLatin1.regionMatchesCI([BI[BII)Z @ 66 c2
Event: 7.635 Thread 0x000001c0c9f07800 DEOPT PACKING pc=0x000001c0b907187c sp=0x00000011a7afe1d0
Event: 7.635 Thread 0x000001c0c9f07800 DEOPT UNPACKING pc=0x000001c0b151662f sp=0x00000011a7afe0d0 mode 2

Classes redefined (0 events):
No events

Internal exceptions (20 events):
Event: 7.318 Thread 0x000001c0c9ed7000 Exception <a 'java/lang/ClassNotFoundException'{0x0000000089f25288}: groovy/lang/ScriptBeanInfo> (0x0000000089f25288) thrown at [./src/hotspot/share/classfile/systemDictionary.cpp, line 231]
Event: 7.319 Thread 0x000001c0c9ed7000 Exception <a 'java/lang/ClassNotFoundException'{0x0000000089f451b8}: groovy/lang/ScriptCustomizer> (0x0000000089f451b8) thrown at [./src/hotspot/share/classfile/systemDictionary.cpp, line 231]
Event: 7.321 Thread 0x000001c0c9ed7000 Exception <a 'java/lang/ClassNotFoundException'{0x0000000089f60ef8}: org/gradle/groovy/scripts/ScriptCustomizer> (0x0000000089f60ef8) thrown at [./src/hotspot/share/classfile/systemDictionary.cpp, line 231]
Event: 7.322 Thread 0x000001c0c9ed7000 Exception <a 'java/lang/ClassNotFoundException'{0x0000000089f7c858}: org/gradle/groovy/scripts/BasicScriptCustomizer> (0x0000000089f7c858) thrown at [./src/hotspot/share/classfile/systemDictionary.cpp, line 231]
Event: 7.327 Thread 0x000001c0c9ed7000 Exception <a 'java/lang/ClassNotFoundException'{0x0000000089f9df88}: org/gradle/groovy/scripts/DefaultScriptCustomizer> (0x0000000089f9df88) thrown at [./src/hotspot/share/classfile/systemDictionary.cpp, line 231]
Event: 7.341 Thread 0x000001c0c9ed7000 Exception <a 'java/lang/ClassNotFoundException'{0x0000000089fea278}: org/gradle/initialization/InitScriptCustomizer> (0x0000000089fea278) thrown at [./src/hotspot/share/classfile/systemDictionary.cpp, line 231]
Event: 7.343 Thread 0x000001c0c9ed7000 Exception <a 'java/lang/ClassNotFoundException'{0x0000000089ffddc8}: ijmapper_evcojz4obhtw42tosjplmbyawCustomizer> (0x0000000089ffddc8) thrown at [./src/hotspot/share/classfile/systemDictionary.cpp, line 231]
Event: 7.359 Thread 0x000001c0c9ed7000 Exception <a 'java/lang/ClassNotFoundException'{0x0000000089edeaf0}: org/gradle/internal/extensibility/DefaultExtraPropertiesExtensionBeanInfo> (0x0000000089edeaf0) thrown at [./src/hotspot/share/classfile/systemDictionary.cpp, line 231]
Event: 7.360 Thread 0x000001c0c9ed7000 Exception <a 'java/lang/ClassNotFoundException'{0x0000000089ef83e8}: org/gradle/internal/extensibility/DefaultExtraPropertiesExtensionCustomizer> (0x0000000089ef83e8) thrown at [./src/hotspot/share/classfile/systemDictionary.cpp, line 231]
Event: 7.406 Thread 0x000001c0c9ed7000 Exception <a 'java/lang/ClassNotFoundException'{0x0000000089b6fc98}: org/gradle/invocation/DefaultGradle_DecoratedBeanInfo> (0x0000000089b6fc98) thrown at [./src/hotspot/share/classfile/systemDictionary.cpp, line 231]
Event: 7.407 Thread 0x000001c0c9ed7000 Exception <a 'java/lang/ClassNotFoundException'{0x0000000089b91b08}: org/gradle/invocation/DefaultGradleBeanInfo> (0x0000000089b91b08) thrown at [./src/hotspot/share/classfile/systemDictionary.cpp, line 231]
Event: 7.408 Thread 0x000001c0c9ed7000 Exception <a 'java/lang/ClassNotFoundException'{0x0000000089bb7cb0}: org/gradle/api/internal/project/AbstractPluginAwareBeanInfo> (0x0000000089bb7cb0) thrown at [./src/hotspot/share/classfile/systemDictionary.cpp, line 231]
Event: 7.409 Thread 0x000001c0c9ed7000 Exception <a 'java/lang/ClassNotFoundException'{0x0000000089bddc80}: org/gradle/api/internal/project/AbstractPluginAwareCustomizer> (0x0000000089bddc80) thrown at [./src/hotspot/share/classfile/systemDictionary.cpp, line 231]
Event: 7.418 Thread 0x000001c0c9ed7000 Exception <a 'java/lang/ClassNotFoundException'{0x0000000089a06270}: org/gradle/invocation/DefaultGradleCustomizer> (0x0000000089a06270) thrown at [./src/hotspot/share/classfile/systemDictionary.cpp, line 231]
Event: 7.427 Thread 0x000001c0c9ed7000 Exception <a 'java/lang/ClassNotFoundException'{0x0000000089a5b360}: org/gradle/invocation/DefaultGradle_DecoratedCustomizer> (0x0000000089a5b360) thrown at [./src/hotspot/share/classfile/systemDictionary.cpp, line 231]
Event: 7.566 Thread 0x000001c0c9ed7000 Exception <a 'java/lang/ClassNotFoundException'{0x00000000897ef008}: groovy/lang/Closure$1BeanInfo> (0x00000000897ef008) thrown at [./src/hotspot/share/classfile/systemDictionary.cpp, line 231]
Event: 7.567 Thread 0x000001c0c9ed7000 Exception <a 'java/lang/ClassNotFoundException'{0x0000000089621a30}: groovy/lang/ClosureBeanInfo> (0x0000000089621a30) thrown at [./src/hotspot/share/classfile/systemDictionary.cpp, line 231]
Event: 7.568 Thread 0x000001c0c9ed7000 Exception <a 'java/lang/ClassNotFoundException'{0x0000000089654000}: groovy/lang/ClosureCustomizer> (0x0000000089654000) thrown at [./src/hotspot/share/classfile/systemDictionary.cpp, line 231]
Event: 7.571 Thread 0x000001c0c9ed7000 Exception <a 'java/lang/ClassNotFoundException'{0x00000000896a8e00}: groovy/lang/Closure$1Customizer> (0x00000000896a8e00) thrown at [./src/hotspot/share/classfile/systemDictionary.cpp, line 231]
Event: 7.601 Thread 0x000001c0c9f07800 Exception <a 'sun/nio/fs/WindowsException'{0x00000000895aea58}> (0x00000000895aea58) thrown at [./src/hotspot/share/prims/jni.cpp, line 615]

Events (20 events):
Event: 7.635 loading class org/gradle/api/tasks/bundling/internal/Zip64RequiredException
Event: 7.635 loading class org/gradle/api/tasks/bundling/internal/Zip64RequiredException done
Event: 7.635 loading class org/apache/tools/zip/ZipOutputStream$CurrentEntry
Event: 7.635 loading class org/apache/tools/zip/ZipOutputStream$CurrentEntry done
Event: 7.635 loading class org/apache/tools/zip/Zip64ExtendedInformationExtraField
Event: 7.635 loading class org/apache/tools/zip/Zip64ExtendedInformationExtraField done
Event: 7.636 loading class org/apache/tools/zip/CentralDirectoryParsingZipExtraField
Event: 7.636 loading class org/apache/tools/zip/CentralDirectoryParsingZipExtraField done
Event: 7.636 loading class org/apache/tools/zip/ZipShort
Event: 7.636 loading class org/apache/tools/zip/ZipShort done
Event: 7.637 loading class org/apache/tools/zip/ZipUtil
Event: 7.637 loading class org/apache/tools/zip/ZipUtil done
Event: 7.637 loading class org/apache/tools/zip/UnsupportedZipFeatureException
Event: 7.637 loading class org/apache/tools/zip/UnsupportedZipFeatureException done
Event: 7.637 loading class org/apache/tools/zip/AbstractUnicodeExtraField
Event: 7.637 loading class org/apache/tools/zip/AbstractUnicodeExtraField done
Event: 7.638 loading class org/apache/tools/zip/UnicodePathExtraField
Event: 7.638 loading class org/apache/tools/zip/UnicodePathExtraField done
Event: 7.638 loading class org/apache/tools/zip/UnicodeCommentExtraField
Event: 7.638 loading class org/apache/tools/zip/UnicodeCommentExtraField done


Dynamic libraries:
0x00007ff7fcaf0000 - 0x00007ff7fcafa000 	C:\Program Files\Android\Android Studio\jre\bin\java.exe
0x00007ff89e5b0000 - 0x00007ff89e7a5000 	C:\Windows\SYSTEM32\ntdll.dll
0x00007ff89d570000 - 0x00007ff89d62e000 	C:\Windows\System32\KERNEL32.DLL
0x00007ff89c180000 - 0x00007ff89c448000 	C:\Windows\System32\KERNELBASE.dll
0x00007ff89be50000 - 0x00007ff89bf50000 	C:\Windows\System32\ucrtbase.dll
0x00007ff8913a0000 - 0x00007ff8913b9000 	C:\Program Files\Android\Android Studio\jre\bin\jli.dll
0x00007ff88ad40000 - 0x00007ff88ad57000 	C:\Program Files\Android\Android Studio\jre\bin\VCRUNTIME140.dll
0x00007ff89d630000 - 0x00007ff89d7d1000 	C:\Windows\System32\USER32.dll
0x00007ff8879a0000 - 0x00007ff887c3a000 	C:\Windows\WinSxS\amd64_microsoft.windows.common-controls_6595b64144ccf1df_6.0.19041.1110_none_60b5254171f9507e\COMCTL32.dll
0x00007ff89bcc0000 - 0x00007ff89bce2000 	C:\Windows\System32\win32u.dll
0x00007ff89e410000 - 0x00007ff89e4ae000 	C:\Windows\System32\msvcrt.dll
0x00007ff89e190000 - 0x00007ff89e1bb000 	C:\Windows\System32\GDI32.dll
0x00007ff89bcf0000 - 0x00007ff89bdfd000 	C:\Windows\System32\gdi32full.dll
0x00007ff89bf50000 - 0x00007ff89bfed000 	C:\Windows\System32\msvcp_win.dll
0x00007ff89e2e0000 - 0x00007ff89e310000 	C:\Windows\System32\IMM32.DLL
0x00007ff867b30000 - 0x00007ff867bcd000 	C:\Program Files\Android\Android Studio\jre\bin\msvcp140.dll
0x00007ff86ed00000 - 0x00007ff86f7d5000 	C:\Program Files\Android\Android Studio\jre\bin\server\jvm.dll
0x00007ff89c7b0000 - 0x00007ff89c85e000 	C:\Windows\System32\ADVAPI32.dll
0x00007ff89cbc0000 - 0x00007ff89cc5c000 	C:\Windows\System32\sechost.dll
0x00007ff89e060000 - 0x00007ff89e185000 	C:\Windows\System32\RPCRT4.dll
0x00007ff89e4b0000 - 0x00007ff89e4b8000 	C:\Windows\System32\PSAPI.DLL
0x00007ff8852c0000 - 0x00007ff8852c9000 	C:\Windows\SYSTEM32\WSOCK32.dll
0x00007ff89d2a0000 - 0x00007ff89d30b000 	C:\Windows\System32\WS2_32.dll
0x00007ff884f40000 - 0x00007ff884f67000 	C:\Windows\SYSTEM32\WINMM.dll
0x00007ff88d8b0000 - 0x00007ff88d8ba000 	C:\Windows\SYSTEM32\VERSION.dll
0x00007ff899bb0000 - 0x00007ff899bc2000 	C:\Windows\SYSTEM32\kernel.appcore.dll
0x00007ff894c50000 - 0x00007ff894c61000 	C:\Program Files\Android\Android Studio\jre\bin\verify.dll
0x00007ff893260000 - 0x00007ff893444000 	C:\Windows\SYSTEM32\DBGHELP.DLL
0x00007ff888e40000 - 0x00007ff888e6c000 	C:\Windows\SYSTEM32\dbgcore.DLL
0x00007ff89c560000 - 0x00007ff89c5e2000 	C:\Windows\System32\bcryptPrimitives.dll
0x00007ff891560000 - 0x00007ff891589000 	C:\Program Files\Android\Android Studio\jre\bin\java.dll
0x00007ff897030000 - 0x00007ff89703b000 	C:\Program Files\Android\Android Studio\jre\bin\jimage.dll
0x00007ff891540000 - 0x00007ff891558000 	C:\Program Files\Android\Android Studio\jre\bin\zip.dll
0x00007ff89d910000 - 0x00007ff89e054000 	C:\Windows\System32\SHELL32.dll
0x00007ff899db0000 - 0x00007ff89a545000 	C:\Windows\SYSTEM32\windows.storage.dll
0x00007ff89c860000 - 0x00007ff89cbb5000 	C:\Windows\System32\combase.dll
0x00007ff89b710000 - 0x00007ff89b73e000 	C:\Windows\SYSTEM32\Wldp.dll
0x00007ff89e4c0000 - 0x00007ff89e56d000 	C:\Windows\System32\SHCORE.dll
0x00007ff89d310000 - 0x00007ff89d365000 	C:\Windows\System32\shlwapi.dll
0x00007ff89bc00000 - 0x00007ff89bc1f000 	C:\Windows\SYSTEM32\profapi.dll
0x00007ff88b2e0000 - 0x00007ff88b2fa000 	C:\Program Files\Android\Android Studio\jre\bin\net.dll
0x00007ff88b320000 - 0x00007ff88b42c000 	C:\Windows\SYSTEM32\WINHTTP.dll
0x00007ff89b470000 - 0x00007ff89b4da000 	C:\Windows\system32\mswsock.dll
0x00007ff885bc0000 - 0x00007ff885bd4000 	C:\Program Files\Android\Android Studio\jre\bin\nio.dll
0x00007ff876a20000 - 0x00007ff876a47000 	C:\Users\hamed\.gradle\native\e1d6ef7f7dcc3fd88c89a11ec53ec762bb8ba0a96d01ffa2cd45eb1d1d8dd5c5\windows-amd64\native-platform.dll
0x00007ff867bd0000 - 0x00007ff867d14000 	C:\Users\hamed\.gradle\native\5664cfc778a61ccfe75a443a1ab52a65af34e5dc3c78e0209fed803814484fcb\windows-amd64\native-platform-file-events.dll
0x00007ff891520000 - 0x00007ff89152a000 	C:\Program Files\Android\Android Studio\jre\bin\management.dll
0x00007ff8911b0000 - 0x00007ff8911bd000 	C:\Program Files\Android\Android Studio\jre\bin\management_ext.dll
0x00007ff89b670000 - 0x00007ff89b688000 	C:\Windows\SYSTEM32\CRYPTSP.dll
0x00007ff89ad80000 - 0x00007ff89adb4000 	C:\Windows\system32\rsaenh.dll
0x00007ff89bff0000 - 0x00007ff89c017000 	C:\Windows\System32\bcrypt.dll
0x00007ff89bbc0000 - 0x00007ff89bbee000 	C:\Windows\SYSTEM32\USERENV.dll
0x00007ff89b660000 - 0x00007ff89b66c000 	C:\Windows\SYSTEM32\CRYPTBASE.dll
0x00007ff89b110000 - 0x00007ff89b14b000 	C:\Windows\SYSTEM32\IPHLPAPI.DLL
0x00007ff89c5f0000 - 0x00007ff89c5f8000 	C:\Windows\System32\NSI.dll
0x00007ff8902e0000 - 0x00007ff8902f7000 	C:\Windows\SYSTEM32\dhcpcsvc6.DLL
0x00007ff8919a0000 - 0x00007ff8919bd000 	C:\Windows\SYSTEM32\dhcpcsvc.DLL
0x00007ff89b160000 - 0x00007ff89b22b000 	C:\Windows\SYSTEM32\DNSAPI.dll

dbghelp: loaded successfully - version: 4.0.5 - missing functions: none
symbol engine: initialized successfully - sym options: 0x614 - pdb path: .;C:\Program Files\Android\Android Studio\jre\bin;C:\Windows\SYSTEM32;C:\Windows\WinSxS\amd64_microsoft.windows.common-controls_6595b64144ccf1df_6.0.19041.1110_none_60b5254171f9507e;C:\Program Files\Android\Android Studio\jre\bin\server;C:\Users\hamed\.gradle\native\e1d6ef7f7dcc3fd88c89a11ec53ec762bb8ba0a96d01ffa2cd45eb1d1d8dd5c5\windows-amd64;C:\Users\hamed\.gradle\native\5664cfc778a61ccfe75a443a1ab52a65af34e5dc3c78e0209fed803814484fcb\windows-amd64

VM Arguments:
jvm_args: --add-opens=java.base/java.util=ALL-UNNAMED --add-opens=java.base/java.lang=ALL-UNNAMED --add-opens=java.base/java.lang.invoke=ALL-UNNAMED --add-opens=java.base/java.util=ALL-UNNAMED --add-opens=java.prefs/java.util.prefs=ALL-UNNAMED --add-opens=java.prefs/java.util.prefs=ALL-UNNAMED --add-opens=java.base/java.nio.charset=ALL-UNNAMED --add-opens=java.base/java.net=ALL-UNNAMED --add-opens=java.base/java.util.concurrent.atomic=ALL-UNNAMED -Xmx2048m -Dfile.encoding=UTF-8 -Duser.country=US -Duser.language=en -Duser.variant 
java_command: org.gradle.launcher.daemon.bootstrap.GradleDaemon 7.2
java_class_path (initial): C:\Users\hamed\.gradle\wrapper\dists\gradle-7.2-bin\2dnblmf4td7x66yl1d74lt32g\gradle-7.2\lib\gradle-launcher-7.2.jar
Launcher Type: SUN_STANDARD

[Global flags]
     intx CICompilerCount                          = 3                                         {product} {ergonomic}
     uint ConcGCThreads                            = 1                                         {product} {ergonomic}
     uint G1ConcRefinementThreads                  = 4                                         {product} {ergonomic}
   size_t G1HeapRegionSize                         = 1048576                                   {product} {ergonomic}
    uintx GCDrainStackTargetSize                   = 64                                        {product} {ergonomic}
   size_t InitialHeapSize                          = 201326592                                 {product} {ergonomic}
   size_t MarkStackSize                            = 4194304                                   {product} {ergonomic}
   size_t MaxHeapSize                              = 2147483648                                {product} {command line}
   size_t MaxNewSize                               = 1287651328                                {product} {ergonomic}
   size_t MinHeapDeltaBytes                        = 1048576                                   {product} {ergonomic}
    uintx NonNMethodCodeHeapSize                   = 5830732                                {pd product} {ergonomic}
    uintx NonProfiledCodeHeapSize                  = 122913754                              {pd product} {ergonomic}
    uintx ProfiledCodeHeapSize                     = 122913754                              {pd product} {ergonomic}
    uintx ReservedCodeCacheSize                    = 251658240                              {pd product} {ergonomic}
     bool SegmentedCodeCache                       = true                                      {product} {ergonomic}
     bool UseCompressedClassPointers               = true                                 {lp64_product} {ergonomic}
     bool UseCompressedOops                        = true                                 {lp64_product} {ergonomic}
     bool UseG1GC                                  = true                                      {product} {ergonomic}
     bool UseLargePagesIndividualAllocation        = false                                  {pd product} {ergonomic}

Logging:
Log output configuration:
 #0: stdout all=warning uptime,level,tags
 #1: stderr all=off uptime,level,tags

Environment Variables:
JAVA_HOME=C:\Program Files\Java\jdk1.8.0_20
PATH=C:\Program Files\Common Files\Oracle\Java\javapath;C:\ProgramData\Oracle\Java\javapath;C:\Windows\system32;C:\Windows;C:\Windows\System32\Wbem;C:\Windows\System32\WindowsPowerShell\v1.0\;C:\Windows\System32\OpenSSH\;C:\Program Files (x86)\AMD\ATI.ACE\Core-Static;C:\Program Files\Git\cmd;C:\androidSdk\platform-tools;C:\androidSdk\build-tools\30.0.3;C:\Users\hamed\AppData\Local\Programs\Python\Python39;C:\Users\hamed\AppData\Local\Programs\Python\Python39\Scripts;C:\Program Files\Java\jdk1.8.0_20\bin;C:\Users\hamed\AppData\Roaming\nvm;C:\Program Files\nodejs;C:\Users\hamed\AppData\Local\Microsoft\WindowsApps;C:\Users\hamed\AppData\Roaming\npm;C:\Program Files (x86)\apache-maven-3.8.2\bin;C:\Users\hamed\AppData\Local\Programs\Microsoft VS Code\bin;C:\Users\hamed\AppData\Roaming\nvm;C:\Program Files\nodejs;C:\Program Files\JetBrains\JetBrains Gateway 2021.3\bin;;C:\Program Files\Java\jdk1.8.0_20;
USERNAME=hamed
OS=Windows_NT
PROCESSOR_IDENTIFIER=Intel64 Family 6 Model 69 Stepping 1, GenuineIntel



---------------  S Y S T E M  ---------------

OS: Windows 10 , 64 bit Build 19041 (10.0.19041.1466)
OS uptime: 0 days 1:31 hours

CPU:total 4 (initial active 4) (2 cores per cpu, 2 threads per core) family 6 model 69 stepping 1 microcode 0x25, cmov, cx8, fxsr, mmx, sse, sse2, sse3, ssse3, sse4.1, sse4.2, popcnt, avx, avx2, aes, clmul, erms, lzcnt, ht, tsc, tscinvbit, bmi1, bmi2, fma

Memory: 4k page, system-wide physical 12184M (296M free)
TotalPageFile size 41924M (AvailPageFile size 5M)
current process WorkingSet (physical memory assigned to process): 252M, peak: 252M
current process commit charge ("private bytes"): 359M, peak: 360M

vm_info: OpenJDK 64-Bit Server VM (11.0.11+9-b60-7590822) for windows-amd64 JRE (11.0.11+9-b60-7590822), built on Jul 29 2021 21:43:44 by "builder" with MS VC++ 14.0 (VS2015)

END.
