#
# There is insufficient memory for the Java Runtime Environment to continue.
# Native memory allocation (malloc) failed to allocate 32744 bytes for ChunkPool::allocate
# Possible reasons:
#   The system is out of physical RAM or swap space
#   The process is running with CompressedOops enabled, and the Java Heap may be blocking the growth of the native heap
# Possible solutions:
#   Reduce memory load on the system
#   Increase physical memory or swap space
#   Check if swap backing store is full
#   Decrease Java heap size (-Xmx/-Xms)
#   Decrease number of Java threads
#   Decrease Java thread stack sizes (-Xss)
#   Set larger code cache with -XX:ReservedCodeCacheSize=
#   JVM is running with Unscaled Compressed Oops mode in which the Java heap is
#     placed in the first 4GB address space. The Java Heap base address is the
#     maximum limit for the native heap growth. Please use -XX:HeapBaseMinAddress
#     to set the Java Heap base and to place the Java Heap above 4GB virtual address.
# This output file may be truncated or incomplete.
#
#  Out of Memory Error (./src/hotspot/share/memory/arena.cpp:81), pid=12940, tid=18792
#
# JRE version: OpenJDK Runtime Environment (11.0.11+9) (build 11.0.11+9-b60-7590822)
# Java VM: OpenJDK 64-Bit Server VM (11.0.11+9-b60-7590822, mixed mode, tiered, compressed oops, g1 gc, windows-amd64)
# No core dump will be written. Minidumps are not enabled by default on client versions of Windows
#

---------------  S U M M A R Y ------------

Command Line: --add-opens=java.base/java.util=ALL-UNNAMED --add-opens=java.base/java.lang=ALL-UNNAMED --add-opens=java.base/java.lang.invoke=ALL-UNNAMED --add-opens=java.base/java.util=ALL-UNNAMED --add-opens=java.prefs/java.util.prefs=ALL-UNNAMED --add-opens=java.prefs/java.util.prefs=ALL-UNNAMED --add-opens=java.base/java.nio.charset=ALL-UNNAMED --add-opens=java.base/java.net=ALL-UNNAMED --add-opens=java.base/java.util.concurrent.atomic=ALL-UNNAMED -Xmx2048m -Dfile.encoding=UTF-8 -Duser.country=US -Duser.language=en -Duser.variant org.gradle.launcher.daemon.bootstrap.GradleDaemon 7.2

Host: Intel(R) Core(TM) i7-4500U CPU @ 1.80GHz, 4 cores, 11G,  Windows 10 , 64 bit Build 19041 (10.0.19041.1466)
Time: Wed Feb 23 18:56:55 2022 Iran Standard Time elapsed time: 4.156825 seconds (0d 0h 0m 4s)

---------------  T H R E A D  ---------------

Current thread (0x000001ae213dd800):  JavaThread "C2 CompilerThread0" daemon [_thread_in_native, id=18792, stack(0x0000008e9bc00000,0x0000008e9bd00000)]


Current CompileTask:
C2:   4156 1978   !   4       java.lang.ClassLoader::loadClass (122 bytes)

Stack: [0x0000008e9bc00000,0x0000008e9bd00000]
Native frames: (J=compiled Java code, j=interpreted, Vv=VM code, C=native code)
V  [jvm.dll+0x5f214a]
V  [jvm.dll+0x726fb5]
V  [jvm.dll+0x7285cd]
V  [jvm.dll+0x728c83]
V  [jvm.dll+0x243278]
V  [jvm.dll+0xbc78b]
V  [jvm.dll+0xbca3c]
V  [jvm.dll+0xbc638]
V  [jvm.dll+0x5d14e0]
V  [jvm.dll+0x62214e]
V  [jvm.dll+0x198a28]
V  [jvm.dll+0x1fc2ee]
V  [jvm.dll+0x1fb3d4]
V  [jvm.dll+0x183d6c]
V  [jvm.dll+0x209a57]
V  [jvm.dll+0x2082a1]
V  [jvm.dll+0x6ef58f]
V  [jvm.dll+0x6e80b5]
V  [jvm.dll+0x5f1036]
C  [ucrtbase.dll+0x21bb2]
C  [KERNEL32.DLL+0x17034]
C  [ntdll.dll+0x52651]


---------------  P R O C E S S  ---------------

Threads class SMR info:
_java_thread_list=0x000001ae2330a590, length=23, elements={
0x000001ae04ff2000, 0x000001ae20b65800, 0x000001ae20b75000, 0x000001ae213d2800,
0x000001ae213d7000, 0x000001ae213d9000, 0x000001ae213dd800, 0x000001ae213e0800,
0x000001ae213e4000, 0x000001ae21532800, 0x000001ae22c19000, 0x000001ae22618800,
0x000001ae22c28000, 0x000001ae2305e800, 0x000001ae22fb8000, 0x000001ae233d1800,
0x000001ae2244b800, 0x000001ae2244c800, 0x000001ae232db800, 0x000001ae2368d000,
0x000001ae23690800, 0x000001ae23691000, 0x000001ae23692000
}

Java Threads: ( => current thread )
  0x000001ae04ff2000 JavaThread "main" [_thread_blocked, id=17712, stack(0x0000008e9b000000,0x0000008e9b100000)]
  0x000001ae20b65800 JavaThread "Reference Handler" daemon [_thread_blocked, id=22332, stack(0x0000008e9b700000,0x0000008e9b800000)]
  0x000001ae20b75000 JavaThread "Finalizer" daemon [_thread_blocked, id=21516, stack(0x0000008e9b800000,0x0000008e9b900000)]
  0x000001ae213d2800 JavaThread "Signal Dispatcher" daemon [_thread_blocked, id=6968, stack(0x0000008e9b900000,0x0000008e9ba00000)]
  0x000001ae213d7000 JavaThread "Attach Listener" daemon [_thread_blocked, id=3476, stack(0x0000008e9ba00000,0x0000008e9bb00000)]
  0x000001ae213d9000 JavaThread "Service Thread" daemon [_thread_blocked, id=12376, stack(0x0000008e9bb00000,0x0000008e9bc00000)]
=>0x000001ae213dd800 JavaThread "C2 CompilerThread0" daemon [_thread_in_native, id=18792, stack(0x0000008e9bc00000,0x0000008e9bd00000)]
  0x000001ae213e0800 JavaThread "C1 CompilerThread0" daemon [_thread_in_native, id=8224, stack(0x0000008e9bd00000,0x0000008e9be00000)]
  0x000001ae213e4000 JavaThread "Sweeper thread" daemon [_thread_blocked, id=13792, stack(0x0000008e9be00000,0x0000008e9bf00000)]
  0x000001ae21532800 JavaThread "Common-Cleaner" daemon [_thread_blocked, id=6528, stack(0x0000008e9bf00000,0x0000008e9c000000)]
  0x000001ae22c19000 JavaThread "Daemon health stats" [_thread_blocked, id=5692, stack(0x0000008e9c400000,0x0000008e9c500000)]
  0x000001ae22618800 JavaThread "Incoming local TCP Connector on port 63730" [_thread_in_native, id=11076, stack(0x0000008e9c500000,0x0000008e9c600000)]
  0x000001ae22c28000 JavaThread "Daemon periodic checks" [_thread_blocked, id=22432, stack(0x0000008e9c600000,0x0000008e9c700000)]
  0x000001ae2305e800 JavaThread "Daemon" [_thread_blocked, id=21772, stack(0x0000008e9c700000,0x0000008e9c800000)]
  0x000001ae22fb8000 JavaThread "Handler for socket connection from /127.0.0.1:63730 to /127.0.0.1:63731" [_thread_in_native, id=21416, stack(0x0000008e9c800000,0x0000008e9c900000)]
  0x000001ae233d1800 JavaThread "Cancel handler" [_thread_blocked, id=22240, stack(0x0000008e9c900000,0x0000008e9ca00000)]
  0x000001ae2244b800 JavaThread "Daemon worker" [_thread_in_Java, id=21156, stack(0x0000008e9ca00000,0x0000008e9cb00000)]
  0x000001ae2244c800 JavaThread "Asynchronous log dispatcher for DefaultDaemonConnection: socket connection from /127.0.0.1:63730 to /127.0.0.1:63731" [_thread_blocked, id=14748, stack(0x0000008e9cb00000,0x0000008e9cc00000)]
  0x000001ae232db800 JavaThread "Stdin handler" [_thread_blocked, id=12560, stack(0x0000008e9cc00000,0x0000008e9cd00000)]
  0x000001ae2368d000 JavaThread "Daemon client event forwarder" [_thread_blocked, id=22224, stack(0x0000008e9cd00000,0x0000008e9ce00000)]
  0x000001ae23690800 JavaThread "Cache worker for journal cache (C:\Users\hamed\.gradle\caches\journal-1)" [_thread_blocked, id=20520, stack(0x0000008e9ce00000,0x0000008e9cf00000)]
  0x000001ae23691000 JavaThread "File lock request listener" [_thread_in_native, id=20524, stack(0x0000008e9cf00000,0x0000008e9d000000)]
  0x000001ae23692000 JavaThread "Cache worker for file hash cache (C:\Users\hamed\.gradle\caches\7.2\fileHashes)" [_thread_blocked, id=19580, stack(0x0000008e9d000000,0x0000008e9d100000)]

Other Threads:
  0x000001ae21385000 VMThread "VM Thread" [stack: 0x0000008e9b600000,0x0000008e9b700000] [id=8180]
  0x000001ae2155d800 WatcherThread [stack: 0x0000008e9c000000,0x0000008e9c100000] [id=21232]
  0x000001ae0500a000 GCTaskThread "GC Thread#0" [stack: 0x0000008e9b100000,0x0000008e9b200000] [id=9160]
  0x000001ae218de800 GCTaskThread "GC Thread#1" [stack: 0x0000008e9c100000,0x0000008e9c200000] [id=21596]
  0x000001ae21cb5800 GCTaskThread "GC Thread#2" [stack: 0x0000008e9c200000,0x0000008e9c300000] [id=7432]
  0x000001ae219db800 GCTaskThread "GC Thread#3" [stack: 0x0000008e9c300000,0x0000008e9c400000] [id=13112]
  0x000001ae0503c000 ConcurrentGCThread "G1 Main Marker" [stack: 0x0000008e9b200000,0x0000008e9b300000] [id=22404]
  0x000001ae0503f000 ConcurrentGCThread "G1 Conc#0" [stack: 0x0000008e9b300000,0x0000008e9b400000] [id=18416]
  0x000001ae209b8800 ConcurrentGCThread "G1 Refine#0" [stack: 0x0000008e9b400000,0x0000008e9b500000] [id=22280]
  0x000001ae209b9000 ConcurrentGCThread "G1 Young RemSet Sampling" [stack: 0x0000008e9b500000,0x0000008e9b600000] [id=5936]

Threads with active compile tasks:
C2 CompilerThread0   4188 1978   !   4       java.lang.ClassLoader::loadClass (122 bytes)
C1 CompilerThread0   4188 2042       3       java.lang.invoke.DirectMethodHandle::<init> (141 bytes)

VM state:not at safepoint (normal execution)

VM Mutex/Monitor currently owned by a thread: None

Heap address: 0x0000000080000000, size: 2048 MB, Compressed Oops mode: 32-bit
Narrow klass base: 0x0000000000000000, Narrow klass shift: 3
Compressed class space size: 1073741824 Address: 0x0000000100000000

Heap:
 garbage-first heap   total 196608K, used 44004K [0x0000000080000000, 0x0000000100000000)
  region size 1024K, 33 young (33792K), 6 survivors (6144K)
 Metaspace       used 23197K, capacity 23764K, committed 23936K, reserved 1071104K
  class space    used 2965K, capacity 3159K, committed 3200K, reserved 1048576K
Heap Regions: E=young(eden), S=young(survivor), O=old, HS=humongous(starts), HC=humongous(continues), CS=collection set, F=free, A=archive, TAMS=top-at-mark-start (previous, next)
|   0|0x0000000080000000, 0x0000000080100000, 0x0000000080100000|100%| O|  |TAMS 0x0000000080100000, 0x0000000080000000| Untracked 
|   1|0x0000000080100000, 0x0000000080200000, 0x0000000080200000|100%| O|  |TAMS 0x0000000080200000, 0x0000000080100000| Untracked 
|   2|0x0000000080200000, 0x0000000080300000, 0x0000000080300000|100%| O|  |TAMS 0x0000000080300000, 0x0000000080200000| Untracked 
|   3|0x0000000080300000, 0x0000000080400000, 0x0000000080400000|100%|HS|  |TAMS 0x0000000080400000, 0x0000000080300000| Complete 
|   4|0x0000000080400000, 0x0000000080500000, 0x0000000080500000|100%|HC|  |TAMS 0x0000000080500000, 0x0000000080400000| Complete 
|   5|0x0000000080500000, 0x0000000080600000, 0x0000000080600000|100%|HC|  |TAMS 0x0000000080600000, 0x0000000080500000| Complete 
|   6|0x0000000080600000, 0x0000000080700000, 0x0000000080700000|100%| O|  |TAMS 0x0000000080700000, 0x0000000080600000| Untracked 
|   7|0x0000000080700000, 0x0000000080800000, 0x0000000080800000|100%| O|  |TAMS 0x0000000080800000, 0x0000000080700000| Untracked 
|   8|0x0000000080800000, 0x0000000080900000, 0x0000000080900000|100%| O|  |TAMS 0x0000000080900000, 0x0000000080800000| Untracked 
|   9|0x0000000080900000, 0x0000000080a00000, 0x0000000080a00000|100%| O|  |TAMS 0x0000000080a00000, 0x0000000080900000| Untracked 
|  10|0x0000000080a00000, 0x0000000080b00000, 0x0000000080b00000|100%| O|  |TAMS 0x0000000080b00000, 0x0000000080a00000| Untracked 
|  11|0x0000000080b00000, 0x0000000080ba7e00, 0x0000000080c00000| 65%| O|  |TAMS 0x0000000080ba7e00, 0x0000000080b00000| Untracked 
|  12|0x0000000080c00000, 0x0000000080c00000, 0x0000000080d00000|  0%| F|  |TAMS 0x0000000080c00000, 0x0000000080c00000| Untracked 
|  13|0x0000000080d00000, 0x0000000080d00000, 0x0000000080e00000|  0%| F|  |TAMS 0x0000000080d00000, 0x0000000080d00000| Untracked 
|  14|0x0000000080e00000, 0x0000000080e00000, 0x0000000080f00000|  0%| F|  |TAMS 0x0000000080e00000, 0x0000000080e00000| Untracked 
|  15|0x0000000080f00000, 0x0000000080f00000, 0x0000000081000000|  0%| F|  |TAMS 0x0000000080f00000, 0x0000000080f00000| Untracked 
|  16|0x0000000081000000, 0x0000000081000000, 0x0000000081100000|  0%| F|  |TAMS 0x0000000081000000, 0x0000000081000000| Untracked 
|  17|0x0000000081100000, 0x0000000081100000, 0x0000000081200000|  0%| F|  |TAMS 0x0000000081100000, 0x0000000081100000| Untracked 
|  18|0x0000000081200000, 0x0000000081200000, 0x0000000081300000|  0%| F|  |TAMS 0x0000000081200000, 0x0000000081200000| Untracked 
|  19|0x0000000081300000, 0x0000000081300000, 0x0000000081400000|  0%| F|  |TAMS 0x0000000081300000, 0x0000000081300000| Untracked 
|  20|0x0000000081400000, 0x0000000081400000, 0x0000000081500000|  0%| F|  |TAMS 0x0000000081400000, 0x0000000081400000| Untracked 
|  21|0x0000000081500000, 0x0000000081500000, 0x0000000081600000|  0%| F|  |TAMS 0x0000000081500000, 0x0000000081500000| Untracked 
|  22|0x0000000081600000, 0x0000000081600000, 0x0000000081700000|  0%| F|  |TAMS 0x0000000081600000, 0x0000000081600000| Untracked 
|  23|0x0000000081700000, 0x0000000081700000, 0x0000000081800000|  0%| F|  |TAMS 0x0000000081700000, 0x0000000081700000| Untracked 
|  24|0x0000000081800000, 0x0000000081800000, 0x0000000081900000|  0%| F|  |TAMS 0x0000000081800000, 0x0000000081800000| Untracked 
|  25|0x0000000081900000, 0x0000000081900000, 0x0000000081a00000|  0%| F|  |TAMS 0x0000000081900000, 0x0000000081900000| Untracked 
|  26|0x0000000081a00000, 0x0000000081a00000, 0x0000000081b00000|  0%| F|  |TAMS 0x0000000081a00000, 0x0000000081a00000| Untracked 
|  27|0x0000000081b00000, 0x0000000081b00000, 0x0000000081c00000|  0%| F|  |TAMS 0x0000000081b00000, 0x0000000081b00000| Untracked 
|  28|0x0000000081c00000, 0x0000000081c00000, 0x0000000081d00000|  0%| F|  |TAMS 0x0000000081c00000, 0x0000000081c00000| Untracked 
|  29|0x0000000081d00000, 0x0000000081d00000, 0x0000000081e00000|  0%| F|  |TAMS 0x0000000081d00000, 0x0000000081d00000| Untracked 
|  30|0x0000000081e00000, 0x0000000081e00000, 0x0000000081f00000|  0%| F|  |TAMS 0x0000000081e00000, 0x0000000081e00000| Untracked 
|  31|0x0000000081f00000, 0x0000000081f00000, 0x0000000082000000|  0%| F|  |TAMS 0x0000000081f00000, 0x0000000081f00000| Untracked 
|  32|0x0000000082000000, 0x0000000082000000, 0x0000000082100000|  0%| F|  |TAMS 0x0000000082000000, 0x0000000082000000| Untracked 
|  33|0x0000000082100000, 0x0000000082100000, 0x0000000082200000|  0%| F|  |TAMS 0x0000000082100000, 0x0000000082100000| Untracked 
|  34|0x0000000082200000, 0x0000000082200000, 0x0000000082300000|  0%| F|  |TAMS 0x0000000082200000, 0x0000000082200000| Untracked 
|  35|0x0000000082300000, 0x0000000082300000, 0x0000000082400000|  0%| F|  |TAMS 0x0000000082300000, 0x0000000082300000| Untracked 
|  36|0x0000000082400000, 0x0000000082400000, 0x0000000082500000|  0%| F|  |TAMS 0x0000000082400000, 0x0000000082400000| Untracked 
|  37|0x0000000082500000, 0x0000000082500000, 0x0000000082600000|  0%| F|  |TAMS 0x0000000082500000, 0x0000000082500000| Untracked 
|  38|0x0000000082600000, 0x0000000082600000, 0x0000000082700000|  0%| F|  |TAMS 0x0000000082600000, 0x0000000082600000| Untracked 
|  39|0x0000000082700000, 0x0000000082700000, 0x0000000082800000|  0%| F|  |TAMS 0x0000000082700000, 0x0000000082700000| Untracked 
|  40|0x0000000082800000, 0x0000000082800000, 0x0000000082900000|  0%| F|  |TAMS 0x0000000082800000, 0x0000000082800000| Untracked 
|  41|0x0000000082900000, 0x0000000082900000, 0x0000000082a00000|  0%| F|  |TAMS 0x0000000082900000, 0x0000000082900000| Untracked 
|  42|0x0000000082a00000, 0x0000000082a00000, 0x0000000082b00000|  0%| F|  |TAMS 0x0000000082a00000, 0x0000000082a00000| Untracked 
|  43|0x0000000082b00000, 0x0000000082b00000, 0x0000000082c00000|  0%| F|  |TAMS 0x0000000082b00000, 0x0000000082b00000| Untracked 
|  44|0x0000000082c00000, 0x0000000082c00000, 0x0000000082d00000|  0%| F|  |TAMS 0x0000000082c00000, 0x0000000082c00000| Untracked 
|  45|0x0000000082d00000, 0x0000000082d00000, 0x0000000082e00000|  0%| F|  |TAMS 0x0000000082d00000, 0x0000000082d00000| Untracked 
|  46|0x0000000082e00000, 0x0000000082e00000, 0x0000000082f00000|  0%| F|  |TAMS 0x0000000082e00000, 0x0000000082e00000| Untracked 
|  47|0x0000000082f00000, 0x0000000082f00000, 0x0000000083000000|  0%| F|  |TAMS 0x0000000082f00000, 0x0000000082f00000| Untracked 
|  48|0x0000000083000000, 0x0000000083000000, 0x0000000083100000|  0%| F|  |TAMS 0x0000000083000000, 0x0000000083000000| Untracked 
|  49|0x0000000083100000, 0x0000000083100000, 0x0000000083200000|  0%| F|  |TAMS 0x0000000083100000, 0x0000000083100000| Untracked 
|  50|0x0000000083200000, 0x0000000083200000, 0x0000000083300000|  0%| F|  |TAMS 0x0000000083200000, 0x0000000083200000| Untracked 
|  51|0x0000000083300000, 0x0000000083300000, 0x0000000083400000|  0%| F|  |TAMS 0x0000000083300000, 0x0000000083300000| Untracked 
|  52|0x0000000083400000, 0x0000000083400000, 0x0000000083500000|  0%| F|  |TAMS 0x0000000083400000, 0x0000000083400000| Untracked 
|  53|0x0000000083500000, 0x0000000083500000, 0x0000000083600000|  0%| F|  |TAMS 0x0000000083500000, 0x0000000083500000| Untracked 
|  54|0x0000000083600000, 0x0000000083600000, 0x0000000083700000|  0%| F|  |TAMS 0x0000000083600000, 0x0000000083600000| Untracked 
|  55|0x0000000083700000, 0x0000000083700000, 0x0000000083800000|  0%| F|  |TAMS 0x0000000083700000, 0x0000000083700000| Untracked 
|  56|0x0000000083800000, 0x0000000083800000, 0x0000000083900000|  0%| F|  |TAMS 0x0000000083800000, 0x0000000083800000| Untracked 
|  57|0x0000000083900000, 0x0000000083900000, 0x0000000083a00000|  0%| F|  |TAMS 0x0000000083900000, 0x0000000083900000| Untracked 
|  58|0x0000000083a00000, 0x0000000083a00000, 0x0000000083b00000|  0%| F|  |TAMS 0x0000000083a00000, 0x0000000083a00000| Untracked 
|  59|0x0000000083b00000, 0x0000000083b00000, 0x0000000083c00000|  0%| F|  |TAMS 0x0000000083b00000, 0x0000000083b00000| Untracked 
|  60|0x0000000083c00000, 0x0000000083c00000, 0x0000000083d00000|  0%| F|  |TAMS 0x0000000083c00000, 0x0000000083c00000| Untracked 
|  61|0x0000000083d00000, 0x0000000083d00000, 0x0000000083e00000|  0%| F|  |TAMS 0x0000000083d00000, 0x0000000083d00000| Untracked 
|  62|0x0000000083e00000, 0x0000000083e00000, 0x0000000083f00000|  0%| F|  |TAMS 0x0000000083e00000, 0x0000000083e00000| Untracked 
|  63|0x0000000083f00000, 0x0000000083f00000, 0x0000000084000000|  0%| F|  |TAMS 0x0000000083f00000, 0x0000000083f00000| Untracked 
|  64|0x0000000084000000, 0x0000000084000000, 0x0000000084100000|  0%| F|  |TAMS 0x0000000084000000, 0x0000000084000000| Untracked 
|  65|0x0000000084100000, 0x0000000084100000, 0x0000000084200000|  0%| F|  |TAMS 0x0000000084100000, 0x0000000084100000| Untracked 
|  66|0x0000000084200000, 0x0000000084200000, 0x0000000084300000|  0%| F|  |TAMS 0x0000000084200000, 0x0000000084200000| Untracked 
|  67|0x0000000084300000, 0x0000000084300000, 0x0000000084400000|  0%| F|  |TAMS 0x0000000084300000, 0x0000000084300000| Untracked 
|  68|0x0000000084400000, 0x0000000084400000, 0x0000000084500000|  0%| F|  |TAMS 0x0000000084400000, 0x0000000084400000| Untracked 
|  69|0x0000000084500000, 0x0000000084500000, 0x0000000084600000|  0%| F|  |TAMS 0x0000000084500000, 0x0000000084500000| Untracked 
|  70|0x0000000084600000, 0x0000000084600000, 0x0000000084700000|  0%| F|  |TAMS 0x0000000084600000, 0x0000000084600000| Untracked 
|  71|0x0000000084700000, 0x0000000084700000, 0x0000000084800000|  0%| F|  |TAMS 0x0000000084700000, 0x0000000084700000| Untracked 
|  72|0x0000000084800000, 0x0000000084800000, 0x0000000084900000|  0%| F|  |TAMS 0x0000000084800000, 0x0000000084800000| Untracked 
|  73|0x0000000084900000, 0x0000000084900000, 0x0000000084a00000|  0%| F|  |TAMS 0x0000000084900000, 0x0000000084900000| Untracked 
|  74|0x0000000084a00000, 0x0000000084a00000, 0x0000000084b00000|  0%| F|  |TAMS 0x0000000084a00000, 0x0000000084a00000| Untracked 
|  75|0x0000000084b00000, 0x0000000084b00000, 0x0000000084c00000|  0%| F|  |TAMS 0x0000000084b00000, 0x0000000084b00000| Untracked 
|  76|0x0000000084c00000, 0x0000000084c00000, 0x0000000084d00000|  0%| F|  |TAMS 0x0000000084c00000, 0x0000000084c00000| Untracked 
|  77|0x0000000084d00000, 0x0000000084d00000, 0x0000000084e00000|  0%| F|  |TAMS 0x0000000084d00000, 0x0000000084d00000| Untracked 
|  78|0x0000000084e00000, 0x0000000084e00000, 0x0000000084f00000|  0%| F|  |TAMS 0x0000000084e00000, 0x0000000084e00000| Untracked 
|  79|0x0000000084f00000, 0x0000000084f00000, 0x0000000085000000|  0%| F|  |TAMS 0x0000000084f00000, 0x0000000084f00000| Untracked 
|  80|0x0000000085000000, 0x0000000085000000, 0x0000000085100000|  0%| F|  |TAMS 0x0000000085000000, 0x0000000085000000| Untracked 
|  81|0x0000000085100000, 0x0000000085100000, 0x0000000085200000|  0%| F|  |TAMS 0x0000000085100000, 0x0000000085100000| Untracked 
|  82|0x0000000085200000, 0x0000000085200000, 0x0000000085300000|  0%| F|  |TAMS 0x0000000085200000, 0x0000000085200000| Untracked 
|  83|0x0000000085300000, 0x0000000085300000, 0x0000000085400000|  0%| F|  |TAMS 0x0000000085300000, 0x0000000085300000| Untracked 
|  84|0x0000000085400000, 0x0000000085400000, 0x0000000085500000|  0%| F|  |TAMS 0x0000000085400000, 0x0000000085400000| Untracked 
|  85|0x0000000085500000, 0x0000000085500000, 0x0000000085600000|  0%| F|  |TAMS 0x0000000085500000, 0x0000000085500000| Untracked 
|  86|0x0000000085600000, 0x0000000085600000, 0x0000000085700000|  0%| F|  |TAMS 0x0000000085600000, 0x0000000085600000| Untracked 
|  87|0x0000000085700000, 0x0000000085700000, 0x0000000085800000|  0%| F|  |TAMS 0x0000000085700000, 0x0000000085700000| Untracked 
|  88|0x0000000085800000, 0x0000000085800000, 0x0000000085900000|  0%| F|  |TAMS 0x0000000085800000, 0x0000000085800000| Untracked 
|  89|0x0000000085900000, 0x0000000085900000, 0x0000000085a00000|  0%| F|  |TAMS 0x0000000085900000, 0x0000000085900000| Untracked 
|  90|0x0000000085a00000, 0x0000000085a00000, 0x0000000085b00000|  0%| F|  |TAMS 0x0000000085a00000, 0x0000000085a00000| Untracked 
|  91|0x0000000085b00000, 0x0000000085b00000, 0x0000000085c00000|  0%| F|  |TAMS 0x0000000085b00000, 0x0000000085b00000| Untracked 
|  92|0x0000000085c00000, 0x0000000085c00000, 0x0000000085d00000|  0%| F|  |TAMS 0x0000000085c00000, 0x0000000085c00000| Untracked 
|  93|0x0000000085d00000, 0x0000000085d00000, 0x0000000085e00000|  0%| F|  |TAMS 0x0000000085d00000, 0x0000000085d00000| Untracked 
|  94|0x0000000085e00000, 0x0000000085e00000, 0x0000000085f00000|  0%| F|  |TAMS 0x0000000085e00000, 0x0000000085e00000| Untracked 
|  95|0x0000000085f00000, 0x0000000085f00000, 0x0000000086000000|  0%| F|  |TAMS 0x0000000085f00000, 0x0000000085f00000| Untracked 
|  96|0x0000000086000000, 0x0000000086000000, 0x0000000086100000|  0%| F|  |TAMS 0x0000000086000000, 0x0000000086000000| Untracked 
|  97|0x0000000086100000, 0x0000000086100000, 0x0000000086200000|  0%| F|  |TAMS 0x0000000086100000, 0x0000000086100000| Untracked 
|  98|0x0000000086200000, 0x0000000086200000, 0x0000000086300000|  0%| F|  |TAMS 0x0000000086200000, 0x0000000086200000| Untracked 
|  99|0x0000000086300000, 0x0000000086300000, 0x0000000086400000|  0%| F|  |TAMS 0x0000000086300000, 0x0000000086300000| Untracked 
| 100|0x0000000086400000, 0x0000000086400000, 0x0000000086500000|  0%| F|  |TAMS 0x0000000086400000, 0x0000000086400000| Untracked 
| 101|0x0000000086500000, 0x0000000086500000, 0x0000000086600000|  0%| F|  |TAMS 0x0000000086500000, 0x0000000086500000| Untracked 
| 102|0x0000000086600000, 0x0000000086600000, 0x0000000086700000|  0%| F|  |TAMS 0x0000000086600000, 0x0000000086600000| Untracked 
| 103|0x0000000086700000, 0x0000000086700000, 0x0000000086800000|  0%| F|  |TAMS 0x0000000086700000, 0x0000000086700000| Untracked 
| 104|0x0000000086800000, 0x0000000086800000, 0x0000000086900000|  0%| F|  |TAMS 0x0000000086800000, 0x0000000086800000| Untracked 
| 105|0x0000000086900000, 0x0000000086900000, 0x0000000086a00000|  0%| F|  |TAMS 0x0000000086900000, 0x0000000086900000| Untracked 
| 106|0x0000000086a00000, 0x0000000086a00000, 0x0000000086b00000|  0%| F|  |TAMS 0x0000000086a00000, 0x0000000086a00000| Untracked 
| 107|0x0000000086b00000, 0x0000000086b00000, 0x0000000086c00000|  0%| F|  |TAMS 0x0000000086b00000, 0x0000000086b00000| Untracked 
| 108|0x0000000086c00000, 0x0000000086c00000, 0x0000000086d00000|  0%| F|  |TAMS 0x0000000086c00000, 0x0000000086c00000| Untracked 
| 109|0x0000000086d00000, 0x0000000086d00000, 0x0000000086e00000|  0%| F|  |TAMS 0x0000000086d00000, 0x0000000086d00000| Untracked 
| 110|0x0000000086e00000, 0x0000000086e00000, 0x0000000086f00000|  0%| F|  |TAMS 0x0000000086e00000, 0x0000000086e00000| Untracked 
| 111|0x0000000086f00000, 0x0000000086f00000, 0x0000000087000000|  0%| F|  |TAMS 0x0000000086f00000, 0x0000000086f00000| Untracked 
| 112|0x0000000087000000, 0x0000000087000000, 0x0000000087100000|  0%| F|  |TAMS 0x0000000087000000, 0x0000000087000000| Untracked 
| 113|0x0000000087100000, 0x0000000087100000, 0x0000000087200000|  0%| F|  |TAMS 0x0000000087100000, 0x0000000087100000| Untracked 
| 114|0x0000000087200000, 0x0000000087200000, 0x0000000087300000|  0%| F|  |TAMS 0x0000000087200000, 0x0000000087200000| Untracked 
| 115|0x0000000087300000, 0x0000000087300000, 0x0000000087400000|  0%| F|  |TAMS 0x0000000087300000, 0x0000000087300000| Untracked 
| 116|0x0000000087400000, 0x0000000087400000, 0x0000000087500000|  0%| F|  |TAMS 0x0000000087400000, 0x0000000087400000| Untracked 
| 117|0x0000000087500000, 0x0000000087500000, 0x0000000087600000|  0%| F|  |TAMS 0x0000000087500000, 0x0000000087500000| Untracked 
| 118|0x0000000087600000, 0x0000000087600000, 0x0000000087700000|  0%| F|  |TAMS 0x0000000087600000, 0x0000000087600000| Untracked 
| 119|0x0000000087700000, 0x0000000087700000, 0x0000000087800000|  0%| F|  |TAMS 0x0000000087700000, 0x0000000087700000| Untracked 
| 120|0x0000000087800000, 0x0000000087800000, 0x0000000087900000|  0%| F|  |TAMS 0x0000000087800000, 0x0000000087800000| Untracked 
| 121|0x0000000087900000, 0x0000000087900000, 0x0000000087a00000|  0%| F|  |TAMS 0x0000000087900000, 0x0000000087900000| Untracked 
| 122|0x0000000087a00000, 0x0000000087a00000, 0x0000000087b00000|  0%| F|  |TAMS 0x0000000087a00000, 0x0000000087a00000| Untracked 
| 123|0x0000000087b00000, 0x0000000087b00000, 0x0000000087c00000|  0%| F|  |TAMS 0x0000000087b00000, 0x0000000087b00000| Untracked 
| 124|0x0000000087c00000, 0x0000000087c00000, 0x0000000087d00000|  0%| F|  |TAMS 0x0000000087c00000, 0x0000000087c00000| Untracked 
| 125|0x0000000087d00000, 0x0000000087d00000, 0x0000000087e00000|  0%| F|  |TAMS 0x0000000087d00000, 0x0000000087d00000| Untracked 
| 126|0x0000000087e00000, 0x0000000087e00000, 0x0000000087f00000|  0%| F|  |TAMS 0x0000000087e00000, 0x0000000087e00000| Untracked 
| 127|0x0000000087f00000, 0x0000000087f00000, 0x0000000088000000|  0%| F|  |TAMS 0x0000000087f00000, 0x0000000087f00000| Untracked 
| 128|0x0000000088000000, 0x0000000088000000, 0x0000000088100000|  0%| F|  |TAMS 0x0000000088000000, 0x0000000088000000| Untracked 
| 129|0x0000000088100000, 0x0000000088100000, 0x0000000088200000|  0%| F|  |TAMS 0x0000000088100000, 0x0000000088100000| Untracked 
| 130|0x0000000088200000, 0x0000000088200000, 0x0000000088300000|  0%| F|  |TAMS 0x0000000088200000, 0x0000000088200000| Untracked 
| 131|0x0000000088300000, 0x0000000088300000, 0x0000000088400000|  0%| F|  |TAMS 0x0000000088300000, 0x0000000088300000| Untracked 
| 132|0x0000000088400000, 0x0000000088400000, 0x0000000088500000|  0%| F|  |TAMS 0x0000000088400000, 0x0000000088400000| Untracked 
| 133|0x0000000088500000, 0x0000000088500000, 0x0000000088600000|  0%| F|  |TAMS 0x0000000088500000, 0x0000000088500000| Untracked 
| 134|0x0000000088600000, 0x0000000088600000, 0x0000000088700000|  0%| F|  |TAMS 0x0000000088600000, 0x0000000088600000| Untracked 
| 135|0x0000000088700000, 0x0000000088700000, 0x0000000088800000|  0%| F|  |TAMS 0x0000000088700000, 0x0000000088700000| Untracked 
| 136|0x0000000088800000, 0x0000000088800000, 0x0000000088900000|  0%| F|  |TAMS 0x0000000088800000, 0x0000000088800000| Untracked 
| 137|0x0000000088900000, 0x0000000088900000, 0x0000000088a00000|  0%| F|  |TAMS 0x0000000088900000, 0x0000000088900000| Untracked 
| 138|0x0000000088a00000, 0x0000000088a00000, 0x0000000088b00000|  0%| F|  |TAMS 0x0000000088a00000, 0x0000000088a00000| Untracked 
| 139|0x0000000088b00000, 0x0000000088b00000, 0x0000000088c00000|  0%| F|  |TAMS 0x0000000088b00000, 0x0000000088b00000| Untracked 
| 140|0x0000000088c00000, 0x0000000088c00000, 0x0000000088d00000|  0%| F|  |TAMS 0x0000000088c00000, 0x0000000088c00000| Untracked 
| 141|0x0000000088d00000, 0x0000000088d00000, 0x0000000088e00000|  0%| F|  |TAMS 0x0000000088d00000, 0x0000000088d00000| Untracked 
| 142|0x0000000088e00000, 0x0000000088e00000, 0x0000000088f00000|  0%| F|  |TAMS 0x0000000088e00000, 0x0000000088e00000| Untracked 
| 143|0x0000000088f00000, 0x0000000088f00000, 0x0000000089000000|  0%| F|  |TAMS 0x0000000088f00000, 0x0000000088f00000| Untracked 
| 144|0x0000000089000000, 0x0000000089000000, 0x0000000089100000|  0%| F|  |TAMS 0x0000000089000000, 0x0000000089000000| Untracked 
| 145|0x0000000089100000, 0x0000000089100000, 0x0000000089200000|  0%| F|  |TAMS 0x0000000089100000, 0x0000000089100000| Untracked 
| 146|0x0000000089200000, 0x0000000089200000, 0x0000000089300000|  0%| F|  |TAMS 0x0000000089200000, 0x0000000089200000| Untracked 
| 147|0x0000000089300000, 0x0000000089300000, 0x0000000089400000|  0%| F|  |TAMS 0x0000000089300000, 0x0000000089300000| Untracked 
| 148|0x0000000089400000, 0x0000000089400000, 0x0000000089500000|  0%| F|  |TAMS 0x0000000089400000, 0x0000000089400000| Untracked 
| 149|0x0000000089500000, 0x0000000089500000, 0x0000000089600000|  0%| F|  |TAMS 0x0000000089500000, 0x0000000089500000| Untracked 
| 150|0x0000000089600000, 0x0000000089600000, 0x0000000089700000|  0%| F|  |TAMS 0x0000000089600000, 0x0000000089600000| Untracked 
| 151|0x0000000089700000, 0x0000000089700000, 0x0000000089800000|  0%| F|  |TAMS 0x0000000089700000, 0x0000000089700000| Untracked 
| 152|0x0000000089800000, 0x0000000089800000, 0x0000000089900000|  0%| F|  |TAMS 0x0000000089800000, 0x0000000089800000| Untracked 
| 153|0x0000000089900000, 0x0000000089900000, 0x0000000089a00000|  0%| F|  |TAMS 0x0000000089900000, 0x0000000089900000| Untracked 
| 154|0x0000000089a00000, 0x0000000089a00000, 0x0000000089b00000|  0%| F|  |TAMS 0x0000000089a00000, 0x0000000089a00000| Untracked 
| 155|0x0000000089b00000, 0x0000000089b00000, 0x0000000089c00000|  0%| F|  |TAMS 0x0000000089b00000, 0x0000000089b00000| Untracked 
| 156|0x0000000089c00000, 0x0000000089c00000, 0x0000000089d00000|  0%| F|  |TAMS 0x0000000089c00000, 0x0000000089c00000| Untracked 
| 157|0x0000000089d00000, 0x0000000089d00000, 0x0000000089e00000|  0%| F|  |TAMS 0x0000000089d00000, 0x0000000089d00000| Untracked 
| 158|0x0000000089e00000, 0x0000000089e61898, 0x0000000089f00000| 38%| E|  |TAMS 0x0000000089e00000, 0x0000000089e00000| Complete 
| 159|0x0000000089f00000, 0x000000008a000000, 0x000000008a000000|100%| E|CS|TAMS 0x0000000089f00000, 0x0000000089f00000| Complete 
| 160|0x000000008a000000, 0x000000008a100000, 0x000000008a100000|100%| E|CS|TAMS 0x000000008a000000, 0x000000008a000000| Complete 
| 161|0x000000008a100000, 0x000000008a200000, 0x000000008a200000|100%| E|CS|TAMS 0x000000008a100000, 0x000000008a100000| Complete 
| 162|0x000000008a200000, 0x000000008a300000, 0x000000008a300000|100%| E|CS|TAMS 0x000000008a200000, 0x000000008a200000| Complete 
| 163|0x000000008a300000, 0x000000008a400000, 0x000000008a400000|100%| E|CS|TAMS 0x000000008a300000, 0x000000008a300000| Complete 
| 164|0x000000008a400000, 0x000000008a500000, 0x000000008a500000|100%| E|CS|TAMS 0x000000008a400000, 0x000000008a400000| Complete 
| 165|0x000000008a500000, 0x000000008a600000, 0x000000008a600000|100%| E|CS|TAMS 0x000000008a500000, 0x000000008a500000| Complete 
| 166|0x000000008a600000, 0x000000008a700000, 0x000000008a700000|100%| E|CS|TAMS 0x000000008a600000, 0x000000008a600000| Complete 
| 167|0x000000008a700000, 0x000000008a7514f0, 0x000000008a800000| 31%| S|CS|TAMS 0x000000008a700000, 0x000000008a700000| Complete 
| 168|0x000000008a800000, 0x000000008a900000, 0x000000008a900000|100%| S|CS|TAMS 0x000000008a800000, 0x000000008a800000| Complete 
| 169|0x000000008a900000, 0x000000008aa00000, 0x000000008aa00000|100%| S|CS|TAMS 0x000000008a900000, 0x000000008a900000| Complete 
| 170|0x000000008aa00000, 0x000000008ab00000, 0x000000008ab00000|100%| S|CS|TAMS 0x000000008aa00000, 0x000000008aa00000| Complete 
| 171|0x000000008ab00000, 0x000000008ac00000, 0x000000008ac00000|100%| S|CS|TAMS 0x000000008ab00000, 0x000000008ab00000| Complete 
| 172|0x000000008ac00000, 0x000000008ad00000, 0x000000008ad00000|100%| S|CS|TAMS 0x000000008ac00000, 0x000000008ac00000| Complete 
| 173|0x000000008ad00000, 0x000000008ae00000, 0x000000008ae00000|100%| E|CS|TAMS 0x000000008ad00000, 0x000000008ad00000| Complete 
| 174|0x000000008ae00000, 0x000000008af00000, 0x000000008af00000|100%| E|CS|TAMS 0x000000008ae00000, 0x000000008ae00000| Complete 
| 175|0x000000008af00000, 0x000000008b000000, 0x000000008b000000|100%| E|CS|TAMS 0x000000008af00000, 0x000000008af00000| Complete 
| 176|0x000000008b000000, 0x000000008b100000, 0x000000008b100000|100%| E|CS|TAMS 0x000000008b000000, 0x000000008b000000| Complete 
| 177|0x000000008b100000, 0x000000008b200000, 0x000000008b200000|100%| E|CS|TAMS 0x000000008b100000, 0x000000008b100000| Complete 
| 178|0x000000008b200000, 0x000000008b300000, 0x000000008b300000|100%| E|CS|TAMS 0x000000008b200000, 0x000000008b200000| Complete 
| 179|0x000000008b300000, 0x000000008b400000, 0x000000008b400000|100%| E|CS|TAMS 0x000000008b300000, 0x000000008b300000| Complete 
| 180|0x000000008b400000, 0x000000008b500000, 0x000000008b500000|100%| E|CS|TAMS 0x000000008b400000, 0x000000008b400000| Complete 
| 181|0x000000008b500000, 0x000000008b600000, 0x000000008b600000|100%| E|CS|TAMS 0x000000008b500000, 0x000000008b500000| Complete 
| 182|0x000000008b600000, 0x000000008b700000, 0x000000008b700000|100%| E|CS|TAMS 0x000000008b600000, 0x000000008b600000| Complete 
| 183|0x000000008b700000, 0x000000008b800000, 0x000000008b800000|100%| E|CS|TAMS 0x000000008b700000, 0x000000008b700000| Complete 
| 184|0x000000008b800000, 0x000000008b900000, 0x000000008b900000|100%| E|CS|TAMS 0x000000008b800000, 0x000000008b800000| Complete 
| 185|0x000000008b900000, 0x000000008ba00000, 0x000000008ba00000|100%| E|CS|TAMS 0x000000008b900000, 0x000000008b900000| Complete 
| 186|0x000000008ba00000, 0x000000008bb00000, 0x000000008bb00000|100%| E|CS|TAMS 0x000000008ba00000, 0x000000008ba00000| Complete 
| 187|0x000000008bb00000, 0x000000008bc00000, 0x000000008bc00000|100%| E|CS|TAMS 0x000000008bb00000, 0x000000008bb00000| Complete 
| 188|0x000000008bc00000, 0x000000008bd00000, 0x000000008bd00000|100%| E|CS|TAMS 0x000000008bc00000, 0x000000008bc00000| Complete 
| 189|0x000000008bd00000, 0x000000008be00000, 0x000000008be00000|100%| E|CS|TAMS 0x000000008bd00000, 0x000000008bd00000| Complete 
| 190|0x000000008be00000, 0x000000008bf00000, 0x000000008bf00000|100%| E|CS|TAMS 0x000000008be00000, 0x000000008be00000| Complete 
| 191|0x000000008bf00000, 0x000000008c000000, 0x000000008c000000|100%| E|CS|TAMS 0x000000008bf00000, 0x000000008bf00000| Complete 

Card table byte_map: [0x000001ae19cf0000,0x000001ae1a0f0000] _byte_map_base: 0x000001ae198f0000

Marking Bits (Prev, Next): (CMBitMap*) 0x000001ae050336f0, (CMBitMap*) 0x000001ae050336b8
 Prev Bits: [0x000001ae1c4f0000, 0x000001ae1e4f0000)
 Next Bits: [0x000001ae1a4f0000, 0x000001ae1c4f0000)

Polling page: 0x000001ae050d0000

Metaspace:

Usage:
  Non-class:     20.18 MB capacity,    19.81 MB ( 98%) used,   343.59 KB (  2%) free+waste,    41.94 KB ( <1%) overhead. 
      Class:      3.08 MB capacity,     2.90 MB ( 94%) used,   164.27 KB (  5%) free+waste,    21.06 KB ( <1%) overhead. 
       Both:     23.27 MB capacity,    22.71 MB ( 98%) used,   507.86 KB (  2%) free+waste,    63.00 KB ( <1%) overhead. 

Virtual space:
  Non-class space:       22.00 MB reserved,      20.25 MB ( 92%) committed 
      Class space:        1.00 GB reserved,       3.13 MB ( <1%) committed 
             Both:        1.02 GB reserved,      23.38 MB (  2%) committed 

Chunk freelists:
   Non-Class:  1.00 KB
       Class:  8.00 KB
        Both:  9.00 KB

MaxMetaspaceSize: 17179869184.00 GB
CompressedClassSpaceSize: 1.00 GB

CodeHeap 'non-profiled nmethods': size=120064Kb used=849Kb max_used=849Kb free=119214Kb
 bounds [0x000001ae11d90000, 0x000001ae12000000, 0x000001ae192d0000]
CodeHeap 'profiled nmethods': size=120000Kb used=4224Kb max_used=4224Kb free=115775Kb
 bounds [0x000001ae0a860000, 0x000001ae0ac90000, 0x000001ae11d90000]
CodeHeap 'non-nmethods': size=5696Kb used=1148Kb max_used=1163Kb free=4547Kb
 bounds [0x000001ae0a2d0000, 0x000001ae0a540000, 0x000001ae0a860000]
 total_blobs=2517 nmethods=2033 adapters=395
 compilation: enabled
              stopped_count=0, restarted_count=0
 full_count=0

Compilation events (20 events):
Event: 4.065 Thread 0x000001ae213e0800 nmethod 2029 0x000001ae0ac72e90 code [0x000001ae0ac733e0, 0x000001ae0ac75cf8]
Event: 4.065 Thread 0x000001ae213e0800 2030       3       org.gradle.initialization.MixInLegacyTypesClassLoader::shouldTransform (42 bytes)
Event: 4.065 Thread 0x000001ae213e0800 nmethod 2030 0x000001ae0ac76d10 code [0x000001ae0ac76f00, 0x000001ae0ac772f8]
Event: 4.076 Thread 0x000001ae213e0800 2031       3       java.lang.Package$VersionInfo::<init> (44 bytes)
Event: 4.077 Thread 0x000001ae213e0800 nmethod 2031 0x000001ae0ac77490 code [0x000001ae0ac77660, 0x000001ae0ac77a58]
Event: 4.096 Thread 0x000001ae213e0800 2032       3       java.util.LinkedList::unlink (91 bytes)
Event: 4.096 Thread 0x000001ae213e0800 nmethod 2032 0x000001ae0ac77b10 code [0x000001ae0ac77ce0, 0x000001ae0ac780b8]
Event: 4.096 Thread 0x000001ae213e0800 2036       3       sun.reflect.generics.visitor.Reifier::visitClassTypeSignature (381 bytes)
Event: 4.100 Thread 0x000001ae213e0800 nmethod 2036 0x000001ae0ac78210 code [0x000001ae0ac786e0, 0x000001ae0ac7aa58]
Event: 4.100 Thread 0x000001ae213e0800 2034   !   3       sun.reflect.generics.factory.CoreReflectionFactory::makeNamedType (21 bytes)
Event: 4.100 Thread 0x000001ae213e0800 nmethod 2034 0x000001ae0ac7b810 code [0x000001ae0ac7b9e0, 0x000001ae0ac7bc28]
Event: 4.100 Thread 0x000001ae213e0800 2035       3       sun.reflect.generics.factory.CoreReflectionFactory::getDeclsLoader (85 bytes)
Event: 4.102 Thread 0x000001ae213e0800 nmethod 2035 0x000001ae0ac7bd90 code [0x000001ae0ac7c120, 0x000001ae0ac7deb8]
Event: 4.102 Thread 0x000001ae213e0800 2037       3       org.gradle.internal.service.DefaultServiceMethodFactory::toServiceMethod (11 bytes)
Event: 4.102 Thread 0x000001ae213e0800 nmethod 2037 0x000001ae0ac7e590 code [0x000001ae0ac7e740, 0x000001ae0ac7e908]
Event: 4.102 Thread 0x000001ae213e0800 2033       1       sun.reflect.generics.repository.AbstractRepository::getFactory (5 bytes)
Event: 4.102 Thread 0x000001ae213e0800 nmethod 2033 0x000001ae11e64010 code [0x000001ae11e641c0, 0x000001ae11e64278]
Event: 4.127 Thread 0x000001ae213e0800 2038       3       java.util.LinkedList$ListItr::<init> (47 bytes)
Event: 4.127 Thread 0x000001ae213e0800 nmethod 2038 0x000001ae0ac7ea10 code [0x000001ae0ac7ebe0, 0x000001ae0ac7eec8]
Event: 4.153 Thread 0x000001ae213e0800 2041       3       java.lang.invoke.DirectMethodHandle::preparedLambdaForm (248 bytes)

GC Heap History (10 events):
Event: 0.847 GC heap before
{Heap before GC invocations=0 (full 0):
 garbage-first heap   total 196608K, used 19456K [0x0000000080000000, 0x0000000100000000)
  region size 1024K, 14 young (14336K), 0 survivors (0K)
 Metaspace       used 6743K, capacity 6921K, committed 7168K, reserved 1056768K
  class space    used 582K, capacity 650K, committed 768K, reserved 1048576K
}
Event: 0.852 GC heap after
{Heap after GC invocations=1 (full 0):
 garbage-first heap   total 196608K, used 7901K [0x0000000080000000, 0x0000000100000000)
  region size 1024K, 2 young (2048K), 2 survivors (2048K)
 Metaspace       used 6743K, capacity 6921K, committed 7168K, reserved 1056768K
  class space    used 582K, capacity 650K, committed 768K, reserved 1048576K
}
Event: 1.292 GC heap before
{Heap before GC invocations=1 (full 0):
 garbage-first heap   total 196608K, used 20189K [0x0000000080000000, 0x0000000100000000)
  region size 1024K, 14 young (14336K), 2 survivors (2048K)
 Metaspace       used 9878K, capacity 10114K, committed 10368K, reserved 1058816K
  class space    used 1028K, capacity 1102K, committed 1152K, reserved 1048576K
}
Event: 1.296 GC heap after
{Heap after GC invocations=2 (full 0):
 garbage-first heap   total 196608K, used 9472K [0x0000000080000000, 0x0000000100000000)
  region size 1024K, 2 young (2048K), 2 survivors (2048K)
 Metaspace       used 9878K, capacity 10114K, committed 10368K, reserved 1058816K
  class space    used 1028K, capacity 1102K, committed 1152K, reserved 1048576K
}
Event: 1.862 GC heap before
{Heap before GC invocations=2 (full 0):
 garbage-first heap   total 196608K, used 39168K [0x0000000080000000, 0x0000000100000000)
  region size 1024K, 31 young (31744K), 2 survivors (2048K)
 Metaspace       used 10839K, capacity 11069K, committed 11264K, reserved 1058816K
  class space    used 1131K, capacity 1207K, committed 1280K, reserved 1048576K
}
Event: 1.866 GC heap after
{Heap after GC invocations=3 (full 0):
 garbage-first heap   total 196608K, used 12060K [0x0000000080000000, 0x0000000100000000)
  region size 1024K, 4 young (4096K), 4 survivors (4096K)
 Metaspace       used 10839K, capacity 11069K, committed 11264K, reserved 1058816K
  class space    used 1131K, capacity 1207K, committed 1280K, reserved 1048576K
}
Event: 3.535 GC heap before
{Heap before GC invocations=3 (full 0):
 garbage-first heap   total 196608K, used 58140K [0x0000000080000000, 0x0000000100000000)
  region size 1024K, 49 young (50176K), 4 survivors (4096K)
 Metaspace       used 18485K, capacity 18942K, committed 19072K, reserved 1067008K
  class space    used 2205K, capacity 2334K, committed 2432K, reserved 1048576K
}
Event: 3.544 GC heap after
{Heap after GC invocations=4 (full 0):
 garbage-first heap   total 196608K, used 16432K [0x0000000080000000, 0x0000000100000000)
  region size 1024K, 7 young (7168K), 7 survivors (7168K)
 Metaspace       used 18485K, capacity 18942K, committed 19072K, reserved 1067008K
  class space    used 2205K, capacity 2334K, committed 2432K, reserved 1048576K
}
Event: 3.800 GC heap before
{Heap before GC invocations=4 (full 0):
 garbage-first heap   total 196608K, used 34864K [0x0000000080000000, 0x0000000100000000)
  region size 1024K, 26 young (26624K), 7 survivors (7168K)
 Metaspace       used 20654K, capacity 21080K, committed 21248K, reserved 1067008K
  class space    used 2530K, capacity 2706K, committed 2816K, reserved 1048576K
}
Event: 3.810 GC heap after
{Heap after GC invocations=5 (full 0):
 garbage-first heap   total 196608K, used 17380K [0x0000000080000000, 0x0000000100000000)
  region size 1024K, 6 young (6144K), 6 survivors (6144K)
 Metaspace       used 20654K, capacity 21080K, committed 21248K, reserved 1067008K
  class space    used 2530K, capacity 2706K, committed 2816K, reserved 1048576K
}

Deoptimization events (20 events):
Event: 3.863 Thread 0x000001ae2244b800 Uncommon trap: trap_request=0xffffffc6 fr.pc=0x000001ae11dfd7f4 relative=0x0000000000000134
Event: 3.863 Thread 0x000001ae2244b800 Uncommon trap: reason=bimorphic_or_optimized_type_check action=maybe_recompile pc=0x000001ae11dfd7f4 method=java.util.AbstractList$Itr.next()Ljava/lang/Object; @ 14 c2
Event: 3.863 Thread 0x000001ae2244b800 DEOPT PACKING pc=0x000001ae11dfd7f4 sp=0x0000008e9cafa9c0
Event: 3.863 Thread 0x000001ae2244b800 DEOPT UNPACKING pc=0x000001ae0a2f662f sp=0x0000008e9cafa958 mode 2
Event: 3.864 Thread 0x000001ae2244b800 Uncommon trap: trap_request=0xffffff4d fr.pc=0x000001ae11df8078 relative=0x00000000000005b8
Event: 3.864 Thread 0x000001ae2244b800 Uncommon trap: reason=unstable_if action=reinterpret pc=0x000001ae11df8078 method=java.io.File.getName()Ljava/lang/String; @ 16 c2
Event: 3.864 Thread 0x000001ae2244b800 DEOPT PACKING pc=0x000001ae11df8078 sp=0x0000008e9cafb390
Event: 3.864 Thread 0x000001ae2244b800 DEOPT UNPACKING pc=0x000001ae0a2f662f sp=0x0000008e9cafb360 mode 2
Event: 3.864 Thread 0x000001ae2244b800 Uncommon trap: trap_request=0xffffff4d fr.pc=0x000001ae11df7690 relative=0x0000000000000450
Event: 3.864 Thread 0x000001ae2244b800 Uncommon trap: reason=unstable_if action=reinterpret pc=0x000001ae11df7690 method=java.lang.String.substring(I)Ljava/lang/String; @ 34 c2
Event: 3.864 Thread 0x000001ae2244b800 DEOPT PACKING pc=0x000001ae11df7690 sp=0x0000008e9cafb310
Event: 3.864 Thread 0x000001ae2244b800 DEOPT UNPACKING pc=0x000001ae0a2f662f sp=0x0000008e9cafb2e8 mode 2
Event: 3.985 Thread 0x000001ae2244b800 Uncommon trap: trap_request=0xffffff4d fr.pc=0x000001ae11e624b0 relative=0x00000000000003b0
Event: 3.985 Thread 0x000001ae2244b800 Uncommon trap: reason=unstable_if action=reinterpret pc=0x000001ae11e624b0 method=jdk.internal.org.objectweb.asm.Type.getArgumentsAndReturnSizes(Ljava/lang/String;)I @ 88 c2
Event: 3.985 Thread 0x000001ae2244b800 DEOPT PACKING pc=0x000001ae11e624b0 sp=0x0000008e9caf98a0
Event: 3.985 Thread 0x000001ae2244b800 DEOPT UNPACKING pc=0x000001ae0a2f662f sp=0x0000008e9caf9828 mode 2
Event: 3.994 Thread 0x000001ae2244b800 Uncommon trap: trap_request=0xffffffcc fr.pc=0x000001ae11e5a878 relative=0x00000000000002b8
Event: 3.994 Thread 0x000001ae2244b800 Uncommon trap: reason=intrinsic_or_type_checked_inlining action=make_not_entrant pc=0x000001ae11e5a878 method=java.util.Arrays.copyOf([Ljava/lang/Object;ILjava/lang/Class;)[Ljava/lang/Object; @ 35 c2
Event: 3.994 Thread 0x000001ae2244b800 DEOPT PACKING pc=0x000001ae11e5a878 sp=0x0000008e9cafb9f0
Event: 3.994 Thread 0x000001ae2244b800 DEOPT UNPACKING pc=0x000001ae0a2f662f sp=0x0000008e9cafb980 mode 2

Classes redefined (0 events):
No events

Internal exceptions (20 events):
Event: 2.785 Thread 0x000001ae04ff2000 Exception <a 'java/lang/NoSuchMethodError'{0x000000008a4243d8}: 'java.lang.Object java.lang.invoke.DirectMethodHandle$Holder.invokeStaticInit(java.lang.Object, java.lang.Object, int, int, int, int)'> (0x000000008a4243d8) thrown at [./src/hotspot/share/interpreter/linkResolver.cpp, line 773]
Event: 3.231 Thread 0x000001ae04ff2000 Exception <a 'java/io/IOException'{0x000000008a3ef300}> (0x000000008a3ef300) thrown at [./src/hotspot/share/prims/jni.cpp, line 615]
Event: 3.310 Thread 0x000001ae22fb8000 Exception <a 'java/lang/NoSuchMethodError'{0x0000000089cbf120}: <clinit>> (0x0000000089cbf120) thrown at [./src/hotspot/share/prims/jni.cpp, line 1362]
Event: 3.312 Thread 0x000001ae22fb8000 Exception <a 'java/lang/NoSuchMethodError'{0x0000000089cd6ec8}: <clinit>> (0x0000000089cd6ec8) thrown at [./src/hotspot/share/prims/jni.cpp, line 1362]
Event: 3.313 Thread 0x000001ae22fb8000 Exception <a 'java/lang/NoSuchMethodError'{0x0000000089ce0890}: <clinit>> (0x0000000089ce0890) thrown at [./src/hotspot/share/prims/jni.cpp, line 1362]
Event: 3.316 Thread 0x000001ae22fb8000 Exception <a 'java/lang/NoSuchMethodError'{0x0000000089cf5ef0}: <clinit>> (0x0000000089cf5ef0) thrown at [./src/hotspot/share/prims/jni.cpp, line 1362]
Event: 3.391 Thread 0x000001ae2244b800 Exception <a 'java/lang/NoSuchMethodError'{0x00000000899e9a58}: 'void java.lang.invoke.DirectMethodHandle$Holder.invokeVirtual(java.lang.Object, java.lang.Object, java.lang.Object, java.lang.Object)'> (0x00000000899e9a58) thrown at [./src/hotspot/share/interpreter/linkResolver.cpp, line 773]
Event: 3.393 Thread 0x000001ae2244b800 Exception <a 'java/lang/NoSuchMethodError'{0x00000000899f8b40}: 'void java.lang.invoke.DelegatingMethodHandle$Holder.reinvoke_L(java.lang.Object, java.lang.Object, java.lang.Object, java.lang.Object)'> (0x00000000899f8b40) thrown at [./src/hotspot/share/interpreter/linkResolver.cpp, line 773]
Event: 3.400 Thread 0x000001ae2244b800 Exception <a 'java/lang/NoSuchMethodError'{0x000000008982a0d0}: 'long java.lang.invoke.DirectMethodHandle$Holder.invokeInterface(java.lang.Object, java.lang.Object)'> (0x000000008982a0d0) thrown at [./src/hotspot/share/interpreter/linkResolver.cpp, line 773]
Event: 3.404 Thread 0x000001ae2244b800 Exception <a 'java/lang/NoSuchMethodError'{0x000000008984d650}: 'void java.lang.invoke.DelegatingMethodHandle$Holder.reinvoke_L(java.lang.Object, java.lang.Object, java.lang.Object, java.lang.Object, java.lang.Object, java.lang.Object, java.lang.Object)'> (0x000000008984d650) thrown at [./src/hotspot/share/interpreter/linkResolver.cpp, line 773]
Event: 3.721 Thread 0x000001ae2244b800 Exception <a 'java/lang/NoSuchMethodError'{0x000000008b1dc170}: 'void java.lang.invoke.DirectMethodHandle$Holder.invokeStaticInit(java.lang.Object)'> (0x000000008b1dc170) thrown at [./src/hotspot/share/interpreter/linkResolver.cpp, line 773]
Event: 3.765 Thread 0x000001ae2244b800 Exception <a 'java/lang/NoSuchMethodError'{0x000000008ae0b850}: 'java.lang.Object java.lang.invoke.DirectMethodHandle$Holder.invokeStatic(java.lang.Object, java.lang.Object, java.lang.Object, int)'> (0x000000008ae0b850) thrown at [./src/hotspot/share/interpreter/linkResolver.cpp, line 773]
Event: 3.766 Thread 0x000001ae2244b800 Exception <a 'java/lang/NoSuchMethodError'{0x000000008ae0fcc0}: 'java.lang.Object java.lang.invoke.DirectMethodHandle$Holder.invokeSpecial(java.lang.Object, java.lang.Object, java.lang.Object, java.lang.Object, int)'> (0x000000008ae0fcc0) thrown at [./src/hotspot/share/interpreter/linkResolver.cpp, line 773]
Event: 3.766 Thread 0x000001ae2244b800 Exception <a 'java/lang/NoSuchMethodError'{0x000000008ae13950}: 'java.lang.Object java.lang.invoke.Invokers$Holder.linkToTargetMethod(java.lang.Object, java.lang.Object, int, java.lang.Object)'> (0x000000008ae13950) thrown at [./src/hotspot/share/interpreter/linkResolver.cpp, line 773]
Event: 3.918 Thread 0x000001ae2244b800 Exception <a 'java/lang/NoSuchMethodError'{0x000000008bc9eab0}: 'int java.lang.invoke.DirectMethodHandle$Holder.invokeSpecialIFC(java.lang.Object, java.lang.Object, java.lang.Object, java.lang.Object)'> (0x000000008bc9eab0) thrown at [./src/hotspot/share/interpreter/linkResolver.cpp, line 773]
Event: 3.919 Thread 0x000001ae2244b800 Exception <a 'java/lang/NoSuchMethodError'{0x000000008bcaca68}: 'java.lang.Object java.lang.invoke.DirectMethodHandle$Holder.invokeInterface(java.lang.Object, java.lang.Object, java.lang.Object)'> (0x000000008bcaca68) thrown at [./src/hotspot/share/interpreter/linkResolver.cpp, line 773]
Event: 3.920 Thread 0x000001ae2244b800 Exception <a 'java/lang/IncompatibleClassChangeError'{0x000000008bcaff40}: Found class java.lang.Object, but interface was expected> (0x000000008bcaff40) thrown at [./src/hotspot/share/interpreter/linkResolver.cpp, line 839]
Event: 3.950 Thread 0x000001ae2244b800 Exception <a 'java/lang/NoSuchMethodError'{0x000000008baa4c58}: 'void java.lang.invoke.DirectMethodHandle$Holder.invokeStatic(java.lang.Object, java.lang.Object, java.lang.Object, java.lang.Object, java.lang.Object)'> (0x000000008baa4c58) thrown at [./src/hotspot/share/interpreter/linkResolver.cpp, line 773]
Event: 4.049 Thread 0x000001ae2244b800 Exception <a 'java/lang/NoSuchMethodError'{0x000000008b386130}: 'java.lang.Object java.lang.invoke.DirectMethodHandle$Holder.invokeSpecial(java.lang.Object, java.lang.Object, java.lang.Object, java.lang.Object, java.lang.Object, java.lang.Object, java.lang.Object, java.lang.Object, java.lang.Object)'> (0x000000008b386130) thrown at [./src/hotspot/share/interpreter/linkResolver.cpp, line 773]
Event: 4.138 Thread 0x000001ae2244b800 Exception <a 'java/lang/NoSuchMethodError'{0x000000008a39ad48}: 'java.lang.Object java.lang.invoke.DirectMethodHandle$Holder.invokeVirtual(java.lang.Object, java.lang.Object, java.lang.Object, java.lang.Object)'> (0x000000008a39ad48) thrown at [./src/hotspot/share/interpreter/linkResolver.cpp, line 773]

Events (20 events):
Event: 4.148 loading class org/gradle/configurationcache/SystemPropertyAccessListener
Event: 4.148 loading class org/gradle/configurationcache/SystemPropertyAccessListener done
Event: 4.148 loading class org/gradle/internal/classpath/Instrumented$Listener
Event: 4.148 loading class org/gradle/internal/classpath/Instrumented$Listener done
Event: 4.149 loading class org/gradle/configurationcache/RelevantProjectsRegistry
Event: 4.149 loading class org/gradle/configurationcache/RelevantProjectsRegistry done
Event: 4.150 loading class org/gradle/configurationcache/fingerprint/ConfigurationCacheFingerprintController
Event: 4.150 loading class org/gradle/configurationcache/fingerprint/ConfigurationCacheFingerprintController done
Event: 4.151 loading class kotlin/coroutines/Continuation
Event: 4.151 loading class kotlin/coroutines/Continuation done
Event: 4.152 loading class org/gradle/configurationcache/ConfigurationCacheServices$BuildScopeServicesProvider
Event: 4.152 loading class org/gradle/configurationcache/ConfigurationCacheServices$BuildScopeServicesProvider done
Event: 4.152 loading class org/gradle/internal/build/BuildModelController
Event: 4.152 loading class org/gradle/internal/build/BuildModelController done
Event: 4.153 loading class org/gradle/api/internal/project/CrossProjectModelAccess
Event: 4.153 loading class org/gradle/api/internal/project/CrossProjectModelAccess done
Event: 4.153 loading class org/gradle/internal/build/DefaultBuildLifecycleControllerFactory$GradleModelProvider
Event: 4.153 loading class org/gradle/internal/build/DefaultBuildLifecycleControllerFactory$GradleModelProvider done
Event: 4.154 loading class org/gradle/api/NonExtensible
Event: 4.154 loading class org/gradle/api/NonExtensible done


Dynamic libraries:
0x00007ff7fcaf0000 - 0x00007ff7fcafa000 	C:\Program Files\Android\Android Studio\jre\bin\java.exe
0x00007ff89e5b0000 - 0x00007ff89e7a5000 	C:\Windows\SYSTEM32\ntdll.dll
0x00007ff89d570000 - 0x00007ff89d62e000 	C:\Windows\System32\KERNEL32.DLL
0x00007ff89c180000 - 0x00007ff89c448000 	C:\Windows\System32\KERNELBASE.dll
0x00007ff89be50000 - 0x00007ff89bf50000 	C:\Windows\System32\ucrtbase.dll
0x00007ff8913a0000 - 0x00007ff8913b7000 	C:\Program Files\Android\Android Studio\jre\bin\VCRUNTIME140.dll
0x00007ff8858a0000 - 0x00007ff8858b9000 	C:\Program Files\Android\Android Studio\jre\bin\jli.dll
0x00007ff89d630000 - 0x00007ff89d7d1000 	C:\Windows\System32\USER32.dll
0x00007ff89bcc0000 - 0x00007ff89bce2000 	C:\Windows\System32\win32u.dll
0x00007ff8879a0000 - 0x00007ff887c3a000 	C:\Windows\WinSxS\amd64_microsoft.windows.common-controls_6595b64144ccf1df_6.0.19041.1110_none_60b5254171f9507e\COMCTL32.dll
0x00007ff89e190000 - 0x00007ff89e1bb000 	C:\Windows\System32\GDI32.dll
0x00007ff89bcf0000 - 0x00007ff89bdfd000 	C:\Windows\System32\gdi32full.dll
0x00007ff89bf50000 - 0x00007ff89bfed000 	C:\Windows\System32\msvcp_win.dll
0x00007ff89e410000 - 0x00007ff89e4ae000 	C:\Windows\System32\msvcrt.dll
0x00007ff89e2e0000 - 0x00007ff89e310000 	C:\Windows\System32\IMM32.DLL
0x00007ff867b30000 - 0x00007ff867bcd000 	C:\Program Files\Android\Android Studio\jre\bin\msvcp140.dll
0x00007ff86ed00000 - 0x00007ff86f7d5000 	C:\Program Files\Android\Android Studio\jre\bin\server\jvm.dll
0x00007ff89c7b0000 - 0x00007ff89c85e000 	C:\Windows\System32\ADVAPI32.dll
0x00007ff89cbc0000 - 0x00007ff89cc5c000 	C:\Windows\System32\sechost.dll
0x00007ff89e060000 - 0x00007ff89e185000 	C:\Windows\System32\RPCRT4.dll
0x00007ff89e4b0000 - 0x00007ff89e4b8000 	C:\Windows\System32\PSAPI.DLL
0x00007ff8852c0000 - 0x00007ff8852c9000 	C:\Windows\SYSTEM32\WSOCK32.dll
0x00007ff89d2a0000 - 0x00007ff89d30b000 	C:\Windows\System32\WS2_32.dll
0x00007ff884f40000 - 0x00007ff884f67000 	C:\Windows\SYSTEM32\WINMM.dll
0x00007ff88d8b0000 - 0x00007ff88d8ba000 	C:\Windows\SYSTEM32\VERSION.dll
0x00007ff899bb0000 - 0x00007ff899bc2000 	C:\Windows\SYSTEM32\kernel.appcore.dll
0x00007ff894c50000 - 0x00007ff894c61000 	C:\Program Files\Android\Android Studio\jre\bin\verify.dll
0x00007ff893260000 - 0x00007ff893444000 	C:\Windows\SYSTEM32\DBGHELP.DLL
0x00007ff888e40000 - 0x00007ff888e6c000 	C:\Windows\SYSTEM32\dbgcore.DLL
0x00007ff89c560000 - 0x00007ff89c5e2000 	C:\Windows\System32\bcryptPrimitives.dll
0x00007ff891560000 - 0x00007ff891589000 	C:\Program Files\Android\Android Studio\jre\bin\java.dll
0x00007ff897030000 - 0x00007ff89703b000 	C:\Program Files\Android\Android Studio\jre\bin\jimage.dll
0x00007ff891540000 - 0x00007ff891558000 	C:\Program Files\Android\Android Studio\jre\bin\zip.dll
0x00007ff89d910000 - 0x00007ff89e054000 	C:\Windows\System32\SHELL32.dll
0x00007ff899db0000 - 0x00007ff89a545000 	C:\Windows\SYSTEM32\windows.storage.dll
0x00007ff89c860000 - 0x00007ff89cbb5000 	C:\Windows\System32\combase.dll
0x00007ff89b710000 - 0x00007ff89b73e000 	C:\Windows\SYSTEM32\Wldp.dll
0x00007ff89e4c0000 - 0x00007ff89e56d000 	C:\Windows\System32\SHCORE.dll
0x00007ff89d310000 - 0x00007ff89d365000 	C:\Windows\System32\shlwapi.dll
0x00007ff89bc00000 - 0x00007ff89bc1f000 	C:\Windows\SYSTEM32\profapi.dll
0x00007ff88b2e0000 - 0x00007ff88b2fa000 	C:\Program Files\Android\Android Studio\jre\bin\net.dll
0x00007ff88b320000 - 0x00007ff88b42c000 	C:\Windows\SYSTEM32\WINHTTP.dll
0x00007ff89b470000 - 0x00007ff89b4da000 	C:\Windows\system32\mswsock.dll
0x00007ff885bc0000 - 0x00007ff885bd4000 	C:\Program Files\Android\Android Studio\jre\bin\nio.dll
0x00007ff876a20000 - 0x00007ff876a47000 	C:\Users\hamed\.gradle\native\e1d6ef7f7dcc3fd88c89a11ec53ec762bb8ba0a96d01ffa2cd45eb1d1d8dd5c5\windows-amd64\native-platform.dll
0x00007ff867bd0000 - 0x00007ff867d14000 	C:\Users\hamed\.gradle\native\5664cfc778a61ccfe75a443a1ab52a65af34e5dc3c78e0209fed803814484fcb\windows-amd64\native-platform-file-events.dll
0x00007ff891520000 - 0x00007ff89152a000 	C:\Program Files\Android\Android Studio\jre\bin\management.dll
0x00007ff8911b0000 - 0x00007ff8911bd000 	C:\Program Files\Android\Android Studio\jre\bin\management_ext.dll
0x00007ff89b670000 - 0x00007ff89b688000 	C:\Windows\SYSTEM32\CRYPTSP.dll
0x00007ff89ad80000 - 0x00007ff89adb4000 	C:\Windows\system32\rsaenh.dll
0x00007ff89bff0000 - 0x00007ff89c017000 	C:\Windows\System32\bcrypt.dll
0x00007ff89bbc0000 - 0x00007ff89bbee000 	C:\Windows\SYSTEM32\USERENV.dll
0x00007ff89b660000 - 0x00007ff89b66c000 	C:\Windows\SYSTEM32\CRYPTBASE.dll
0x00007ff89b110000 - 0x00007ff89b14b000 	C:\Windows\SYSTEM32\IPHLPAPI.DLL
0x00007ff89c5f0000 - 0x00007ff89c5f8000 	C:\Windows\System32\NSI.dll
0x00007ff8902e0000 - 0x00007ff8902f7000 	C:\Windows\SYSTEM32\dhcpcsvc6.DLL
0x00007ff8919a0000 - 0x00007ff8919bd000 	C:\Windows\SYSTEM32\dhcpcsvc.DLL
0x00007ff89b160000 - 0x00007ff89b22b000 	C:\Windows\SYSTEM32\DNSAPI.dll

dbghelp: loaded successfully - version: 4.0.5 - missing functions: none
symbol engine: initialized successfully - sym options: 0x614 - pdb path: .;C:\Program Files\Android\Android Studio\jre\bin;C:\Windows\SYSTEM32;C:\Windows\WinSxS\amd64_microsoft.windows.common-controls_6595b64144ccf1df_6.0.19041.1110_none_60b5254171f9507e;C:\Program Files\Android\Android Studio\jre\bin\server;C:\Users\hamed\.gradle\native\e1d6ef7f7dcc3fd88c89a11ec53ec762bb8ba0a96d01ffa2cd45eb1d1d8dd5c5\windows-amd64;C:\Users\hamed\.gradle\native\5664cfc778a61ccfe75a443a1ab52a65af34e5dc3c78e0209fed803814484fcb\windows-amd64

VM Arguments:
jvm_args: --add-opens=java.base/java.util=ALL-UNNAMED --add-opens=java.base/java.lang=ALL-UNNAMED --add-opens=java.base/java.lang.invoke=ALL-UNNAMED --add-opens=java.base/java.util=ALL-UNNAMED --add-opens=java.prefs/java.util.prefs=ALL-UNNAMED --add-opens=java.prefs/java.util.prefs=ALL-UNNAMED --add-opens=java.base/java.nio.charset=ALL-UNNAMED --add-opens=java.base/java.net=ALL-UNNAMED --add-opens=java.base/java.util.concurrent.atomic=ALL-UNNAMED -Xmx2048m -Dfile.encoding=UTF-8 -Duser.country=US -Duser.language=en -Duser.variant 
java_command: org.gradle.launcher.daemon.bootstrap.GradleDaemon 7.2
java_class_path (initial): C:\Users\hamed\.gradle\wrapper\dists\gradle-7.2-bin\2dnblmf4td7x66yl1d74lt32g\gradle-7.2\lib\gradle-launcher-7.2.jar
Launcher Type: SUN_STANDARD

[Global flags]
     intx CICompilerCount                          = 3                                         {product} {ergonomic}
     uint ConcGCThreads                            = 1                                         {product} {ergonomic}
     uint G1ConcRefinementThreads                  = 4                                         {product} {ergonomic}
   size_t G1HeapRegionSize                         = 1048576                                   {product} {ergonomic}
    uintx GCDrainStackTargetSize                   = 64                                        {product} {ergonomic}
   size_t InitialHeapSize                          = 201326592                                 {product} {ergonomic}
   size_t MarkStackSize                            = 4194304                                   {product} {ergonomic}
   size_t MaxHeapSize                              = 2147483648                                {product} {command line}
   size_t MaxNewSize                               = 1287651328                                {product} {ergonomic}
   size_t MinHeapDeltaBytes                        = 1048576                                   {product} {ergonomic}
    uintx NonNMethodCodeHeapSize                   = 5830732                                {pd product} {ergonomic}
    uintx NonProfiledCodeHeapSize                  = 122913754                              {pd product} {ergonomic}
    uintx ProfiledCodeHeapSize                     = 122913754                              {pd product} {ergonomic}
    uintx ReservedCodeCacheSize                    = 251658240                              {pd product} {ergonomic}
     bool SegmentedCodeCache                       = true                                      {product} {ergonomic}
     bool UseCompressedClassPointers               = true                                 {lp64_product} {ergonomic}
     bool UseCompressedOops                        = true                                 {lp64_product} {ergonomic}
     bool UseG1GC                                  = true                                      {product} {ergonomic}
     bool UseLargePagesIndividualAllocation        = false                                  {pd product} {ergonomic}

Logging:
Log output configuration:
 #0: stdout all=warning uptime,level,tags
 #1: stderr all=off uptime,level,tags

Environment Variables:
JAVA_HOME=C:\Program Files\Java\jdk1.8.0_20
PATH=C:\Program Files\Common Files\Oracle\Java\javapath;C:\ProgramData\Oracle\Java\javapath;C:\Windows\system32;C:\Windows;C:\Windows\System32\Wbem;C:\Windows\System32\WindowsPowerShell\v1.0\;C:\Windows\System32\OpenSSH\;C:\Program Files (x86)\AMD\ATI.ACE\Core-Static;C:\Program Files\Git\cmd;C:\androidSdk\platform-tools;C:\androidSdk\build-tools\30.0.3;C:\Users\hamed\AppData\Local\Programs\Python\Python39;C:\Users\hamed\AppData\Local\Programs\Python\Python39\Scripts;C:\Program Files\Java\jdk1.8.0_20\bin;C:\Users\hamed\AppData\Roaming\nvm;C:\Program Files\nodejs;C:\Users\hamed\AppData\Local\Microsoft\WindowsApps;C:\Users\hamed\AppData\Roaming\npm;C:\Program Files (x86)\apache-maven-3.8.2\bin;C:\Users\hamed\AppData\Local\Programs\Microsoft VS Code\bin;C:\Users\hamed\AppData\Roaming\nvm;C:\Program Files\nodejs;C:\Program Files\JetBrains\JetBrains Gateway 2021.3\bin;;C:\Program Files\Java\jdk1.8.0_20;
USERNAME=hamed
OS=Windows_NT
PROCESSOR_IDENTIFIER=Intel64 Family 6 Model 69 Stepping 1, GenuineIntel



---------------  S Y S T E M  ---------------

OS: Windows 10 , 64 bit Build 19041 (10.0.19041.1466)
OS uptime: 0 days 1:30 hours

CPU:total 4 (initial active 4) (2 cores per cpu, 2 threads per core) family 6 model 69 stepping 1 microcode 0x25, cmov, cx8, fxsr, mmx, sse, sse2, sse3, ssse3, sse4.1, sse4.2, popcnt, avx, avx2, aes, clmul, erms, lzcnt, ht, tsc, tscinvbit, bmi1, bmi2, fma

Memory: 4k page, system-wide physical 12184M (253M free)
TotalPageFile size 41924M (AvailPageFile size 1M)
current process WorkingSet (physical memory assigned to process): 169M, peak: 169M
current process commit charge ("private bytes"): 325M, peak: 325M

vm_info: OpenJDK 64-Bit Server VM (11.0.11+9-b60-7590822) for windows-amd64 JRE (11.0.11+9-b60-7590822), built on Jul 29 2021 21:43:44 by "builder" with MS VC++ 14.0 (VS2015)

END.
